[0.600s] Invoking command in '/home/ro/ros2_ws/src/py_pubsub': PYTHONPATH=/home/ro/ros2_ws/build/py_pubsub/prefix_override:/home/ro/ros2_ws/install/py_pubsub/lib/python3.8/site-packages:${PYTHONPATH} /usr/bin/python3 -W ignore:setup.py install is deprecated setup.py egg_info --egg-base ../../build/py_pubsub build --build-base /home/ro/ros2_ws/build/py_pubsub/build install --record /home/ro/ros2_ws/build/py_pubsub/install.log --install-scripts $base/lib/py_pubsub --single-version-externally-managed install_data
[0.805s] running egg_info
[0.806s] writing ../../build/py_pubsub/py_pubsub.egg-info/PKG-INFO
[0.807s] writing dependency_links to ../../build/py_pubsub/py_pubsub.egg-info/dependency_links.txt
[0.807s] writing entry points to ../../build/py_pubsub/py_pubsub.egg-info/entry_points.txt
[0.807s] writing requirements to ../../build/py_pubsub/py_pubsub.egg-info/requires.txt
[0.808s] writing top-level names to ../../build/py_pubsub/py_pubsub.egg-info/top_level.txt
[0.832s] reading manifest file '../../build/py_pubsub/py_pubsub.egg-info/SOURCES.txt'
[0.833s] writing manifest file '../../build/py_pubsub/py_pubsub.egg-info/SOURCES.txt'
[0.833s] running build
[0.833s] running build_py
[0.834s] running install
[0.835s] running install_lib
[0.835s] running install_data
[0.836s] running install_egg_info
[0.837s] removing '/home/ro/ros2_ws/install/py_pubsub/lib/python3.8/site-packages/py_pubsub-0.0.0-py3.8.egg-info' (and everything under it)
[0.837s] Copying ../../build/py_pubsub/py_pubsub.egg-info to /home/ro/ros2_ws/install/py_pubsub/lib/python3.8/site-packages/py_pubsub-0.0.0-py3.8.egg-info
[0.838s] running install_scripts
[0.854s] Installing listener script to /home/ro/ros2_ws/install/py_pubsub/lib/py_pubsub
[0.854s] Installing talker script to /home/ro/ros2_ws/install/py_pubsub/lib/py_pubsub
[0.854s] writing list of installed files to '/home/ro/ros2_ws/build/py_pubsub/install.log'
[0.873s] Invoked command in '/home/ro/ros2_ws/src/py_pubsub' returned '0': PYTHONPATH=/home/ro/ros2_ws/build/py_pubsub/prefix_override:/home/ro/ros2_ws/install/py_pubsub/lib/python3.8/site-packages:${PYTHONPATH} /usr/bin/python3 -W ignore:setup.py install is deprecated setup.py egg_info --egg-base ../../build/py_pubsub build --build-base /home/ro/ros2_ws/build/py_pubsub/build install --record /home/ro/ros2_ws/build/py_pubsub/install.log --install-scripts $base/lib/py_pubsub --single-version-externally-managed install_data
