[0.072s] Invoking command in '/home/ro/ros2_ws/build/tutorial_interfaces': CMAKE_PREFIX_PATH=${CMAKE_PREFIX_PATH}:/home/ro/ros2_ws/install/py_srvcli:/home/ro/ros2_ws/install/py_pubsub:/home/ro/ros2_ws/install/action_example:/opt/ros/foxy /usr/bin/cmake --build /home/ro/ros2_ws/build/tutorial_interfaces -- -j2 -l2
[1.038s] [  2%] Built target tutorial_interfaces__cpp
[1.060s] [ 12%] Built target tutorial_interfaces__rosidl_generator_c
[1.122s] [ 23%] Built target tutorial_interfaces__rosidl_typesupport_cpp
[1.174s] [ 34%] Built target tutorial_interfaces__rosidl_typesupport_fastrtps_cpp
[1.183s] [ 44%] Built target tutorial_interfaces__rosidl_typesupport_introspection_c
[1.225s] [ 55%] Built target tutorial_interfaces__rosidl_typesupport_c
[1.238s] [ 65%] Built target tutorial_interfaces__rosidl_typesupport_introspection_cpp
[1.281s] [ 76%] Built target tutorial_interfaces__rosidl_typesupport_fastrtps_c
[1.315s] [ 76%] Built target tutorial_interfaces
[1.354s] [ 78%] Built target tutorial_interfaces__py
[1.418s] [ 87%] Built target tutorial_interfaces__python
[1.453s] [ 91%] Built target tutorial_interfaces__rosidl_typesupport_c__pyext
[1.474s] [ 95%] Built target tutorial_interfaces__rosidl_typesupport_introspection_c__pyext
[1.511s] [100%] Built target tutorial_interfaces__rosidl_typesupport_fastrtps_c__pyext
[1.541s] Invoked command in '/home/ro/ros2_ws/build/tutorial_interfaces' returned '0': CMAKE_PREFIX_PATH=${CMAKE_PREFIX_PATH}:/home/ro/ros2_ws/install/py_srvcli:/home/ro/ros2_ws/install/py_pubsub:/home/ro/ros2_ws/install/action_example:/opt/ros/foxy /usr/bin/cmake --build /home/ro/ros2_ws/build/tutorial_interfaces -- -j2 -l2
[1.790s] Invoking command in '/home/ro/ros2_ws/build/tutorial_interfaces': CMAKE_PREFIX_PATH=${CMAKE_PREFIX_PATH}:/home/ro/ros2_ws/install/py_srvcli:/home/ro/ros2_ws/install/py_pubsub:/home/ro/ros2_ws/install/action_example:/opt/ros/foxy /usr/bin/cmake --install /home/ro/ros2_ws/build/tutorial_interfaces
[1.807s] -- Install configuration: ""
[1.809s] -- Up-to-date: /home/ro/ros2_ws/install/tutorial_interfaces/share/ament_index/resource_index/rosidl_interfaces/tutorial_interfaces
[1.811s] -- Up-to-date: /home/ro/ros2_ws/install/tutorial_interfaces/include/tutorial_interfaces
[1.813s] -- Up-to-date: /home/ro/ros2_ws/install/tutorial_interfaces/include/tutorial_interfaces/srv
[1.814s] -- Up-to-date: /home/ro/ros2_ws/install/tutorial_interfaces/include/tutorial_interfaces/srv/detail
[1.815s] -- Up-to-date: /home/ro/ros2_ws/install/tutorial_interfaces/include/tutorial_interfaces/srv/detail/add_three_ints__struct.h
[1.815s] -- Up-to-date: /home/ro/ros2_ws/install/tutorial_interfaces/include/tutorial_interfaces/srv/detail/add_three_ints__type_support.h
[1.816s] -- Up-to-date: /home/ro/ros2_ws/install/tutorial_interfaces/include/tutorial_interfaces/srv/detail/add_three_ints__functions.c
[1.816s] -- Up-to-date: /home/ro/ros2_ws/install/tutorial_interfaces/include/tutorial_interfaces/srv/detail/add_three_ints__functions.h
[1.817s] -- Up-to-date: /home/ro/ros2_ws/install/tutorial_interfaces/include/tutorial_interfaces/srv/add_three_ints.h
[1.818s] -- Up-to-date: /home/ro/ros2_ws/install/tutorial_interfaces/include/tutorial_interfaces/msg
[1.819s] -- Up-to-date: /home/ro/ros2_ws/install/tutorial_interfaces/include/tutorial_interfaces/msg/detail
[1.819s] -- Up-to-date: /home/ro/ros2_ws/install/tutorial_interfaces/include/tutorial_interfaces/msg/detail/num__type_support.h
[1.819s] -- Up-to-date: /home/ro/ros2_ws/install/tutorial_interfaces/include/tutorial_interfaces/msg/detail/sphere__type_support.h
[1.820s] -- Up-to-date: /home/ro/ros2_ws/install/tutorial_interfaces/include/tutorial_interfaces/msg/detail/num__functions.h
[1.820s] -- Up-to-date: /home/ro/ros2_ws/install/tutorial_interfaces/include/tutorial_interfaces/msg/detail/sphere__functions.h
[1.821s] -- Up-to-date: /home/ro/ros2_ws/install/tutorial_interfaces/include/tutorial_interfaces/msg/detail/num__struct.h
[1.821s] -- Up-to-date: /home/ro/ros2_ws/install/tutorial_interfaces/include/tutorial_interfaces/msg/detail/num__functions.c
[1.821s] -- Up-to-date: /home/ro/ros2_ws/install/tutorial_interfaces/include/tutorial_interfaces/msg/detail/sphere__struct.h
[1.822s] -- Up-to-date: /home/ro/ros2_ws/install/tutorial_interfaces/include/tutorial_interfaces/msg/detail/sphere__functions.c
[1.822s] -- Up-to-date: /home/ro/ros2_ws/install/tutorial_interfaces/include/tutorial_interfaces/msg/rosidl_generator_c__visibility_control.h
[1.823s] -- Up-to-date: /home/ro/ros2_ws/install/tutorial_interfaces/include/tutorial_interfaces/msg/num.h
[1.823s] -- Up-to-date: /home/ro/ros2_ws/install/tutorial_interfaces/include/tutorial_interfaces/msg/sphere.h
[1.823s] -- Up-to-date: /home/ro/ros2_ws/install/tutorial_interfaces/share/tutorial_interfaces/environment/library_path.sh
[1.823s] -- Up-to-date: /home/ro/ros2_ws/install/tutorial_interfaces/share/tutorial_interfaces/environment/library_path.dsv
[1.823s] -- Up-to-date: /home/ro/ros2_ws/install/tutorial_interfaces/lib/libtutorial_interfaces__rosidl_generator_c.so
[1.823s] -- Up-to-date: /home/ro/ros2_ws/install/tutorial_interfaces/include/tutorial_interfaces
[1.824s] -- Up-to-date: /home/ro/ros2_ws/install/tutorial_interfaces/include/tutorial_interfaces/srv
[1.824s] -- Up-to-date: /home/ro/ros2_ws/install/tutorial_interfaces/include/tutorial_interfaces/srv/detail
[1.824s] -- Up-to-date: /home/ro/ros2_ws/install/tutorial_interfaces/include/tutorial_interfaces/srv/detail/add_three_ints__rosidl_typesupport_fastrtps_c.h
[1.826s] -- Up-to-date: /home/ro/ros2_ws/install/tutorial_interfaces/include/tutorial_interfaces/msg
[1.827s] -- Up-to-date: /home/ro/ros2_ws/install/tutorial_interfaces/include/tutorial_interfaces/msg/detail
[1.827s] -- Up-to-date: /home/ro/ros2_ws/install/tutorial_interfaces/include/tutorial_interfaces/msg/detail/num__rosidl_typesupport_fastrtps_c.h
[1.827s] -- Up-to-date: /home/ro/ros2_ws/install/tutorial_interfaces/include/tutorial_interfaces/msg/detail/sphere__rosidl_typesupport_fastrtps_c.h
[1.827s] -- Up-to-date: /home/ro/ros2_ws/install/tutorial_interfaces/include/tutorial_interfaces/msg/rosidl_typesupport_fastrtps_c__visibility_control.h
[1.827s] -- Up-to-date: /home/ro/ros2_ws/install/tutorial_interfaces/lib/libtutorial_interfaces__rosidl_typesupport_fastrtps_c.so
[1.827s] -- Up-to-date: /home/ro/ros2_ws/install/tutorial_interfaces/include/tutorial_interfaces
[1.827s] -- Up-to-date: /home/ro/ros2_ws/install/tutorial_interfaces/include/tutorial_interfaces/srv
[1.827s] -- Up-to-date: /home/ro/ros2_ws/install/tutorial_interfaces/include/tutorial_interfaces/srv/detail
[1.827s] -- Up-to-date: /home/ro/ros2_ws/install/tutorial_interfaces/include/tutorial_interfaces/srv/detail/add_three_ints__rosidl_typesupport_fastrtps_cpp.hpp
[1.827s] -- Up-to-date: /home/ro/ros2_ws/install/tutorial_interfaces/include/tutorial_interfaces/srv/detail/dds_fastrtps
[1.827s] -- Up-to-date: /home/ro/ros2_ws/install/tutorial_interfaces/include/tutorial_interfaces/msg
[1.827s] -- Up-to-date: /home/ro/ros2_ws/install/tutorial_interfaces/include/tutorial_interfaces/msg/rosidl_typesupport_fastrtps_cpp__visibility_control.h
[1.827s] -- Up-to-date: /home/ro/ros2_ws/install/tutorial_interfaces/include/tutorial_interfaces/msg/detail
[1.827s] -- Up-to-date: /home/ro/ros2_ws/install/tutorial_interfaces/include/tutorial_interfaces/msg/detail/num__rosidl_typesupport_fastrtps_cpp.hpp
[1.830s] -- Up-to-date: /home/ro/ros2_ws/install/tutorial_interfaces/include/tutorial_interfaces/msg/detail/sphere__rosidl_typesupport_fastrtps_cpp.hpp
[1.830s] -- Up-to-date: /home/ro/ros2_ws/install/tutorial_interfaces/include/tutorial_interfaces/msg/detail/dds_fastrtps
[1.831s] -- Up-to-date: /home/ro/ros2_ws/install/tutorial_interfaces/lib/libtutorial_interfaces__rosidl_typesupport_fastrtps_cpp.so
[1.831s] -- Up-to-date: /home/ro/ros2_ws/install/tutorial_interfaces/include/tutorial_interfaces
[1.831s] -- Up-to-date: /home/ro/ros2_ws/install/tutorial_interfaces/include/tutorial_interfaces/srv
[1.831s] -- Up-to-date: /home/ro/ros2_ws/install/tutorial_interfaces/include/tutorial_interfaces/srv/detail
[1.831s] -- Up-to-date: /home/ro/ros2_ws/install/tutorial_interfaces/include/tutorial_interfaces/srv/detail/add_three_ints__type_support.c
[1.831s] -- Up-to-date: /home/ro/ros2_ws/install/tutorial_interfaces/include/tutorial_interfaces/srv/detail/add_three_ints__rosidl_typesupport_introspection_c.h
[1.831s] -- Up-to-date: /home/ro/ros2_ws/install/tutorial_interfaces/include/tutorial_interfaces/msg
[1.831s] -- Up-to-date: /home/ro/ros2_ws/install/tutorial_interfaces/include/tutorial_interfaces/msg/detail
[1.831s] -- Up-to-date: /home/ro/ros2_ws/install/tutorial_interfaces/include/tutorial_interfaces/msg/detail/sphere__type_support.c
[1.831s] -- Up-to-date: /home/ro/ros2_ws/install/tutorial_interfaces/include/tutorial_interfaces/msg/detail/num__rosidl_typesupport_introspection_c.h
[1.832s] -- Up-to-date: /home/ro/ros2_ws/install/tutorial_interfaces/include/tutorial_interfaces/msg/detail/sphere__rosidl_typesupport_introspection_c.h
[1.833s] -- Up-to-date: /home/ro/ros2_ws/install/tutorial_interfaces/include/tutorial_interfaces/msg/detail/num__type_support.c
[1.834s] -- Up-to-date: /home/ro/ros2_ws/install/tutorial_interfaces/include/tutorial_interfaces/msg/rosidl_typesupport_introspection_c__visibility_control.h
[1.842s] -- Up-to-date: /home/ro/ros2_ws/install/tutorial_interfaces/lib/libtutorial_interfaces__rosidl_typesupport_introspection_c.so
[1.842s] -- Up-to-date: /home/ro/ros2_ws/install/tutorial_interfaces/lib/libtutorial_interfaces__rosidl_typesupport_c.so
[1.842s] -- Up-to-date: /home/ro/ros2_ws/install/tutorial_interfaces/include/tutorial_interfaces
[1.842s] -- Up-to-date: /home/ro/ros2_ws/install/tutorial_interfaces/include/tutorial_interfaces/srv
[1.842s] -- Up-to-date: /home/ro/ros2_ws/install/tutorial_interfaces/include/tutorial_interfaces/srv/detail
[1.843s] -- Up-to-date: /home/ro/ros2_ws/install/tutorial_interfaces/include/tutorial_interfaces/srv/detail/add_three_ints__struct.hpp
[1.843s] -- Up-to-date: /home/ro/ros2_ws/install/tutorial_interfaces/include/tutorial_interfaces/srv/detail/add_three_ints__traits.hpp
[1.843s] -- Up-to-date: /home/ro/ros2_ws/install/tutorial_interfaces/include/tutorial_interfaces/srv/detail/add_three_ints__type_support.hpp
[1.843s] -- Up-to-date: /home/ro/ros2_ws/install/tutorial_interfaces/include/tutorial_interfaces/srv/detail/add_three_ints__builder.hpp
[1.843s] -- Up-to-date: /home/ro/ros2_ws/install/tutorial_interfaces/include/tutorial_interfaces/srv/add_three_ints.hpp
[1.843s] -- Up-to-date: /home/ro/ros2_ws/install/tutorial_interfaces/include/tutorial_interfaces/msg
[1.843s] -- Up-to-date: /home/ro/ros2_ws/install/tutorial_interfaces/include/tutorial_interfaces/msg/detail
[1.843s] -- Up-to-date: /home/ro/ros2_ws/install/tutorial_interfaces/include/tutorial_interfaces/msg/detail/sphere__type_support.hpp
[1.843s] -- Up-to-date: /home/ro/ros2_ws/install/tutorial_interfaces/include/tutorial_interfaces/msg/detail/sphere__struct.hpp
[1.843s] -- Up-to-date: /home/ro/ros2_ws/install/tutorial_interfaces/include/tutorial_interfaces/msg/detail/num__struct.hpp
[1.843s] -- Up-to-date: /home/ro/ros2_ws/install/tutorial_interfaces/include/tutorial_interfaces/msg/detail/num__traits.hpp
[1.843s] -- Up-to-date: /home/ro/ros2_ws/install/tutorial_interfaces/include/tutorial_interfaces/msg/detail/sphere__builder.hpp
[1.843s] -- Up-to-date: /home/ro/ros2_ws/install/tutorial_interfaces/include/tutorial_interfaces/msg/detail/num__type_support.hpp
[1.844s] -- Up-to-date: /home/ro/ros2_ws/install/tutorial_interfaces/include/tutorial_interfaces/msg/detail/sphere__traits.hpp
[1.844s] -- Up-to-date: /home/ro/ros2_ws/install/tutorial_interfaces/include/tutorial_interfaces/msg/detail/num__builder.hpp
[1.844s] -- Up-to-date: /home/ro/ros2_ws/install/tutorial_interfaces/include/tutorial_interfaces/msg/rosidl_generator_cpp__visibility_control.hpp
[1.844s] -- Up-to-date: /home/ro/ros2_ws/install/tutorial_interfaces/include/tutorial_interfaces/msg/num.hpp
[1.849s] -- Up-to-date: /home/ro/ros2_ws/install/tutorial_interfaces/include/tutorial_interfaces/msg/sphere.hpp
[1.849s] -- Up-to-date: /home/ro/ros2_ws/install/tutorial_interfaces/include/tutorial_interfaces
[1.849s] -- Up-to-date: /home/ro/ros2_ws/install/tutorial_interfaces/include/tutorial_interfaces/srv
[1.850s] -- Up-to-date: /home/ro/ros2_ws/install/tutorial_interfaces/include/tutorial_interfaces/srv/detail
[1.850s] -- Up-to-date: /home/ro/ros2_ws/install/tutorial_interfaces/include/tutorial_interfaces/srv/detail/add_three_ints__rosidl_typesupport_introspection_cpp.hpp
[1.850s] -- Up-to-date: /home/ro/ros2_ws/install/tutorial_interfaces/include/tutorial_interfaces/srv/detail/add_three_ints__type_support.cpp
[1.850s] -- Up-to-date: /home/ro/ros2_ws/install/tutorial_interfaces/include/tutorial_interfaces/msg
[1.850s] -- Up-to-date: /home/ro/ros2_ws/install/tutorial_interfaces/include/tutorial_interfaces/msg/detail
[1.850s] -- Up-to-date: /home/ro/ros2_ws/install/tutorial_interfaces/include/tutorial_interfaces/msg/detail/num__type_support.cpp
[1.850s] -- Up-to-date: /home/ro/ros2_ws/install/tutorial_interfaces/include/tutorial_interfaces/msg/detail/sphere__rosidl_typesupport_introspection_cpp.hpp
[1.850s] -- Up-to-date: /home/ro/ros2_ws/install/tutorial_interfaces/include/tutorial_interfaces/msg/detail/num__rosidl_typesupport_introspection_cpp.hpp
[1.850s] -- Up-to-date: /home/ro/ros2_ws/install/tutorial_interfaces/include/tutorial_interfaces/msg/detail/sphere__type_support.cpp
[1.850s] -- Up-to-date: /home/ro/ros2_ws/install/tutorial_interfaces/lib/libtutorial_interfaces__rosidl_typesupport_introspection_cpp.so
[1.852s] -- Up-to-date: /home/ro/ros2_ws/install/tutorial_interfaces/lib/libtutorial_interfaces__rosidl_typesupport_cpp.so
[1.852s] -- Up-to-date: /home/ro/ros2_ws/install/tutorial_interfaces/share/tutorial_interfaces/environment/pythonpath.sh
[1.853s] -- Up-to-date: /home/ro/ros2_ws/install/tutorial_interfaces/share/tutorial_interfaces/environment/pythonpath.dsv
[1.853s] -- Up-to-date: /home/ro/ros2_ws/install/tutorial_interfaces/lib/python3.8/site-packages/tutorial_interfaces/__init__.py
[1.901s] -- Up-to-date: /home/ro/ros2_ws/install/tutorial_interfaces/lib/python3.8/site-packages/tutorial_interfaces/msg
[1.902s] -- Up-to-date: /home/ro/ros2_ws/install/tutorial_interfaces/lib/python3.8/site-packages/tutorial_interfaces/msg/_num_s.c
[1.902s] -- Up-to-date: /home/ro/ros2_ws/install/tutorial_interfaces/lib/python3.8/site-packages/tutorial_interfaces/msg/_sphere.py
[1.903s] -- Up-to-date: /home/ro/ros2_ws/install/tutorial_interfaces/lib/python3.8/site-packages/tutorial_interfaces/msg/_num.py
[1.903s] -- Up-to-date: /home/ro/ros2_ws/install/tutorial_interfaces/lib/python3.8/site-packages/tutorial_interfaces/msg/_sphere_s.c
[1.903s] -- Up-to-date: /home/ro/ros2_ws/install/tutorial_interfaces/lib/python3.8/site-packages/tutorial_interfaces/msg/__init__.py
[1.904s] -- Up-to-date: /home/ro/ros2_ws/install/tutorial_interfaces/lib/python3.8/site-packages/tutorial_interfaces/srv
[1.904s] -- Up-to-date: /home/ro/ros2_ws/install/tutorial_interfaces/lib/python3.8/site-packages/tutorial_interfaces/srv/_add_three_ints_s.c
[1.904s] -- Up-to-date: /home/ro/ros2_ws/install/tutorial_interfaces/lib/python3.8/site-packages/tutorial_interfaces/srv/_add_three_ints.py
[1.904s] -- Up-to-date: /home/ro/ros2_ws/install/tutorial_interfaces/lib/python3.8/site-packages/tutorial_interfaces/srv/__init__.py
[1.906s] -- Up-to-date: /home/ro/ros2_ws/install/tutorial_interfaces/lib/python3.8/site-packages/tutorial_interfaces/tutorial_interfaces_s__rosidl_typesupport_fastrtps_c.cpython-38-x86_64-linux-gnu.so
[1.911s] -- Up-to-date: /home/ro/ros2_ws/install/tutorial_interfaces/lib/python3.8/site-packages/tutorial_interfaces/tutorial_interfaces_s__rosidl_typesupport_introspection_c.cpython-38-x86_64-linux-gnu.so
[1.919s] -- Up-to-date: /home/ro/ros2_ws/install/tutorial_interfaces/lib/python3.8/site-packages/tutorial_interfaces/tutorial_interfaces_s__rosidl_typesupport_c.cpython-38-x86_64-linux-gnu.so
[1.921s] -- Up-to-date: /home/ro/ros2_ws/install/tutorial_interfaces/lib/libtutorial_interfaces__python.so
[1.922s] -- Up-to-date: /home/ro/ros2_ws/install/tutorial_interfaces/share/tutorial_interfaces/msg/Num.idl
[1.923s] -- Up-to-date: /home/ro/ros2_ws/install/tutorial_interfaces/share/tutorial_interfaces/msg/Sphere.idl
[1.923s] -- Up-to-date: /home/ro/ros2_ws/install/tutorial_interfaces/share/tutorial_interfaces/srv/AddThreeInts.idl
[1.924s] -- Up-to-date: /home/ro/ros2_ws/install/tutorial_interfaces/share/tutorial_interfaces/msg/Num.msg
[1.924s] -- Up-to-date: /home/ro/ros2_ws/install/tutorial_interfaces/share/tutorial_interfaces/msg/Sphere.msg
[1.925s] -- Up-to-date: /home/ro/ros2_ws/install/tutorial_interfaces/share/tutorial_interfaces/srv/AddThreeInts.srv
[1.925s] -- Up-to-date: /home/ro/ros2_ws/install/tutorial_interfaces/share/tutorial_interfaces/srv/AddThreeInts_Request.msg
[1.925s] -- Up-to-date: /home/ro/ros2_ws/install/tutorial_interfaces/share/tutorial_interfaces/srv/AddThreeInts_Response.msg
[1.926s] -- Up-to-date: /home/ro/ros2_ws/install/tutorial_interfaces/share/ament_index/resource_index/package_run_dependencies/tutorial_interfaces
[1.927s] -- Up-to-date: /home/ro/ros2_ws/install/tutorial_interfaces/share/ament_index/resource_index/parent_prefix_path/tutorial_interfaces
[1.927s] -- Up-to-date: /home/ro/ros2_ws/install/tutorial_interfaces/share/tutorial_interfaces/environment/ament_prefix_path.sh
[1.928s] -- Up-to-date: /home/ro/ros2_ws/install/tutorial_interfaces/share/tutorial_interfaces/environment/ament_prefix_path.dsv
[1.928s] -- Up-to-date: /home/ro/ros2_ws/install/tutorial_interfaces/share/tutorial_interfaces/environment/path.sh
[1.928s] -- Up-to-date: /home/ro/ros2_ws/install/tutorial_interfaces/share/tutorial_interfaces/environment/path.dsv
[1.928s] -- Up-to-date: /home/ro/ros2_ws/install/tutorial_interfaces/share/tutorial_interfaces/local_setup.bash
[1.929s] -- Up-to-date: /home/ro/ros2_ws/install/tutorial_interfaces/share/tutorial_interfaces/local_setup.sh
[1.929s] -- Up-to-date: /home/ro/ros2_ws/install/tutorial_interfaces/share/tutorial_interfaces/local_setup.zsh
[1.929s] -- Up-to-date: /home/ro/ros2_ws/install/tutorial_interfaces/share/tutorial_interfaces/local_setup.dsv
[1.929s] -- Installing: /home/ro/ros2_ws/install/tutorial_interfaces/share/tutorial_interfaces/package.dsv
[1.931s] -- Up-to-date: /home/ro/ros2_ws/install/tutorial_interfaces/share/ament_index/resource_index/packages/tutorial_interfaces
[1.936s] -- Up-to-date: /home/ro/ros2_ws/install/tutorial_interfaces/share/tutorial_interfaces/cmake/tutorial_interfaces__rosidl_generator_cExport.cmake
[1.936s] -- Up-to-date: /home/ro/ros2_ws/install/tutorial_interfaces/share/tutorial_interfaces/cmake/tutorial_interfaces__rosidl_generator_cExport-noconfig.cmake
[1.939s] -- Up-to-date: /home/ro/ros2_ws/install/tutorial_interfaces/share/tutorial_interfaces/cmake/tutorial_interfaces__rosidl_typesupport_introspection_cExport.cmake
[1.940s] -- Up-to-date: /home/ro/ros2_ws/install/tutorial_interfaces/share/tutorial_interfaces/cmake/tutorial_interfaces__rosidl_typesupport_introspection_cExport-noconfig.cmake
[1.942s] -- Up-to-date: /home/ro/ros2_ws/install/tutorial_interfaces/share/tutorial_interfaces/cmake/tutorial_interfaces__rosidl_typesupport_cExport.cmake
[1.943s] -- Up-to-date: /home/ro/ros2_ws/install/tutorial_interfaces/share/tutorial_interfaces/cmake/tutorial_interfaces__rosidl_typesupport_cExport-noconfig.cmake
[1.944s] -- Up-to-date: /home/ro/ros2_ws/install/tutorial_interfaces/share/tutorial_interfaces/cmake/tutorial_interfaces__rosidl_generator_cppExport.cmake
[1.946s] -- Up-to-date: /home/ro/ros2_ws/install/tutorial_interfaces/share/tutorial_interfaces/cmake/tutorial_interfaces__rosidl_typesupport_introspection_cppExport.cmake
[1.946s] -- Up-to-date: /home/ro/ros2_ws/install/tutorial_interfaces/share/tutorial_interfaces/cmake/tutorial_interfaces__rosidl_typesupport_introspection_cppExport-noconfig.cmake
[1.948s] -- Up-to-date: /home/ro/ros2_ws/install/tutorial_interfaces/share/tutorial_interfaces/cmake/tutorial_interfaces__rosidl_typesupport_cppExport.cmake
[1.948s] -- Up-to-date: /home/ro/ros2_ws/install/tutorial_interfaces/share/tutorial_interfaces/cmake/tutorial_interfaces__rosidl_typesupport_cppExport-noconfig.cmake
[1.948s] -- Up-to-date: /home/ro/ros2_ws/install/tutorial_interfaces/share/tutorial_interfaces/cmake/rosidl_cmake-extras.cmake
[1.948s] -- Up-to-date: /home/ro/ros2_ws/install/tutorial_interfaces/share/tutorial_interfaces/cmake/ament_cmake_export_dependencies-extras.cmake
[1.949s] -- Up-to-date: /home/ro/ros2_ws/install/tutorial_interfaces/share/tutorial_interfaces/cmake/ament_cmake_export_libraries-extras.cmake
[1.949s] -- Up-to-date: /home/ro/ros2_ws/install/tutorial_interfaces/share/tutorial_interfaces/cmake/ament_cmake_export_targets-extras.cmake
[1.949s] -- Up-to-date: /home/ro/ros2_ws/install/tutorial_interfaces/share/tutorial_interfaces/cmake/ament_cmake_export_include_directories-extras.cmake
[1.949s] -- Up-to-date: /home/ro/ros2_ws/install/tutorial_interfaces/share/tutorial_interfaces/cmake/rosidl_cmake_export_typesupport_libraries-extras.cmake
[1.949s] -- Up-to-date: /home/ro/ros2_ws/install/tutorial_interfaces/share/tutorial_interfaces/cmake/rosidl_cmake_export_typesupport_targets-extras.cmake
[1.950s] -- Up-to-date: /home/ro/ros2_ws/install/tutorial_interfaces/share/tutorial_interfaces/cmake/tutorial_interfacesConfig.cmake
[1.950s] -- Up-to-date: /home/ro/ros2_ws/install/tutorial_interfaces/share/tutorial_interfaces/cmake/tutorial_interfacesConfig-version.cmake
[1.950s] -- Up-to-date: /home/ro/ros2_ws/install/tutorial_interfaces/share/tutorial_interfaces/package.xml
[1.954s] Invoked command in '/home/ro/ros2_ws/build/tutorial_interfaces' returned '0': CMAKE_PREFIX_PATH=${CMAKE_PREFIX_PATH}:/home/ro/ros2_ws/install/py_srvcli:/home/ro/ros2_ws/install/py_pubsub:/home/ro/ros2_ws/install/action_example:/opt/ros/foxy /usr/bin/cmake --install /home/ro/ros2_ws/build/tutorial_interfaces
