[0.084s] Invoking command in '/home/ro/ros2_ws/build/tutorial_interfaces': CMAKE_PREFIX_PATH=${CMAKE_PREFIX_PATH}:/home/ro/ros2_ws/install/py_srvcli:/home/ro/ros2_ws/install/py_pubsub:/home/ro/ros2_ws/install/action_example:/opt/ros/foxy /usr/bin/cmake --build /home/ro/ros2_ws/build/tutorial_interfaces -- -j2 -l2
[0.303s] -- Found ament_cmake: 0.9.12 (/opt/ros/foxy/share/ament_cmake/cmake)
[0.346s] -- Found PythonInterp: /usr/bin/python3 (found suitable version "3.8.10", minimum required is "3") 
[0.346s] -- Using PYTHON_EXECUTABLE: /usr/bin/python3
[0.569s] -- Found ament_lint_auto: 0.9.8 (/opt/ros/foxy/share/ament_lint_auto/cmake)
[0.693s] -- Found geometry_msgs: 2.0.5 (/opt/ros/foxy/share/geometry_msgs/cmake)
[0.813s] -- Using all available rosidl_typesupport_c: rosidl_typesupport_fastrtps_c;rosidl_typesupport_introspection_c
[0.822s] -- Found rosidl_adapter: 1.3.1 (/opt/ros/foxy/share/rosidl_adapter/cmake)
[1.070s] -- Using all available rosidl_typesupport_cpp: rosidl_typesupport_fastrtps_cpp;rosidl_typesupport_introspection_cpp
[1.174s] -- Found rosidl_default_generators: 1.0.1 (/opt/ros/foxy/share/rosidl_default_generators/cmake)
[1.222s] -- Found PythonInterp: /usr/bin/python3 (found version "3.8.10") 
[1.371s] -- Found ament_cmake_ros: 0.9.2 (/opt/ros/foxy/share/ament_cmake_ros/cmake)
[1.608s] -- Using all available rosidl_typesupport_c: rosidl_typesupport_fastrtps_c;rosidl_typesupport_introspection_c
[1.713s] -- Using all available rosidl_typesupport_cpp: rosidl_typesupport_fastrtps_cpp;rosidl_typesupport_introspection_cpp
[1.739s] -- Found PythonInterp: /usr/bin/python3 (found suitable version "3.8.10", minimum required is "3.5") 
[1.742s] -- Found python_cmake_module: 0.8.1 (/opt/ros/foxy/share/python_cmake_module/cmake)
[1.767s] -- Using PYTHON_EXECUTABLE: /usr/bin/python3
[1.768s] -- Using PYTHON_INCLUDE_DIRS: /usr/include/python3.8
[1.768s] -- Using PYTHON_LIBRARIES: /usr/lib/x86_64-linux-gnu/libpython3.8.so
[1.825s] -- Added test 'copyright' to check source files copyright and LICENSE
[1.833s] -- Added test 'lint_cmake' to check CMake code style
[1.835s] -- Added test 'xmllint' to check XML markup files
[1.856s] -- Configuring done
[2.087s] -- Generating done
[2.106s] -- Build files have been written to: /home/ro/ros2_ws/build/tutorial_interfaces
[2.180s] [  2%] Built target tutorial_interfaces__cpp
[2.190s] [ 12%] Built target tutorial_interfaces__rosidl_generator_c
[2.214s] [ 23%] Built target tutorial_interfaces__rosidl_typesupport_cpp
[2.235s] [ 34%] Built target tutorial_interfaces__rosidl_typesupport_fastrtps_cpp
[2.253s] [ 44%] Built target tutorial_interfaces__rosidl_typesupport_introspection_c
[2.273s] [ 55%] Built target tutorial_interfaces__rosidl_typesupport_c
[2.293s] [ 65%] Built target tutorial_interfaces__rosidl_typesupport_introspection_cpp
[2.326s] [ 76%] Built target tutorial_interfaces__rosidl_typesupport_fastrtps_c
[2.357s] [ 76%] Built target tutorial_interfaces
[2.378s] [ 78%] Built target tutorial_interfaces__py
[2.411s] [ 87%] Built target tutorial_interfaces__python
[2.439s] [ 91%] Built target tutorial_interfaces__rosidl_typesupport_introspection_c__pyext
[2.442s] [ 95%] Built target tutorial_interfaces__rosidl_typesupport_c__pyext
[2.480s] [100%] Built target tutorial_interfaces__rosidl_typesupport_fastrtps_c__pyext
[2.533s] Invoked command in '/home/ro/ros2_ws/build/tutorial_interfaces' returned '0': CMAKE_PREFIX_PATH=${CMAKE_PREFIX_PATH}:/home/ro/ros2_ws/install/py_srvcli:/home/ro/ros2_ws/install/py_pubsub:/home/ro/ros2_ws/install/action_example:/opt/ros/foxy /usr/bin/cmake --build /home/ro/ros2_ws/build/tutorial_interfaces -- -j2 -l2
[2.693s] Invoking command in '/home/ro/ros2_ws/build/tutorial_interfaces': CMAKE_PREFIX_PATH=${CMAKE_PREFIX_PATH}:/home/ro/ros2_ws/install/py_srvcli:/home/ro/ros2_ws/install/py_pubsub:/home/ro/ros2_ws/install/action_example:/opt/ros/foxy /usr/bin/cmake --install /home/ro/ros2_ws/build/tutorial_interfaces
[2.711s] -- Install configuration: ""
[2.711s] -- Up-to-date: /home/ro/ros2_ws/install/tutorial_interfaces/share/ament_index/resource_index/rosidl_interfaces/tutorial_interfaces
[2.714s] -- Up-to-date: /home/ro/ros2_ws/install/tutorial_interfaces/include/tutorial_interfaces
[2.714s] -- Up-to-date: /home/ro/ros2_ws/install/tutorial_interfaces/include/tutorial_interfaces/srv
[2.715s] -- Up-to-date: /home/ro/ros2_ws/install/tutorial_interfaces/include/tutorial_interfaces/srv/detail
[2.716s] -- Up-to-date: /home/ro/ros2_ws/install/tutorial_interfaces/include/tutorial_interfaces/srv/detail/add_three_ints__struct.h
[2.717s] -- Up-to-date: /home/ro/ros2_ws/install/tutorial_interfaces/include/tutorial_interfaces/srv/detail/add_three_ints__type_support.h
[2.717s] -- Up-to-date: /home/ro/ros2_ws/install/tutorial_interfaces/include/tutorial_interfaces/srv/detail/add_three_ints__functions.c
[2.717s] -- Up-to-date: /home/ro/ros2_ws/install/tutorial_interfaces/include/tutorial_interfaces/srv/detail/add_three_ints__functions.h
[2.717s] -- Up-to-date: /home/ro/ros2_ws/install/tutorial_interfaces/include/tutorial_interfaces/srv/add_three_ints.h
[2.718s] -- Up-to-date: /home/ro/ros2_ws/install/tutorial_interfaces/include/tutorial_interfaces/msg
[2.718s] -- Up-to-date: /home/ro/ros2_ws/install/tutorial_interfaces/include/tutorial_interfaces/msg/detail
[2.718s] -- Up-to-date: /home/ro/ros2_ws/install/tutorial_interfaces/include/tutorial_interfaces/msg/detail/num__type_support.h
[2.720s] -- Up-to-date: /home/ro/ros2_ws/install/tutorial_interfaces/include/tutorial_interfaces/msg/detail/sphere__type_support.h
[2.720s] -- Up-to-date: /home/ro/ros2_ws/install/tutorial_interfaces/include/tutorial_interfaces/msg/detail/num__functions.h
[2.720s] -- Up-to-date: /home/ro/ros2_ws/install/tutorial_interfaces/include/tutorial_interfaces/msg/detail/sphere__functions.h
[2.721s] -- Up-to-date: /home/ro/ros2_ws/install/tutorial_interfaces/include/tutorial_interfaces/msg/detail/num__struct.h
[2.721s] -- Up-to-date: /home/ro/ros2_ws/install/tutorial_interfaces/include/tutorial_interfaces/msg/detail/num__functions.c
[2.721s] -- Up-to-date: /home/ro/ros2_ws/install/tutorial_interfaces/include/tutorial_interfaces/msg/detail/sphere__struct.h
[2.721s] -- Up-to-date: /home/ro/ros2_ws/install/tutorial_interfaces/include/tutorial_interfaces/msg/detail/sphere__functions.c
[2.721s] -- Up-to-date: /home/ro/ros2_ws/install/tutorial_interfaces/include/tutorial_interfaces/msg/rosidl_generator_c__visibility_control.h
[2.722s] -- Up-to-date: /home/ro/ros2_ws/install/tutorial_interfaces/include/tutorial_interfaces/msg/num.h
[2.722s] -- Up-to-date: /home/ro/ros2_ws/install/tutorial_interfaces/include/tutorial_interfaces/msg/sphere.h
[2.722s] -- Up-to-date: /home/ro/ros2_ws/install/tutorial_interfaces/share/tutorial_interfaces/environment/library_path.sh
[2.722s] -- Installing: /home/ro/ros2_ws/install/tutorial_interfaces/share/tutorial_interfaces/environment/library_path.dsv
[2.723s] -- Up-to-date: /home/ro/ros2_ws/install/tutorial_interfaces/lib/libtutorial_interfaces__rosidl_generator_c.so
[2.723s] -- Up-to-date: /home/ro/ros2_ws/install/tutorial_interfaces/include/tutorial_interfaces
[2.724s] -- Up-to-date: /home/ro/ros2_ws/install/tutorial_interfaces/include/tutorial_interfaces/srv
[2.724s] -- Up-to-date: /home/ro/ros2_ws/install/tutorial_interfaces/include/tutorial_interfaces/srv/detail
[2.724s] -- Up-to-date: /home/ro/ros2_ws/install/tutorial_interfaces/include/tutorial_interfaces/srv/detail/add_three_ints__rosidl_typesupport_fastrtps_c.h
[2.724s] -- Up-to-date: /home/ro/ros2_ws/install/tutorial_interfaces/include/tutorial_interfaces/msg
[2.724s] -- Up-to-date: /home/ro/ros2_ws/install/tutorial_interfaces/include/tutorial_interfaces/msg/detail
[2.724s] -- Up-to-date: /home/ro/ros2_ws/install/tutorial_interfaces/include/tutorial_interfaces/msg/detail/num__rosidl_typesupport_fastrtps_c.h
[2.724s] -- Up-to-date: /home/ro/ros2_ws/install/tutorial_interfaces/include/tutorial_interfaces/msg/detail/sphere__rosidl_typesupport_fastrtps_c.h
[2.724s] -- Up-to-date: /home/ro/ros2_ws/install/tutorial_interfaces/include/tutorial_interfaces/msg/rosidl_typesupport_fastrtps_c__visibility_control.h
[2.724s] -- Up-to-date: /home/ro/ros2_ws/install/tutorial_interfaces/lib/libtutorial_interfaces__rosidl_typesupport_fastrtps_c.so
[2.724s] -- Up-to-date: /home/ro/ros2_ws/install/tutorial_interfaces/include/tutorial_interfaces
[2.724s] -- Up-to-date: /home/ro/ros2_ws/install/tutorial_interfaces/include/tutorial_interfaces/srv
[2.724s] -- Up-to-date: /home/ro/ros2_ws/install/tutorial_interfaces/include/tutorial_interfaces/srv/detail
[2.725s] -- Up-to-date: /home/ro/ros2_ws/install/tutorial_interfaces/include/tutorial_interfaces/srv/detail/add_three_ints__rosidl_typesupport_fastrtps_cpp.hpp
[2.725s] -- Up-to-date: /home/ro/ros2_ws/install/tutorial_interfaces/include/tutorial_interfaces/srv/detail/dds_fastrtps
[2.725s] -- Up-to-date: /home/ro/ros2_ws/install/tutorial_interfaces/include/tutorial_interfaces/msg
[2.725s] -- Up-to-date: /home/ro/ros2_ws/install/tutorial_interfaces/include/tutorial_interfaces/msg/rosidl_typesupport_fastrtps_cpp__visibility_control.h
[2.725s] -- Up-to-date: /home/ro/ros2_ws/install/tutorial_interfaces/include/tutorial_interfaces/msg/detail
[2.725s] -- Up-to-date: /home/ro/ros2_ws/install/tutorial_interfaces/include/tutorial_interfaces/msg/detail/num__rosidl_typesupport_fastrtps_cpp.hpp
[2.725s] -- Up-to-date: /home/ro/ros2_ws/install/tutorial_interfaces/include/tutorial_interfaces/msg/detail/sphere__rosidl_typesupport_fastrtps_cpp.hpp
[2.725s] -- Up-to-date: /home/ro/ros2_ws/install/tutorial_interfaces/include/tutorial_interfaces/msg/detail/dds_fastrtps
[2.725s] -- Up-to-date: /home/ro/ros2_ws/install/tutorial_interfaces/lib/libtutorial_interfaces__rosidl_typesupport_fastrtps_cpp.so
[2.725s] -- Up-to-date: /home/ro/ros2_ws/install/tutorial_interfaces/include/tutorial_interfaces
[2.725s] -- Up-to-date: /home/ro/ros2_ws/install/tutorial_interfaces/include/tutorial_interfaces/srv
[2.725s] -- Up-to-date: /home/ro/ros2_ws/install/tutorial_interfaces/include/tutorial_interfaces/srv/detail
[2.725s] -- Up-to-date: /home/ro/ros2_ws/install/tutorial_interfaces/include/tutorial_interfaces/srv/detail/add_three_ints__type_support.c
[2.725s] -- Up-to-date: /home/ro/ros2_ws/install/tutorial_interfaces/include/tutorial_interfaces/srv/detail/add_three_ints__rosidl_typesupport_introspection_c.h
[2.725s] -- Up-to-date: /home/ro/ros2_ws/install/tutorial_interfaces/include/tutorial_interfaces/msg
[2.725s] -- Up-to-date: /home/ro/ros2_ws/install/tutorial_interfaces/include/tutorial_interfaces/msg/detail
[2.726s] -- Up-to-date: /home/ro/ros2_ws/install/tutorial_interfaces/include/tutorial_interfaces/msg/detail/sphere__type_support.c
[2.730s] -- Up-to-date: /home/ro/ros2_ws/install/tutorial_interfaces/include/tutorial_interfaces/msg/detail/num__rosidl_typesupport_introspection_c.h
[2.730s] -- Up-to-date: /home/ro/ros2_ws/install/tutorial_interfaces/include/tutorial_interfaces/msg/detail/sphere__rosidl_typesupport_introspection_c.h
[2.730s] -- Up-to-date: /home/ro/ros2_ws/install/tutorial_interfaces/include/tutorial_interfaces/msg/detail/num__type_support.c
[2.730s] -- Up-to-date: /home/ro/ros2_ws/install/tutorial_interfaces/include/tutorial_interfaces/msg/rosidl_typesupport_introspection_c__visibility_control.h
[2.730s] -- Up-to-date: /home/ro/ros2_ws/install/tutorial_interfaces/lib/libtutorial_interfaces__rosidl_typesupport_introspection_c.so
[2.730s] -- Up-to-date: /home/ro/ros2_ws/install/tutorial_interfaces/lib/libtutorial_interfaces__rosidl_typesupport_c.so
[2.730s] -- Up-to-date: /home/ro/ros2_ws/install/tutorial_interfaces/include/tutorial_interfaces
[2.730s] -- Up-to-date: /home/ro/ros2_ws/install/tutorial_interfaces/include/tutorial_interfaces/srv
[2.730s] -- Up-to-date: /home/ro/ros2_ws/install/tutorial_interfaces/include/tutorial_interfaces/srv/detail
[2.730s] -- Up-to-date: /home/ro/ros2_ws/install/tutorial_interfaces/include/tutorial_interfaces/srv/detail/add_three_ints__struct.hpp
[2.730s] -- Up-to-date: /home/ro/ros2_ws/install/tutorial_interfaces/include/tutorial_interfaces/srv/detail/add_three_ints__traits.hpp
[2.731s] -- Up-to-date: /home/ro/ros2_ws/install/tutorial_interfaces/include/tutorial_interfaces/srv/detail/add_three_ints__type_support.hpp
[2.732s] -- Up-to-date: /home/ro/ros2_ws/install/tutorial_interfaces/include/tutorial_interfaces/srv/detail/add_three_ints__builder.hpp
[2.732s] -- Up-to-date: /home/ro/ros2_ws/install/tutorial_interfaces/include/tutorial_interfaces/srv/add_three_ints.hpp
[2.733s] -- Up-to-date: /home/ro/ros2_ws/install/tutorial_interfaces/include/tutorial_interfaces/msg
[2.733s] -- Up-to-date: /home/ro/ros2_ws/install/tutorial_interfaces/include/tutorial_interfaces/msg/detail
[2.733s] -- Up-to-date: /home/ro/ros2_ws/install/tutorial_interfaces/include/tutorial_interfaces/msg/detail/sphere__type_support.hpp
[2.733s] -- Up-to-date: /home/ro/ros2_ws/install/tutorial_interfaces/include/tutorial_interfaces/msg/detail/sphere__struct.hpp
[2.733s] -- Up-to-date: /home/ro/ros2_ws/install/tutorial_interfaces/include/tutorial_interfaces/msg/detail/num__struct.hpp
[2.734s] -- Up-to-date: /home/ro/ros2_ws/install/tutorial_interfaces/include/tutorial_interfaces/msg/detail/num__traits.hpp
[2.734s] -- Up-to-date: /home/ro/ros2_ws/install/tutorial_interfaces/include/tutorial_interfaces/msg/detail/sphere__builder.hpp
[2.734s] -- Up-to-date: /home/ro/ros2_ws/install/tutorial_interfaces/include/tutorial_interfaces/msg/detail/num__type_support.hpp
[2.734s] -- Up-to-date: /home/ro/ros2_ws/install/tutorial_interfaces/include/tutorial_interfaces/msg/detail/sphere__traits.hpp
[2.734s] -- Up-to-date: /home/ro/ros2_ws/install/tutorial_interfaces/include/tutorial_interfaces/msg/detail/num__builder.hpp
[2.734s] -- Up-to-date: /home/ro/ros2_ws/install/tutorial_interfaces/include/tutorial_interfaces/msg/rosidl_generator_cpp__visibility_control.hpp
[2.734s] -- Up-to-date: /home/ro/ros2_ws/install/tutorial_interfaces/include/tutorial_interfaces/msg/num.hpp
[2.734s] -- Up-to-date: /home/ro/ros2_ws/install/tutorial_interfaces/include/tutorial_interfaces/msg/sphere.hpp
[2.734s] -- Up-to-date: /home/ro/ros2_ws/install/tutorial_interfaces/include/tutorial_interfaces
[2.737s] -- Up-to-date: /home/ro/ros2_ws/install/tutorial_interfaces/include/tutorial_interfaces/srv
[2.740s] -- Up-to-date: /home/ro/ros2_ws/install/tutorial_interfaces/include/tutorial_interfaces/srv/detail
[2.740s] -- Up-to-date: /home/ro/ros2_ws/install/tutorial_interfaces/include/tutorial_interfaces/srv/detail/add_three_ints__rosidl_typesupport_introspection_cpp.hpp
[2.740s] -- Up-to-date: /home/ro/ros2_ws/install/tutorial_interfaces/include/tutorial_interfaces/srv/detail/add_three_ints__type_support.cpp
[2.740s] -- Up-to-date: /home/ro/ros2_ws/install/tutorial_interfaces/include/tutorial_interfaces/msg
[2.740s] -- Up-to-date: /home/ro/ros2_ws/install/tutorial_interfaces/include/tutorial_interfaces/msg/detail
[2.740s] -- Up-to-date: /home/ro/ros2_ws/install/tutorial_interfaces/include/tutorial_interfaces/msg/detail/num__type_support.cpp
[2.740s] -- Up-to-date: /home/ro/ros2_ws/install/tutorial_interfaces/include/tutorial_interfaces/msg/detail/sphere__rosidl_typesupport_introspection_cpp.hpp
[2.740s] -- Up-to-date: /home/ro/ros2_ws/install/tutorial_interfaces/include/tutorial_interfaces/msg/detail/num__rosidl_typesupport_introspection_cpp.hpp
[2.740s] -- Up-to-date: /home/ro/ros2_ws/install/tutorial_interfaces/include/tutorial_interfaces/msg/detail/sphere__type_support.cpp
[2.740s] -- Up-to-date: /home/ro/ros2_ws/install/tutorial_interfaces/lib/libtutorial_interfaces__rosidl_typesupport_introspection_cpp.so
[2.740s] -- Up-to-date: /home/ro/ros2_ws/install/tutorial_interfaces/lib/libtutorial_interfaces__rosidl_typesupport_cpp.so
[2.740s] -- Up-to-date: /home/ro/ros2_ws/install/tutorial_interfaces/share/tutorial_interfaces/environment/pythonpath.sh
[2.740s] -- Installing: /home/ro/ros2_ws/install/tutorial_interfaces/share/tutorial_interfaces/environment/pythonpath.dsv
[2.740s] -- Installing: /home/ro/ros2_ws/install/tutorial_interfaces/lib/python3.8/site-packages/tutorial_interfaces/__init__.py
[2.788s] Compiling '/home/ro/ros2_ws/install/tutorial_interfaces/lib/python3.8/site-packages/tutorial_interfaces/__init__.py'...
[2.792s] -- Up-to-date: /home/ro/ros2_ws/install/tutorial_interfaces/lib/python3.8/site-packages/tutorial_interfaces/msg
[2.792s] -- Up-to-date: /home/ro/ros2_ws/install/tutorial_interfaces/lib/python3.8/site-packages/tutorial_interfaces/msg/_num_s.c
[2.792s] -- Up-to-date: /home/ro/ros2_ws/install/tutorial_interfaces/lib/python3.8/site-packages/tutorial_interfaces/msg/_sphere.py
[2.792s] -- Up-to-date: /home/ro/ros2_ws/install/tutorial_interfaces/lib/python3.8/site-packages/tutorial_interfaces/msg/_num.py
[2.793s] -- Up-to-date: /home/ro/ros2_ws/install/tutorial_interfaces/lib/python3.8/site-packages/tutorial_interfaces/msg/_sphere_s.c
[2.793s] -- Up-to-date: /home/ro/ros2_ws/install/tutorial_interfaces/lib/python3.8/site-packages/tutorial_interfaces/msg/__init__.py
[2.793s] -- Up-to-date: /home/ro/ros2_ws/install/tutorial_interfaces/lib/python3.8/site-packages/tutorial_interfaces/srv
[2.793s] -- Up-to-date: /home/ro/ros2_ws/install/tutorial_interfaces/lib/python3.8/site-packages/tutorial_interfaces/srv/_add_three_ints_s.c
[2.793s] -- Up-to-date: /home/ro/ros2_ws/install/tutorial_interfaces/lib/python3.8/site-packages/tutorial_interfaces/srv/_add_three_ints.py
[2.793s] -- Up-to-date: /home/ro/ros2_ws/install/tutorial_interfaces/lib/python3.8/site-packages/tutorial_interfaces/srv/__init__.py
[2.794s] -- Up-to-date: /home/ro/ros2_ws/install/tutorial_interfaces/lib/python3.8/site-packages/tutorial_interfaces/tutorial_interfaces_s__rosidl_typesupport_fastrtps_c.cpython-38-x86_64-linux-gnu.so
[2.796s] -- Up-to-date: /home/ro/ros2_ws/install/tutorial_interfaces/lib/python3.8/site-packages/tutorial_interfaces/tutorial_interfaces_s__rosidl_typesupport_introspection_c.cpython-38-x86_64-linux-gnu.so
[2.798s] -- Up-to-date: /home/ro/ros2_ws/install/tutorial_interfaces/lib/python3.8/site-packages/tutorial_interfaces/tutorial_interfaces_s__rosidl_typesupport_c.cpython-38-x86_64-linux-gnu.so
[2.799s] -- Up-to-date: /home/ro/ros2_ws/install/tutorial_interfaces/lib/libtutorial_interfaces__python.so
[2.800s] -- Up-to-date: /home/ro/ros2_ws/install/tutorial_interfaces/share/tutorial_interfaces/msg/Num.idl
[2.800s] -- Up-to-date: /home/ro/ros2_ws/install/tutorial_interfaces/share/tutorial_interfaces/msg/Sphere.idl
[2.800s] -- Up-to-date: /home/ro/ros2_ws/install/tutorial_interfaces/share/tutorial_interfaces/srv/AddThreeInts.idl
[2.800s] -- Up-to-date: /home/ro/ros2_ws/install/tutorial_interfaces/share/tutorial_interfaces/msg/Num.msg
[2.800s] -- Installing: /home/ro/ros2_ws/install/tutorial_interfaces/share/tutorial_interfaces/msg/Sphere.msg
[2.801s] -- Installing: /home/ro/ros2_ws/install/tutorial_interfaces/share/tutorial_interfaces/srv/AddThreeInts.srv
[2.803s] -- Installing: /home/ro/ros2_ws/install/tutorial_interfaces/share/tutorial_interfaces/srv/AddThreeInts_Request.msg
[2.803s] -- Up-to-date: /home/ro/ros2_ws/install/tutorial_interfaces/share/tutorial_interfaces/srv/AddThreeInts_Response.msg
[2.803s] -- Up-to-date: /home/ro/ros2_ws/install/tutorial_interfaces/share/ament_index/resource_index/package_run_dependencies/tutorial_interfaces
[2.803s] -- Installing: /home/ro/ros2_ws/install/tutorial_interfaces/share/ament_index/resource_index/parent_prefix_path/tutorial_interfaces
[2.803s] -- Up-to-date: /home/ro/ros2_ws/install/tutorial_interfaces/share/tutorial_interfaces/environment/ament_prefix_path.sh
[2.803s] -- Installing: /home/ro/ros2_ws/install/tutorial_interfaces/share/tutorial_interfaces/environment/ament_prefix_path.dsv
[2.803s] -- Up-to-date: /home/ro/ros2_ws/install/tutorial_interfaces/share/tutorial_interfaces/environment/path.sh
[2.803s] -- Installing: /home/ro/ros2_ws/install/tutorial_interfaces/share/tutorial_interfaces/environment/path.dsv
[2.804s] -- Up-to-date: /home/ro/ros2_ws/install/tutorial_interfaces/share/tutorial_interfaces/local_setup.bash
[2.804s] -- Up-to-date: /home/ro/ros2_ws/install/tutorial_interfaces/share/tutorial_interfaces/local_setup.sh
[2.804s] -- Up-to-date: /home/ro/ros2_ws/install/tutorial_interfaces/share/tutorial_interfaces/local_setup.zsh
[2.804s] -- Installing: /home/ro/ros2_ws/install/tutorial_interfaces/share/tutorial_interfaces/local_setup.dsv
[2.804s] -- Installing: /home/ro/ros2_ws/install/tutorial_interfaces/share/tutorial_interfaces/package.dsv
[2.805s] -- Up-to-date: /home/ro/ros2_ws/install/tutorial_interfaces/share/ament_index/resource_index/packages/tutorial_interfaces
[2.805s] -- Up-to-date: /home/ro/ros2_ws/install/tutorial_interfaces/share/tutorial_interfaces/cmake/tutorial_interfaces__rosidl_generator_cExport.cmake
[2.805s] -- Installing: /home/ro/ros2_ws/install/tutorial_interfaces/share/tutorial_interfaces/cmake/tutorial_interfaces__rosidl_generator_cExport-noconfig.cmake
[2.806s] -- Up-to-date: /home/ro/ros2_ws/install/tutorial_interfaces/share/tutorial_interfaces/cmake/tutorial_interfaces__rosidl_typesupport_introspection_cExport.cmake
[2.806s] -- Installing: /home/ro/ros2_ws/install/tutorial_interfaces/share/tutorial_interfaces/cmake/tutorial_interfaces__rosidl_typesupport_introspection_cExport-noconfig.cmake
[2.807s] -- Up-to-date: /home/ro/ros2_ws/install/tutorial_interfaces/share/tutorial_interfaces/cmake/tutorial_interfaces__rosidl_typesupport_cExport.cmake
[2.807s] -- Installing: /home/ro/ros2_ws/install/tutorial_interfaces/share/tutorial_interfaces/cmake/tutorial_interfaces__rosidl_typesupport_cExport-noconfig.cmake
[2.808s] -- Up-to-date: /home/ro/ros2_ws/install/tutorial_interfaces/share/tutorial_interfaces/cmake/tutorial_interfaces__rosidl_generator_cppExport.cmake
[2.809s] -- Up-to-date: /home/ro/ros2_ws/install/tutorial_interfaces/share/tutorial_interfaces/cmake/tutorial_interfaces__rosidl_typesupport_introspection_cppExport.cmake
[2.809s] -- Installing: /home/ro/ros2_ws/install/tutorial_interfaces/share/tutorial_interfaces/cmake/tutorial_interfaces__rosidl_typesupport_introspection_cppExport-noconfig.cmake
[2.810s] -- Up-to-date: /home/ro/ros2_ws/install/tutorial_interfaces/share/tutorial_interfaces/cmake/tutorial_interfaces__rosidl_typesupport_cppExport.cmake
[2.810s] -- Installing: /home/ro/ros2_ws/install/tutorial_interfaces/share/tutorial_interfaces/cmake/tutorial_interfaces__rosidl_typesupport_cppExport-noconfig.cmake
[2.810s] -- Up-to-date: /home/ro/ros2_ws/install/tutorial_interfaces/share/tutorial_interfaces/cmake/rosidl_cmake-extras.cmake
[2.810s] -- Up-to-date: /home/ro/ros2_ws/install/tutorial_interfaces/share/tutorial_interfaces/cmake/ament_cmake_export_dependencies-extras.cmake
[2.810s] -- Up-to-date: /home/ro/ros2_ws/install/tutorial_interfaces/share/tutorial_interfaces/cmake/ament_cmake_export_libraries-extras.cmake
[2.810s] -- Up-to-date: /home/ro/ros2_ws/install/tutorial_interfaces/share/tutorial_interfaces/cmake/ament_cmake_export_targets-extras.cmake
[2.810s] -- Up-to-date: /home/ro/ros2_ws/install/tutorial_interfaces/share/tutorial_interfaces/cmake/ament_cmake_export_include_directories-extras.cmake
[2.810s] -- Up-to-date: /home/ro/ros2_ws/install/tutorial_interfaces/share/tutorial_interfaces/cmake/rosidl_cmake_export_typesupport_libraries-extras.cmake
[2.810s] -- Up-to-date: /home/ro/ros2_ws/install/tutorial_interfaces/share/tutorial_interfaces/cmake/rosidl_cmake_export_typesupport_targets-extras.cmake
[2.810s] -- Up-to-date: /home/ro/ros2_ws/install/tutorial_interfaces/share/tutorial_interfaces/cmake/tutorial_interfacesConfig.cmake
[2.810s] -- Up-to-date: /home/ro/ros2_ws/install/tutorial_interfaces/share/tutorial_interfaces/cmake/tutorial_interfacesConfig-version.cmake
[2.811s] -- Up-to-date: /home/ro/ros2_ws/install/tutorial_interfaces/share/tutorial_interfaces/package.xml
[2.823s] Invoked command in '/home/ro/ros2_ws/build/tutorial_interfaces' returned '0': CMAKE_PREFIX_PATH=${CMAKE_PREFIX_PATH}:/home/ro/ros2_ws/install/py_srvcli:/home/ro/ros2_ws/install/py_pubsub:/home/ro/ros2_ws/install/action_example:/opt/ros/foxy /usr/bin/cmake --install /home/ro/ros2_ws/build/tutorial_interfaces
