[0.485s] Invoking command in '/home/ro/ros2_ws/src/py_pubsub': PYTHONPATH=/home/ro/ros2_ws/build/py_pubsub/prefix_override:/home/ro/ros2_ws/install/py_pubsub/lib/python3.8/site-packages:${PYTHONPATH} /usr/bin/python3 -W ignore:setup.py install is deprecated setup.py egg_info --egg-base ../../build/py_pubsub build --build-base /home/ro/ros2_ws/build/py_pubsub/build install --record /home/ro/ros2_ws/build/py_pubsub/install.log --install-scripts $base/lib/py_pubsub --single-version-externally-managed install_data
[0.643s] running egg_info
[0.644s] writing ../../build/py_pubsub/py_pubsub.egg-info/PKG-INFO
[0.644s] writing dependency_links to ../../build/py_pubsub/py_pubsub.egg-info/dependency_links.txt
[0.645s] writing entry points to ../../build/py_pubsub/py_pubsub.egg-info/entry_points.txt
[0.646s] writing requirements to ../../build/py_pubsub/py_pubsub.egg-info/requires.txt
[0.646s] writing top-level names to ../../build/py_pubsub/py_pubsub.egg-info/top_level.txt
[0.670s] reading manifest file '../../build/py_pubsub/py_pubsub.egg-info/SOURCES.txt'
[0.671s] writing manifest file '../../build/py_pubsub/py_pubsub.egg-info/SOURCES.txt'
[0.671s] running build
[0.671s] running build_py
[0.672s] copying py_pubsub/publisher_member_function.py -> /home/ro/ros2_ws/build/py_pubsub/build/lib/py_pubsub
[0.672s] running install
[0.673s] running install_lib
[0.674s] copying /home/ro/ros2_ws/build/py_pubsub/build/lib/py_pubsub/publisher_member_function.py -> /home/ro/ros2_ws/install/py_pubsub/lib/python3.8/site-packages/py_pubsub
[0.675s] byte-compiling /home/ro/ros2_ws/install/py_pubsub/lib/python3.8/site-packages/py_pubsub/publisher_member_function.py to publisher_member_function.cpython-38.pyc
[0.677s] running install_data
[0.677s] running install_egg_info
[0.678s] removing '/home/ro/ros2_ws/install/py_pubsub/lib/python3.8/site-packages/py_pubsub-0.0.0-py3.8.egg-info' (and everything under it)
[0.679s] Copying ../../build/py_pubsub/py_pubsub.egg-info to /home/ro/ros2_ws/install/py_pubsub/lib/python3.8/site-packages/py_pubsub-0.0.0-py3.8.egg-info
[0.683s] running install_scripts
[0.695s] Installing listener script to /home/ro/ros2_ws/install/py_pubsub/lib/py_pubsub
[0.696s] Installing talker script to /home/ro/ros2_ws/install/py_pubsub/lib/py_pubsub
[0.696s] writing list of installed files to '/home/ro/ros2_ws/build/py_pubsub/install.log'
[0.712s] Invoked command in '/home/ro/ros2_ws/src/py_pubsub' returned '0': PYTHONPATH=/home/ro/ros2_ws/build/py_pubsub/prefix_override:/home/ro/ros2_ws/install/py_pubsub/lib/python3.8/site-packages:${PYTHONPATH} /usr/bin/python3 -W ignore:setup.py install is deprecated setup.py egg_info --egg-base ../../build/py_pubsub build --build-base /home/ro/ros2_ws/build/py_pubsub/build install --record /home/ro/ros2_ws/build/py_pubsub/install.log --install-scripts $base/lib/py_pubsub --single-version-externally-managed install_data
