[0.024s] Invoking command in '/home/ro/ros2_ws/build/tutorial_interfaces': CMAKE_PREFIX_PATH=${CMAKE_PREFIX_PATH}:/home/ro/ros2_ws/install/py_srvcli:/home/ro/ros2_ws/install/py_pubsub:/home/ro/ros2_ws/install/action_example:/opt/ros/foxy /usr/bin/cmake --build /home/ro/ros2_ws/build/tutorial_interfaces -- -j2 -l2
[0.096s] [  8%] Built target tutorial_interfaces__cpp
[0.097s] [ 12%] Built target tutorial_interfaces__rosidl_generator_c
[0.143s] [ 29%] Built target tutorial_interfaces__rosidl_typesupport_cpp
[0.146s] [ 34%] Built target tutorial_interfaces__rosidl_typesupport_fastrtps_cpp
[0.166s] [ 44%] Built target tutorial_interfaces__rosidl_typesupport_introspection_c
[0.171s] [ 55%] Built target tutorial_interfaces__rosidl_typesupport_c
[0.188s] [ 65%] Built target tutorial_interfaces__rosidl_typesupport_introspection_cpp
[0.201s] [ 76%] Built target tutorial_interfaces__rosidl_typesupport_fastrtps_c
[0.234s] [ 76%] Built target tutorial_interfaces
[0.267s] [ 78%] Built target tutorial_interfaces__py
[0.299s] [ 87%] Built target tutorial_interfaces__python
[0.325s] [ 93%] Built target tutorial_interfaces__rosidl_typesupport_introspection_c__pyext
[0.326s] [ 95%] Built target tutorial_interfaces__rosidl_typesupport_c__pyext
[0.355s] [100%] Built target tutorial_interfaces__rosidl_typesupport_fastrtps_c__pyext
[0.372s] Invoked command in '/home/ro/ros2_ws/build/tutorial_interfaces' returned '0': CMAKE_PREFIX_PATH=${CMAKE_PREFIX_PATH}:/home/ro/ros2_ws/install/py_srvcli:/home/ro/ros2_ws/install/py_pubsub:/home/ro/ros2_ws/install/action_example:/opt/ros/foxy /usr/bin/cmake --build /home/ro/ros2_ws/build/tutorial_interfaces -- -j2 -l2
[0.546s] Invoking command in '/home/ro/ros2_ws/build/tutorial_interfaces': CMAKE_PREFIX_PATH=${CMAKE_PREFIX_PATH}:/home/ro/ros2_ws/install/py_srvcli:/home/ro/ros2_ws/install/py_pubsub:/home/ro/ros2_ws/install/action_example:/opt/ros/foxy /usr/bin/cmake --install /home/ro/ros2_ws/build/tutorial_interfaces
[0.561s] -- Install configuration: ""
[0.568s] -- Up-to-date: /home/ro/ros2_ws/install/tutorial_interfaces/share/ament_index/resource_index/rosidl_interfaces/tutorial_interfaces
[0.568s] -- Up-to-date: /home/ro/ros2_ws/install/tutorial_interfaces/include/tutorial_interfaces
[0.568s] -- Up-to-date: /home/ro/ros2_ws/install/tutorial_interfaces/include/tutorial_interfaces/srv
[0.568s] -- Up-to-date: /home/ro/ros2_ws/install/tutorial_interfaces/include/tutorial_interfaces/srv/detail
[0.568s] -- Up-to-date: /home/ro/ros2_ws/install/tutorial_interfaces/include/tutorial_interfaces/srv/detail/add_three_ints__struct.h
[0.568s] -- Up-to-date: /home/ro/ros2_ws/install/tutorial_interfaces/include/tutorial_interfaces/srv/detail/add_three_ints__type_support.h
[0.568s] -- Up-to-date: /home/ro/ros2_ws/install/tutorial_interfaces/include/tutorial_interfaces/srv/detail/add_three_ints__functions.c
[0.568s] -- Up-to-date: /home/ro/ros2_ws/install/tutorial_interfaces/include/tutorial_interfaces/srv/detail/add_three_ints__functions.h
[0.568s] -- Up-to-date: /home/ro/ros2_ws/install/tutorial_interfaces/include/tutorial_interfaces/srv/add_three_ints.h
[0.568s] -- Up-to-date: /home/ro/ros2_ws/install/tutorial_interfaces/include/tutorial_interfaces/msg
[0.568s] -- Up-to-date: /home/ro/ros2_ws/install/tutorial_interfaces/include/tutorial_interfaces/msg/detail
[0.568s] -- Up-to-date: /home/ro/ros2_ws/install/tutorial_interfaces/include/tutorial_interfaces/msg/detail/num__type_support.h
[0.568s] -- Up-to-date: /home/ro/ros2_ws/install/tutorial_interfaces/include/tutorial_interfaces/msg/detail/sphere__type_support.h
[0.568s] -- Up-to-date: /home/ro/ros2_ws/install/tutorial_interfaces/include/tutorial_interfaces/msg/detail/num__functions.h
[0.568s] -- Up-to-date: /home/ro/ros2_ws/install/tutorial_interfaces/include/tutorial_interfaces/msg/detail/sphere__functions.h
[0.568s] -- Up-to-date: /home/ro/ros2_ws/install/tutorial_interfaces/include/tutorial_interfaces/msg/detail/num__struct.h
[0.568s] -- Up-to-date: /home/ro/ros2_ws/install/tutorial_interfaces/include/tutorial_interfaces/msg/detail/num__functions.c
[0.568s] -- Up-to-date: /home/ro/ros2_ws/install/tutorial_interfaces/include/tutorial_interfaces/msg/detail/sphere__struct.h
[0.568s] -- Up-to-date: /home/ro/ros2_ws/install/tutorial_interfaces/include/tutorial_interfaces/msg/detail/sphere__functions.c
[0.569s] -- Up-to-date: /home/ro/ros2_ws/install/tutorial_interfaces/include/tutorial_interfaces/msg/rosidl_generator_c__visibility_control.h
[0.569s] -- Up-to-date: /home/ro/ros2_ws/install/tutorial_interfaces/include/tutorial_interfaces/msg/num.h
[0.569s] -- Up-to-date: /home/ro/ros2_ws/install/tutorial_interfaces/include/tutorial_interfaces/msg/sphere.h
[0.569s] -- Up-to-date: /home/ro/ros2_ws/install/tutorial_interfaces/share/tutorial_interfaces/environment/library_path.sh
[0.569s] -- Up-to-date: /home/ro/ros2_ws/install/tutorial_interfaces/share/tutorial_interfaces/environment/library_path.dsv
[0.569s] -- Up-to-date: /home/ro/ros2_ws/install/tutorial_interfaces/lib/libtutorial_interfaces__rosidl_generator_c.so
[0.569s] -- Up-to-date: /home/ro/ros2_ws/install/tutorial_interfaces/include/tutorial_interfaces
[0.569s] -- Up-to-date: /home/ro/ros2_ws/install/tutorial_interfaces/include/tutorial_interfaces/srv
[0.569s] -- Up-to-date: /home/ro/ros2_ws/install/tutorial_interfaces/include/tutorial_interfaces/srv/detail
[0.569s] -- Up-to-date: /home/ro/ros2_ws/install/tutorial_interfaces/include/tutorial_interfaces/srv/detail/add_three_ints__rosidl_typesupport_fastrtps_c.h
[0.569s] -- Up-to-date: /home/ro/ros2_ws/install/tutorial_interfaces/include/tutorial_interfaces/msg
[0.569s] -- Up-to-date: /home/ro/ros2_ws/install/tutorial_interfaces/include/tutorial_interfaces/msg/detail
[0.569s] -- Up-to-date: /home/ro/ros2_ws/install/tutorial_interfaces/include/tutorial_interfaces/msg/detail/num__rosidl_typesupport_fastrtps_c.h
[0.569s] -- Up-to-date: /home/ro/ros2_ws/install/tutorial_interfaces/include/tutorial_interfaces/msg/detail/sphere__rosidl_typesupport_fastrtps_c.h
[0.569s] -- Up-to-date: /home/ro/ros2_ws/install/tutorial_interfaces/include/tutorial_interfaces/msg/rosidl_typesupport_fastrtps_c__visibility_control.h
[0.569s] -- Up-to-date: /home/ro/ros2_ws/install/tutorial_interfaces/lib/libtutorial_interfaces__rosidl_typesupport_fastrtps_c.so
[0.569s] -- Up-to-date: /home/ro/ros2_ws/install/tutorial_interfaces/include/tutorial_interfaces
[0.569s] -- Up-to-date: /home/ro/ros2_ws/install/tutorial_interfaces/include/tutorial_interfaces/srv
[0.569s] -- Up-to-date: /home/ro/ros2_ws/install/tutorial_interfaces/include/tutorial_interfaces/srv/detail
[0.569s] -- Up-to-date: /home/ro/ros2_ws/install/tutorial_interfaces/include/tutorial_interfaces/srv/detail/add_three_ints__rosidl_typesupport_fastrtps_cpp.hpp
[0.569s] -- Up-to-date: /home/ro/ros2_ws/install/tutorial_interfaces/include/tutorial_interfaces/srv/detail/dds_fastrtps
[0.569s] -- Up-to-date: /home/ro/ros2_ws/install/tutorial_interfaces/include/tutorial_interfaces/msg
[0.569s] -- Up-to-date: /home/ro/ros2_ws/install/tutorial_interfaces/include/tutorial_interfaces/msg/rosidl_typesupport_fastrtps_cpp__visibility_control.h
[0.569s] -- Up-to-date: /home/ro/ros2_ws/install/tutorial_interfaces/include/tutorial_interfaces/msg/detail
[0.570s] -- Up-to-date: /home/ro/ros2_ws/install/tutorial_interfaces/include/tutorial_interfaces/msg/detail/num__rosidl_typesupport_fastrtps_cpp.hpp
[0.570s] -- Up-to-date: /home/ro/ros2_ws/install/tutorial_interfaces/include/tutorial_interfaces/msg/detail/sphere__rosidl_typesupport_fastrtps_cpp.hpp
[0.570s] -- Up-to-date: /home/ro/ros2_ws/install/tutorial_interfaces/include/tutorial_interfaces/msg/detail/dds_fastrtps
[0.579s] -- Up-to-date: /home/ro/ros2_ws/install/tutorial_interfaces/lib/libtutorial_interfaces__rosidl_typesupport_fastrtps_cpp.so
[0.579s] -- Up-to-date: /home/ro/ros2_ws/install/tutorial_interfaces/include/tutorial_interfaces
[0.579s] -- Up-to-date: /home/ro/ros2_ws/install/tutorial_interfaces/include/tutorial_interfaces/srv
[0.579s] -- Up-to-date: /home/ro/ros2_ws/install/tutorial_interfaces/include/tutorial_interfaces/srv/detail
[0.579s] -- Up-to-date: /home/ro/ros2_ws/install/tutorial_interfaces/include/tutorial_interfaces/srv/detail/add_three_ints__type_support.c
[0.579s] -- Up-to-date: /home/ro/ros2_ws/install/tutorial_interfaces/include/tutorial_interfaces/srv/detail/add_three_ints__rosidl_typesupport_introspection_c.h
[0.579s] -- Up-to-date: /home/ro/ros2_ws/install/tutorial_interfaces/include/tutorial_interfaces/msg
[0.579s] -- Up-to-date: /home/ro/ros2_ws/install/tutorial_interfaces/include/tutorial_interfaces/msg/detail
[0.579s] -- Up-to-date: /home/ro/ros2_ws/install/tutorial_interfaces/include/tutorial_interfaces/msg/detail/sphere__type_support.c
[0.579s] -- Up-to-date: /home/ro/ros2_ws/install/tutorial_interfaces/include/tutorial_interfaces/msg/detail/num__rosidl_typesupport_introspection_c.h
[0.579s] -- Up-to-date: /home/ro/ros2_ws/install/tutorial_interfaces/include/tutorial_interfaces/msg/detail/sphere__rosidl_typesupport_introspection_c.h
[0.579s] -- Up-to-date: /home/ro/ros2_ws/install/tutorial_interfaces/include/tutorial_interfaces/msg/detail/num__type_support.c
[0.579s] -- Up-to-date: /home/ro/ros2_ws/install/tutorial_interfaces/include/tutorial_interfaces/msg/rosidl_typesupport_introspection_c__visibility_control.h
[0.579s] -- Up-to-date: /home/ro/ros2_ws/install/tutorial_interfaces/lib/libtutorial_interfaces__rosidl_typesupport_introspection_c.so
[0.580s] -- Up-to-date: /home/ro/ros2_ws/install/tutorial_interfaces/lib/libtutorial_interfaces__rosidl_typesupport_c.so
[0.580s] -- Up-to-date: /home/ro/ros2_ws/install/tutorial_interfaces/include/tutorial_interfaces
[0.580s] -- Up-to-date: /home/ro/ros2_ws/install/tutorial_interfaces/include/tutorial_interfaces/srv
[0.580s] -- Up-to-date: /home/ro/ros2_ws/install/tutorial_interfaces/include/tutorial_interfaces/srv/detail
[0.580s] -- Up-to-date: /home/ro/ros2_ws/install/tutorial_interfaces/include/tutorial_interfaces/srv/detail/add_three_ints__struct.hpp
[0.580s] -- Up-to-date: /home/ro/ros2_ws/install/tutorial_interfaces/include/tutorial_interfaces/srv/detail/add_three_ints__traits.hpp
[0.580s] -- Up-to-date: /home/ro/ros2_ws/install/tutorial_interfaces/include/tutorial_interfaces/srv/detail/add_three_ints__type_support.hpp
[0.580s] -- Up-to-date: /home/ro/ros2_ws/install/tutorial_interfaces/include/tutorial_interfaces/srv/detail/add_three_ints__builder.hpp
[0.580s] -- Up-to-date: /home/ro/ros2_ws/install/tutorial_interfaces/include/tutorial_interfaces/srv/add_three_ints.hpp
[0.580s] -- Up-to-date: /home/ro/ros2_ws/install/tutorial_interfaces/include/tutorial_interfaces/msg
[0.580s] -- Up-to-date: /home/ro/ros2_ws/install/tutorial_interfaces/include/tutorial_interfaces/msg/detail
[0.584s] -- Up-to-date: /home/ro/ros2_ws/install/tutorial_interfaces/include/tutorial_interfaces/msg/detail/sphere__type_support.hpp
[0.584s] -- Up-to-date: /home/ro/ros2_ws/install/tutorial_interfaces/include/tutorial_interfaces/msg/detail/sphere__struct.hpp
[0.584s] -- Up-to-date: /home/ro/ros2_ws/install/tutorial_interfaces/include/tutorial_interfaces/msg/detail/num__struct.hpp
[0.584s] -- Up-to-date: /home/ro/ros2_ws/install/tutorial_interfaces/include/tutorial_interfaces/msg/detail/num__traits.hpp
[0.584s] -- Up-to-date: /home/ro/ros2_ws/install/tutorial_interfaces/include/tutorial_interfaces/msg/detail/sphere__builder.hpp
[0.584s] -- Up-to-date: /home/ro/ros2_ws/install/tutorial_interfaces/include/tutorial_interfaces/msg/detail/num__type_support.hpp
[0.584s] -- Up-to-date: /home/ro/ros2_ws/install/tutorial_interfaces/include/tutorial_interfaces/msg/detail/sphere__traits.hpp
[0.585s] -- Up-to-date: /home/ro/ros2_ws/install/tutorial_interfaces/include/tutorial_interfaces/msg/detail/num__builder.hpp
[0.585s] -- Up-to-date: /home/ro/ros2_ws/install/tutorial_interfaces/include/tutorial_interfaces/msg/rosidl_generator_cpp__visibility_control.hpp
[0.585s] -- Up-to-date: /home/ro/ros2_ws/install/tutorial_interfaces/include/tutorial_interfaces/msg/num.hpp
[0.585s] -- Up-to-date: /home/ro/ros2_ws/install/tutorial_interfaces/include/tutorial_interfaces/msg/sphere.hpp
[0.585s] -- Up-to-date: /home/ro/ros2_ws/install/tutorial_interfaces/include/tutorial_interfaces
[0.585s] -- Up-to-date: /home/ro/ros2_ws/install/tutorial_interfaces/include/tutorial_interfaces/srv
[0.585s] -- Up-to-date: /home/ro/ros2_ws/install/tutorial_interfaces/include/tutorial_interfaces/srv/detail
[0.585s] -- Up-to-date: /home/ro/ros2_ws/install/tutorial_interfaces/include/tutorial_interfaces/srv/detail/add_three_ints__rosidl_typesupport_introspection_cpp.hpp
[0.585s] -- Up-to-date: /home/ro/ros2_ws/install/tutorial_interfaces/include/tutorial_interfaces/srv/detail/add_three_ints__type_support.cpp
[0.585s] -- Up-to-date: /home/ro/ros2_ws/install/tutorial_interfaces/include/tutorial_interfaces/msg
[0.585s] -- Up-to-date: /home/ro/ros2_ws/install/tutorial_interfaces/include/tutorial_interfaces/msg/detail
[0.585s] -- Up-to-date: /home/ro/ros2_ws/install/tutorial_interfaces/include/tutorial_interfaces/msg/detail/num__type_support.cpp
[0.585s] -- Up-to-date: /home/ro/ros2_ws/install/tutorial_interfaces/include/tutorial_interfaces/msg/detail/sphere__rosidl_typesupport_introspection_cpp.hpp
[0.585s] -- Up-to-date: /home/ro/ros2_ws/install/tutorial_interfaces/include/tutorial_interfaces/msg/detail/num__rosidl_typesupport_introspection_cpp.hpp
[0.585s] -- Up-to-date: /home/ro/ros2_ws/install/tutorial_interfaces/include/tutorial_interfaces/msg/detail/sphere__type_support.cpp
[0.585s] -- Up-to-date: /home/ro/ros2_ws/install/tutorial_interfaces/lib/libtutorial_interfaces__rosidl_typesupport_introspection_cpp.so
[0.585s] -- Up-to-date: /home/ro/ros2_ws/install/tutorial_interfaces/lib/libtutorial_interfaces__rosidl_typesupport_cpp.so
[0.585s] -- Up-to-date: /home/ro/ros2_ws/install/tutorial_interfaces/share/tutorial_interfaces/environment/pythonpath.sh
[0.585s] -- Up-to-date: /home/ro/ros2_ws/install/tutorial_interfaces/share/tutorial_interfaces/environment/pythonpath.dsv
[0.585s] -- Up-to-date: /home/ro/ros2_ws/install/tutorial_interfaces/lib/python3.8/site-packages/tutorial_interfaces/__init__.py
[0.593s] -- Up-to-date: /home/ro/ros2_ws/install/tutorial_interfaces/lib/python3.8/site-packages/tutorial_interfaces/msg
[0.593s] -- Up-to-date: /home/ro/ros2_ws/install/tutorial_interfaces/lib/python3.8/site-packages/tutorial_interfaces/msg/_num_s.c
[0.593s] -- Up-to-date: /home/ro/ros2_ws/install/tutorial_interfaces/lib/python3.8/site-packages/tutorial_interfaces/msg/_sphere.py
[0.593s] -- Up-to-date: /home/ro/ros2_ws/install/tutorial_interfaces/lib/python3.8/site-packages/tutorial_interfaces/msg/_num.py
[0.593s] -- Up-to-date: /home/ro/ros2_ws/install/tutorial_interfaces/lib/python3.8/site-packages/tutorial_interfaces/msg/_sphere_s.c
[0.593s] -- Up-to-date: /home/ro/ros2_ws/install/tutorial_interfaces/lib/python3.8/site-packages/tutorial_interfaces/msg/__init__.py
[0.593s] -- Up-to-date: /home/ro/ros2_ws/install/tutorial_interfaces/lib/python3.8/site-packages/tutorial_interfaces/srv
[0.593s] -- Up-to-date: /home/ro/ros2_ws/install/tutorial_interfaces/lib/python3.8/site-packages/tutorial_interfaces/srv/_add_three_ints_s.c
[0.595s] -- Up-to-date: /home/ro/ros2_ws/install/tutorial_interfaces/lib/python3.8/site-packages/tutorial_interfaces/srv/_add_three_ints.py
[0.595s] -- Up-to-date: /home/ro/ros2_ws/install/tutorial_interfaces/lib/python3.8/site-packages/tutorial_interfaces/srv/__init__.py
[0.595s] -- Up-to-date: /home/ro/ros2_ws/install/tutorial_interfaces/lib/python3.8/site-packages/tutorial_interfaces/tutorial_interfaces_s__rosidl_typesupport_fastrtps_c.cpython-38-x86_64-linux-gnu.so
[0.596s] -- Up-to-date: /home/ro/ros2_ws/install/tutorial_interfaces/lib/python3.8/site-packages/tutorial_interfaces/tutorial_interfaces_s__rosidl_typesupport_introspection_c.cpython-38-x86_64-linux-gnu.so
[0.596s] -- Up-to-date: /home/ro/ros2_ws/install/tutorial_interfaces/lib/python3.8/site-packages/tutorial_interfaces/tutorial_interfaces_s__rosidl_typesupport_c.cpython-38-x86_64-linux-gnu.so
[0.596s] -- Up-to-date: /home/ro/ros2_ws/install/tutorial_interfaces/lib/libtutorial_interfaces__python.so
[0.597s] -- Up-to-date: /home/ro/ros2_ws/install/tutorial_interfaces/share/tutorial_interfaces/msg/Num.idl
[0.597s] -- Up-to-date: /home/ro/ros2_ws/install/tutorial_interfaces/share/tutorial_interfaces/msg/Sphere.idl
[0.597s] -- Up-to-date: /home/ro/ros2_ws/install/tutorial_interfaces/share/tutorial_interfaces/srv/AddThreeInts.idl
[0.597s] -- Up-to-date: /home/ro/ros2_ws/install/tutorial_interfaces/share/tutorial_interfaces/msg/Num.msg
[0.597s] -- Up-to-date: /home/ro/ros2_ws/install/tutorial_interfaces/share/tutorial_interfaces/msg/Sphere.msg
[0.597s] -- Up-to-date: /home/ro/ros2_ws/install/tutorial_interfaces/share/tutorial_interfaces/srv/AddThreeInts.srv
[0.598s] -- Up-to-date: /home/ro/ros2_ws/install/tutorial_interfaces/share/tutorial_interfaces/srv/AddThreeInts_Request.msg
[0.598s] -- Up-to-date: /home/ro/ros2_ws/install/tutorial_interfaces/share/tutorial_interfaces/srv/AddThreeInts_Response.msg
[0.598s] -- Up-to-date: /home/ro/ros2_ws/install/tutorial_interfaces/share/ament_index/resource_index/package_run_dependencies/tutorial_interfaces
[0.598s] -- Up-to-date: /home/ro/ros2_ws/install/tutorial_interfaces/share/ament_index/resource_index/parent_prefix_path/tutorial_interfaces
[0.599s] -- Up-to-date: /home/ro/ros2_ws/install/tutorial_interfaces/share/tutorial_interfaces/environment/ament_prefix_path.sh
[0.599s] -- Up-to-date: /home/ro/ros2_ws/install/tutorial_interfaces/share/tutorial_interfaces/environment/ament_prefix_path.dsv
[0.599s] -- Up-to-date: /home/ro/ros2_ws/install/tutorial_interfaces/share/tutorial_interfaces/environment/path.sh
[0.599s] -- Up-to-date: /home/ro/ros2_ws/install/tutorial_interfaces/share/tutorial_interfaces/environment/path.dsv
[0.599s] -- Up-to-date: /home/ro/ros2_ws/install/tutorial_interfaces/share/tutorial_interfaces/local_setup.bash
[0.599s] -- Up-to-date: /home/ro/ros2_ws/install/tutorial_interfaces/share/tutorial_interfaces/local_setup.sh
[0.599s] -- Up-to-date: /home/ro/ros2_ws/install/tutorial_interfaces/share/tutorial_interfaces/local_setup.zsh
[0.599s] -- Up-to-date: /home/ro/ros2_ws/install/tutorial_interfaces/share/tutorial_interfaces/local_setup.dsv
[0.599s] -- Up-to-date: /home/ro/ros2_ws/install/tutorial_interfaces/share/tutorial_interfaces/package.dsv
[0.599s] -- Up-to-date: /home/ro/ros2_ws/install/tutorial_interfaces/share/ament_index/resource_index/packages/tutorial_interfaces
[0.599s] -- Up-to-date: /home/ro/ros2_ws/install/tutorial_interfaces/share/tutorial_interfaces/cmake/tutorial_interfaces__rosidl_generator_cExport.cmake
[0.603s] -- Up-to-date: /home/ro/ros2_ws/install/tutorial_interfaces/share/tutorial_interfaces/cmake/tutorial_interfaces__rosidl_generator_cExport-noconfig.cmake
[0.603s] -- Up-to-date: /home/ro/ros2_ws/install/tutorial_interfaces/share/tutorial_interfaces/cmake/tutorial_interfaces__rosidl_typesupport_introspection_cExport.cmake
[0.603s] -- Up-to-date: /home/ro/ros2_ws/install/tutorial_interfaces/share/tutorial_interfaces/cmake/tutorial_interfaces__rosidl_typesupport_introspection_cExport-noconfig.cmake
[0.603s] -- Up-to-date: /home/ro/ros2_ws/install/tutorial_interfaces/share/tutorial_interfaces/cmake/tutorial_interfaces__rosidl_typesupport_cExport.cmake
[0.603s] -- Up-to-date: /home/ro/ros2_ws/install/tutorial_interfaces/share/tutorial_interfaces/cmake/tutorial_interfaces__rosidl_typesupport_cExport-noconfig.cmake
[0.603s] -- Up-to-date: /home/ro/ros2_ws/install/tutorial_interfaces/share/tutorial_interfaces/cmake/tutorial_interfaces__rosidl_generator_cppExport.cmake
[0.603s] -- Up-to-date: /home/ro/ros2_ws/install/tutorial_interfaces/share/tutorial_interfaces/cmake/tutorial_interfaces__rosidl_typesupport_introspection_cppExport.cmake
[0.603s] -- Up-to-date: /home/ro/ros2_ws/install/tutorial_interfaces/share/tutorial_interfaces/cmake/tutorial_interfaces__rosidl_typesupport_introspection_cppExport-noconfig.cmake
[0.603s] -- Up-to-date: /home/ro/ros2_ws/install/tutorial_interfaces/share/tutorial_interfaces/cmake/tutorial_interfaces__rosidl_typesupport_cppExport.cmake
[0.603s] -- Up-to-date: /home/ro/ros2_ws/install/tutorial_interfaces/share/tutorial_interfaces/cmake/tutorial_interfaces__rosidl_typesupport_cppExport-noconfig.cmake
[0.603s] -- Up-to-date: /home/ro/ros2_ws/install/tutorial_interfaces/share/tutorial_interfaces/cmake/rosidl_cmake-extras.cmake
[0.603s] -- Up-to-date: /home/ro/ros2_ws/install/tutorial_interfaces/share/tutorial_interfaces/cmake/ament_cmake_export_dependencies-extras.cmake
[0.603s] -- Up-to-date: /home/ro/ros2_ws/install/tutorial_interfaces/share/tutorial_interfaces/cmake/ament_cmake_export_libraries-extras.cmake
[0.603s] -- Up-to-date: /home/ro/ros2_ws/install/tutorial_interfaces/share/tutorial_interfaces/cmake/ament_cmake_export_targets-extras.cmake
[0.603s] -- Up-to-date: /home/ro/ros2_ws/install/tutorial_interfaces/share/tutorial_interfaces/cmake/ament_cmake_export_include_directories-extras.cmake
[0.604s] -- Up-to-date: /home/ro/ros2_ws/install/tutorial_interfaces/share/tutorial_interfaces/cmake/rosidl_cmake_export_typesupport_libraries-extras.cmake
[0.604s] -- Up-to-date: /home/ro/ros2_ws/install/tutorial_interfaces/share/tutorial_interfaces/cmake/rosidl_cmake_export_typesupport_targets-extras.cmake
[0.604s] -- Up-to-date: /home/ro/ros2_ws/install/tutorial_interfaces/share/tutorial_interfaces/cmake/tutorial_interfacesConfig.cmake
[0.604s] -- Up-to-date: /home/ro/ros2_ws/install/tutorial_interfaces/share/tutorial_interfaces/cmake/tutorial_interfacesConfig-version.cmake
[0.604s] -- Up-to-date: /home/ro/ros2_ws/install/tutorial_interfaces/share/tutorial_interfaces/package.xml
[0.604s] Invoked command in '/home/ro/ros2_ws/build/tutorial_interfaces' returned '0': CMAKE_PREFIX_PATH=${CMAKE_PREFIX_PATH}:/home/ro/ros2_ws/install/py_srvcli:/home/ro/ros2_ws/install/py_pubsub:/home/ro/ros2_ws/install/action_example:/opt/ros/foxy /usr/bin/cmake --install /home/ro/ros2_ws/build/tutorial_interfaces
