[0.013s] Invoking command in '/home/ro/ros2_ws/build/tutorial_interfaces': CMAKE_PREFIX_PATH=${CMAKE_PREFIX_PATH}:/home/ro/ros2_ws/install/py_srvcli:/home/ro/ros2_ws/install/py_pubsub:/home/ro/ros2_ws/install/action_example:/opt/ros/foxy /usr/bin/cmake --build /home/ro/ros2_ws/build/tutorial_interfaces -- -j2 -l2
[0.046s] -- Found ament_cmake: 0.9.12 (/opt/ros/foxy/share/ament_cmake/cmake)
[0.065s] -- Found PythonInterp: /usr/bin/python3 (found suitable version "3.8.10", minimum required is "3") 
[0.065s] -- Using PYTHON_EXECUTABLE: /usr/bin/python3
[0.206s] -- Found ament_lint_auto: 0.9.8 (/opt/ros/foxy/share/ament_lint_auto/cmake)
[0.263s] -- Found geometry_msgs: 2.0.5 (/opt/ros/foxy/share/geometry_msgs/cmake)
[0.277s] -- Using all available rosidl_typesupport_c: rosidl_typesupport_fastrtps_c;rosidl_typesupport_introspection_c
[0.279s] -- Found rosidl_adapter: 1.3.1 (/opt/ros/foxy/share/rosidl_adapter/cmake)
[0.392s] -- Using all available rosidl_typesupport_cpp: rosidl_typesupport_fastrtps_cpp;rosidl_typesupport_introspection_cpp
[0.448s] -- Found rosidl_default_generators: 1.0.1 (/opt/ros/foxy/share/rosidl_default_generators/cmake)
[0.477s] -- Found PythonInterp: /usr/bin/python3 (found version "3.8.10") 
[0.586s] -- Found ament_cmake_ros: 0.9.2 (/opt/ros/foxy/share/ament_cmake_ros/cmake)
[0.783s] -- Using all available rosidl_typesupport_c: rosidl_typesupport_fastrtps_c;rosidl_typesupport_introspection_c
[0.862s] -- Using all available rosidl_typesupport_cpp: rosidl_typesupport_fastrtps_cpp;rosidl_typesupport_introspection_cpp
[0.885s] -- Found PythonInterp: /usr/bin/python3 (found suitable version "3.8.10", minimum required is "3.5") 
[0.886s] -- Found python_cmake_module: 0.8.1 (/opt/ros/foxy/share/python_cmake_module/cmake)
[0.909s] -- Using PYTHON_EXECUTABLE: /usr/bin/python3
[0.909s] -- Using PYTHON_INCLUDE_DIRS: /usr/include/python3.8
[0.909s] -- Using PYTHON_LIBRARIES: /usr/lib/x86_64-linux-gnu/libpython3.8.so
[0.955s] -- Added test 'copyright' to check source files copyright and LICENSE
[0.957s] -- Added test 'lint_cmake' to check CMake code style
[0.958s] -- Added test 'xmllint' to check XML markup files
[0.968s] -- Configuring done
[1.098s] -- Generating done
[1.109s] -- Build files have been written to: /home/ro/ros2_ws/build/tutorial_interfaces
[1.147s] [  2%] Built target tutorial_interfaces__cpp
[1.163s] [ 12%] Built target tutorial_interfaces__rosidl_generator_c
[1.184s] [ 23%] Built target tutorial_interfaces__rosidl_typesupport_cpp
[1.212s] [ 34%] Built target tutorial_interfaces__rosidl_typesupport_fastrtps_cpp
[1.218s] [ 44%] Built target tutorial_interfaces__rosidl_typesupport_introspection_c
[1.254s] [ 59%] Built target tutorial_interfaces__rosidl_typesupport_introspection_cpp
[1.255s] [ 65%] Built target tutorial_interfaces__rosidl_typesupport_c
[1.286s] [ 76%] Built target tutorial_interfaces__rosidl_typesupport_fastrtps_c
[1.308s] [ 76%] Built target tutorial_interfaces
[1.344s] [ 78%] Built target tutorial_interfaces__py
[1.397s] [ 87%] Built target tutorial_interfaces__python
[1.424s] [ 93%] Built target tutorial_interfaces__rosidl_typesupport_c__pyext
[1.425s] [ 95%] Built target tutorial_interfaces__rosidl_typesupport_introspection_c__pyext
[1.462s] [100%] Built target tutorial_interfaces__rosidl_typesupport_fastrtps_c__pyext
[1.490s] Invoked command in '/home/ro/ros2_ws/build/tutorial_interfaces' returned '0': CMAKE_PREFIX_PATH=${CMAKE_PREFIX_PATH}:/home/ro/ros2_ws/install/py_srvcli:/home/ro/ros2_ws/install/py_pubsub:/home/ro/ros2_ws/install/action_example:/opt/ros/foxy /usr/bin/cmake --build /home/ro/ros2_ws/build/tutorial_interfaces -- -j2 -l2
[1.655s] Invoking command in '/home/ro/ros2_ws/build/tutorial_interfaces': CMAKE_PREFIX_PATH=${CMAKE_PREFIX_PATH}:/home/ro/ros2_ws/install/py_srvcli:/home/ro/ros2_ws/install/py_pubsub:/home/ro/ros2_ws/install/action_example:/opt/ros/foxy /usr/bin/cmake --install /home/ro/ros2_ws/build/tutorial_interfaces
[1.665s] -- Install configuration: ""
[1.667s] -- Up-to-date: /home/ro/ros2_ws/install/tutorial_interfaces/share/ament_index/resource_index/rosidl_interfaces/tutorial_interfaces
[1.667s] -- Up-to-date: /home/ro/ros2_ws/install/tutorial_interfaces/include/tutorial_interfaces
[1.667s] -- Up-to-date: /home/ro/ros2_ws/install/tutorial_interfaces/include/tutorial_interfaces/srv
[1.667s] -- Up-to-date: /home/ro/ros2_ws/install/tutorial_interfaces/include/tutorial_interfaces/srv/detail
[1.667s] -- Up-to-date: /home/ro/ros2_ws/install/tutorial_interfaces/include/tutorial_interfaces/srv/detail/add_three_ints__struct.h
[1.667s] -- Up-to-date: /home/ro/ros2_ws/install/tutorial_interfaces/include/tutorial_interfaces/srv/detail/add_three_ints__type_support.h
[1.667s] -- Up-to-date: /home/ro/ros2_ws/install/tutorial_interfaces/include/tutorial_interfaces/srv/detail/add_three_ints__functions.c
[1.669s] -- Up-to-date: /home/ro/ros2_ws/install/tutorial_interfaces/include/tutorial_interfaces/srv/detail/add_three_ints__functions.h
[1.669s] -- Up-to-date: /home/ro/ros2_ws/install/tutorial_interfaces/include/tutorial_interfaces/srv/add_three_ints.h
[1.669s] -- Up-to-date: /home/ro/ros2_ws/install/tutorial_interfaces/include/tutorial_interfaces/msg
[1.669s] -- Up-to-date: /home/ro/ros2_ws/install/tutorial_interfaces/include/tutorial_interfaces/msg/detail
[1.669s] -- Up-to-date: /home/ro/ros2_ws/install/tutorial_interfaces/include/tutorial_interfaces/msg/detail/num__type_support.h
[1.669s] -- Up-to-date: /home/ro/ros2_ws/install/tutorial_interfaces/include/tutorial_interfaces/msg/detail/sphere__type_support.h
[1.669s] -- Up-to-date: /home/ro/ros2_ws/install/tutorial_interfaces/include/tutorial_interfaces/msg/detail/num__functions.h
[1.670s] -- Up-to-date: /home/ro/ros2_ws/install/tutorial_interfaces/include/tutorial_interfaces/msg/detail/sphere__functions.h
[1.670s] -- Up-to-date: /home/ro/ros2_ws/install/tutorial_interfaces/include/tutorial_interfaces/msg/detail/num__struct.h
[1.670s] -- Up-to-date: /home/ro/ros2_ws/install/tutorial_interfaces/include/tutorial_interfaces/msg/detail/num__functions.c
[1.670s] -- Up-to-date: /home/ro/ros2_ws/install/tutorial_interfaces/include/tutorial_interfaces/msg/detail/sphere__struct.h
[1.670s] -- Up-to-date: /home/ro/ros2_ws/install/tutorial_interfaces/include/tutorial_interfaces/msg/detail/sphere__functions.c
[1.670s] -- Up-to-date: /home/ro/ros2_ws/install/tutorial_interfaces/include/tutorial_interfaces/msg/rosidl_generator_c__visibility_control.h
[1.670s] -- Up-to-date: /home/ro/ros2_ws/install/tutorial_interfaces/include/tutorial_interfaces/msg/num.h
[1.674s] -- Up-to-date: /home/ro/ros2_ws/install/tutorial_interfaces/include/tutorial_interfaces/msg/sphere.h
[1.674s] -- Up-to-date: /home/ro/ros2_ws/install/tutorial_interfaces/share/tutorial_interfaces/environment/library_path.sh
[1.674s] -- Installing: /home/ro/ros2_ws/install/tutorial_interfaces/share/tutorial_interfaces/environment/library_path.dsv
[1.674s] -- Up-to-date: /home/ro/ros2_ws/install/tutorial_interfaces/lib/libtutorial_interfaces__rosidl_generator_c.so
[1.674s] -- Up-to-date: /home/ro/ros2_ws/install/tutorial_interfaces/include/tutorial_interfaces
[1.674s] -- Up-to-date: /home/ro/ros2_ws/install/tutorial_interfaces/include/tutorial_interfaces/srv
[1.674s] -- Up-to-date: /home/ro/ros2_ws/install/tutorial_interfaces/include/tutorial_interfaces/srv/detail
[1.675s] -- Up-to-date: /home/ro/ros2_ws/install/tutorial_interfaces/include/tutorial_interfaces/srv/detail/add_three_ints__rosidl_typesupport_fastrtps_c.h
[1.675s] -- Up-to-date: /home/ro/ros2_ws/install/tutorial_interfaces/include/tutorial_interfaces/msg
[1.676s] -- Up-to-date: /home/ro/ros2_ws/install/tutorial_interfaces/include/tutorial_interfaces/msg/detail
[1.676s] -- Up-to-date: /home/ro/ros2_ws/install/tutorial_interfaces/include/tutorial_interfaces/msg/detail/num__rosidl_typesupport_fastrtps_c.h
[1.676s] -- Up-to-date: /home/ro/ros2_ws/install/tutorial_interfaces/include/tutorial_interfaces/msg/detail/sphere__rosidl_typesupport_fastrtps_c.h
[1.677s] -- Up-to-date: /home/ro/ros2_ws/install/tutorial_interfaces/include/tutorial_interfaces/msg/rosidl_typesupport_fastrtps_c__visibility_control.h
[1.678s] -- Up-to-date: /home/ro/ros2_ws/install/tutorial_interfaces/lib/libtutorial_interfaces__rosidl_typesupport_fastrtps_c.so
[1.678s] -- Up-to-date: /home/ro/ros2_ws/install/tutorial_interfaces/include/tutorial_interfaces
[1.678s] -- Up-to-date: /home/ro/ros2_ws/install/tutorial_interfaces/include/tutorial_interfaces/srv
[1.678s] -- Up-to-date: /home/ro/ros2_ws/install/tutorial_interfaces/include/tutorial_interfaces/srv/detail
[1.678s] -- Up-to-date: /home/ro/ros2_ws/install/tutorial_interfaces/include/tutorial_interfaces/srv/detail/add_three_ints__rosidl_typesupport_fastrtps_cpp.hpp
[1.678s] -- Up-to-date: /home/ro/ros2_ws/install/tutorial_interfaces/include/tutorial_interfaces/srv/detail/dds_fastrtps
[1.678s] -- Up-to-date: /home/ro/ros2_ws/install/tutorial_interfaces/include/tutorial_interfaces/msg
[1.678s] -- Up-to-date: /home/ro/ros2_ws/install/tutorial_interfaces/include/tutorial_interfaces/msg/rosidl_typesupport_fastrtps_cpp__visibility_control.h
[1.678s] -- Up-to-date: /home/ro/ros2_ws/install/tutorial_interfaces/include/tutorial_interfaces/msg/detail
[1.678s] -- Up-to-date: /home/ro/ros2_ws/install/tutorial_interfaces/include/tutorial_interfaces/msg/detail/num__rosidl_typesupport_fastrtps_cpp.hpp
[1.679s] -- Up-to-date: /home/ro/ros2_ws/install/tutorial_interfaces/include/tutorial_interfaces/msg/detail/sphere__rosidl_typesupport_fastrtps_cpp.hpp
[1.679s] -- Up-to-date: /home/ro/ros2_ws/install/tutorial_interfaces/include/tutorial_interfaces/msg/detail/dds_fastrtps
[1.679s] -- Up-to-date: /home/ro/ros2_ws/install/tutorial_interfaces/lib/libtutorial_interfaces__rosidl_typesupport_fastrtps_cpp.so
[1.679s] -- Up-to-date: /home/ro/ros2_ws/install/tutorial_interfaces/include/tutorial_interfaces
[1.679s] -- Up-to-date: /home/ro/ros2_ws/install/tutorial_interfaces/include/tutorial_interfaces/srv
[1.679s] -- Up-to-date: /home/ro/ros2_ws/install/tutorial_interfaces/include/tutorial_interfaces/srv/detail
[1.679s] -- Up-to-date: /home/ro/ros2_ws/install/tutorial_interfaces/include/tutorial_interfaces/srv/detail/add_three_ints__type_support.c
[1.679s] -- Up-to-date: /home/ro/ros2_ws/install/tutorial_interfaces/include/tutorial_interfaces/srv/detail/add_three_ints__rosidl_typesupport_introspection_c.h
[1.679s] -- Up-to-date: /home/ro/ros2_ws/install/tutorial_interfaces/include/tutorial_interfaces/msg
[1.679s] -- Up-to-date: /home/ro/ros2_ws/install/tutorial_interfaces/include/tutorial_interfaces/msg/detail
[1.679s] -- Up-to-date: /home/ro/ros2_ws/install/tutorial_interfaces/include/tutorial_interfaces/msg/detail/sphere__type_support.c
[1.679s] -- Up-to-date: /home/ro/ros2_ws/install/tutorial_interfaces/include/tutorial_interfaces/msg/detail/num__rosidl_typesupport_introspection_c.h
[1.679s] -- Up-to-date: /home/ro/ros2_ws/install/tutorial_interfaces/include/tutorial_interfaces/msg/detail/sphere__rosidl_typesupport_introspection_c.h
[1.681s] -- Up-to-date: /home/ro/ros2_ws/install/tutorial_interfaces/include/tutorial_interfaces/msg/detail/num__type_support.c
[1.681s] -- Up-to-date: /home/ro/ros2_ws/install/tutorial_interfaces/include/tutorial_interfaces/msg/rosidl_typesupport_introspection_c__visibility_control.h
[1.681s] -- Up-to-date: /home/ro/ros2_ws/install/tutorial_interfaces/lib/libtutorial_interfaces__rosidl_typesupport_introspection_c.so
[1.681s] -- Up-to-date: /home/ro/ros2_ws/install/tutorial_interfaces/lib/libtutorial_interfaces__rosidl_typesupport_c.so
[1.681s] -- Up-to-date: /home/ro/ros2_ws/install/tutorial_interfaces/include/tutorial_interfaces
[1.681s] -- Up-to-date: /home/ro/ros2_ws/install/tutorial_interfaces/include/tutorial_interfaces/srv
[1.681s] -- Up-to-date: /home/ro/ros2_ws/install/tutorial_interfaces/include/tutorial_interfaces/srv/detail
[1.681s] -- Up-to-date: /home/ro/ros2_ws/install/tutorial_interfaces/include/tutorial_interfaces/srv/detail/add_three_ints__struct.hpp
[1.681s] -- Up-to-date: /home/ro/ros2_ws/install/tutorial_interfaces/include/tutorial_interfaces/srv/detail/add_three_ints__traits.hpp
[1.681s] -- Up-to-date: /home/ro/ros2_ws/install/tutorial_interfaces/include/tutorial_interfaces/srv/detail/add_three_ints__type_support.hpp
[1.681s] -- Up-to-date: /home/ro/ros2_ws/install/tutorial_interfaces/include/tutorial_interfaces/srv/detail/add_three_ints__builder.hpp
[1.681s] -- Up-to-date: /home/ro/ros2_ws/install/tutorial_interfaces/include/tutorial_interfaces/srv/add_three_ints.hpp
[1.681s] -- Up-to-date: /home/ro/ros2_ws/install/tutorial_interfaces/include/tutorial_interfaces/msg
[1.681s] -- Up-to-date: /home/ro/ros2_ws/install/tutorial_interfaces/include/tutorial_interfaces/msg/detail
[1.681s] -- Up-to-date: /home/ro/ros2_ws/install/tutorial_interfaces/include/tutorial_interfaces/msg/detail/sphere__type_support.hpp
[1.681s] -- Up-to-date: /home/ro/ros2_ws/install/tutorial_interfaces/include/tutorial_interfaces/msg/detail/sphere__struct.hpp
[1.681s] -- Up-to-date: /home/ro/ros2_ws/install/tutorial_interfaces/include/tutorial_interfaces/msg/detail/num__struct.hpp
[1.681s] -- Up-to-date: /home/ro/ros2_ws/install/tutorial_interfaces/include/tutorial_interfaces/msg/detail/num__traits.hpp
[1.681s] -- Up-to-date: /home/ro/ros2_ws/install/tutorial_interfaces/include/tutorial_interfaces/msg/detail/sphere__builder.hpp
[1.682s] -- Up-to-date: /home/ro/ros2_ws/install/tutorial_interfaces/include/tutorial_interfaces/msg/detail/num__type_support.hpp
[1.682s] -- Up-to-date: /home/ro/ros2_ws/install/tutorial_interfaces/include/tutorial_interfaces/msg/detail/sphere__traits.hpp
[1.682s] -- Up-to-date: /home/ro/ros2_ws/install/tutorial_interfaces/include/tutorial_interfaces/msg/detail/num__builder.hpp
[1.682s] -- Up-to-date: /home/ro/ros2_ws/install/tutorial_interfaces/include/tutorial_interfaces/msg/rosidl_generator_cpp__visibility_control.hpp
[1.682s] -- Up-to-date: /home/ro/ros2_ws/install/tutorial_interfaces/include/tutorial_interfaces/msg/num.hpp
[1.682s] -- Up-to-date: /home/ro/ros2_ws/install/tutorial_interfaces/include/tutorial_interfaces/msg/sphere.hpp
[1.682s] -- Up-to-date: /home/ro/ros2_ws/install/tutorial_interfaces/include/tutorial_interfaces
[1.682s] -- Up-to-date: /home/ro/ros2_ws/install/tutorial_interfaces/include/tutorial_interfaces/srv
[1.682s] -- Up-to-date: /home/ro/ros2_ws/install/tutorial_interfaces/include/tutorial_interfaces/srv/detail
[1.682s] -- Up-to-date: /home/ro/ros2_ws/install/tutorial_interfaces/include/tutorial_interfaces/srv/detail/add_three_ints__rosidl_typesupport_introspection_cpp.hpp
[1.682s] -- Up-to-date: /home/ro/ros2_ws/install/tutorial_interfaces/include/tutorial_interfaces/srv/detail/add_three_ints__type_support.cpp
[1.682s] -- Up-to-date: /home/ro/ros2_ws/install/tutorial_interfaces/include/tutorial_interfaces/msg
[1.683s] -- Up-to-date: /home/ro/ros2_ws/install/tutorial_interfaces/include/tutorial_interfaces/msg/detail
[1.683s] -- Up-to-date: /home/ro/ros2_ws/install/tutorial_interfaces/include/tutorial_interfaces/msg/detail/num__type_support.cpp
[1.683s] -- Up-to-date: /home/ro/ros2_ws/install/tutorial_interfaces/include/tutorial_interfaces/msg/detail/sphere__rosidl_typesupport_introspection_cpp.hpp
[1.683s] -- Up-to-date: /home/ro/ros2_ws/install/tutorial_interfaces/include/tutorial_interfaces/msg/detail/num__rosidl_typesupport_introspection_cpp.hpp
[1.683s] -- Up-to-date: /home/ro/ros2_ws/install/tutorial_interfaces/include/tutorial_interfaces/msg/detail/sphere__type_support.cpp
[1.683s] -- Up-to-date: /home/ro/ros2_ws/install/tutorial_interfaces/lib/libtutorial_interfaces__rosidl_typesupport_introspection_cpp.so
[1.683s] -- Up-to-date: /home/ro/ros2_ws/install/tutorial_interfaces/lib/libtutorial_interfaces__rosidl_typesupport_cpp.so
[1.683s] -- Up-to-date: /home/ro/ros2_ws/install/tutorial_interfaces/share/tutorial_interfaces/environment/pythonpath.sh
[1.683s] -- Installing: /home/ro/ros2_ws/install/tutorial_interfaces/share/tutorial_interfaces/environment/pythonpath.dsv
[1.683s] -- Installing: /home/ro/ros2_ws/install/tutorial_interfaces/lib/python3.8/site-packages/tutorial_interfaces/__init__.py
[1.710s] Compiling '/home/ro/ros2_ws/install/tutorial_interfaces/lib/python3.8/site-packages/tutorial_interfaces/__init__.py'...
[1.713s] -- Up-to-date: /home/ro/ros2_ws/install/tutorial_interfaces/lib/python3.8/site-packages/tutorial_interfaces/msg
[1.713s] -- Up-to-date: /home/ro/ros2_ws/install/tutorial_interfaces/lib/python3.8/site-packages/tutorial_interfaces/msg/_num_s.c
[1.713s] -- Up-to-date: /home/ro/ros2_ws/install/tutorial_interfaces/lib/python3.8/site-packages/tutorial_interfaces/msg/_sphere.py
[1.713s] -- Up-to-date: /home/ro/ros2_ws/install/tutorial_interfaces/lib/python3.8/site-packages/tutorial_interfaces/msg/_num.py
[1.713s] -- Up-to-date: /home/ro/ros2_ws/install/tutorial_interfaces/lib/python3.8/site-packages/tutorial_interfaces/msg/_sphere_s.c
[1.713s] -- Up-to-date: /home/ro/ros2_ws/install/tutorial_interfaces/lib/python3.8/site-packages/tutorial_interfaces/msg/__init__.py
[1.713s] -- Up-to-date: /home/ro/ros2_ws/install/tutorial_interfaces/lib/python3.8/site-packages/tutorial_interfaces/srv
[1.713s] -- Up-to-date: /home/ro/ros2_ws/install/tutorial_interfaces/lib/python3.8/site-packages/tutorial_interfaces/srv/_add_three_ints_s.c
[1.713s] -- Up-to-date: /home/ro/ros2_ws/install/tutorial_interfaces/lib/python3.8/site-packages/tutorial_interfaces/srv/_add_three_ints.py
[1.713s] -- Up-to-date: /home/ro/ros2_ws/install/tutorial_interfaces/lib/python3.8/site-packages/tutorial_interfaces/srv/__init__.py
[1.713s] -- Up-to-date: /home/ro/ros2_ws/install/tutorial_interfaces/lib/python3.8/site-packages/tutorial_interfaces/tutorial_interfaces_s__rosidl_typesupport_fastrtps_c.cpython-38-x86_64-linux-gnu.so
[1.714s] -- Up-to-date: /home/ro/ros2_ws/install/tutorial_interfaces/lib/python3.8/site-packages/tutorial_interfaces/tutorial_interfaces_s__rosidl_typesupport_introspection_c.cpython-38-x86_64-linux-gnu.so
[1.716s] -- Up-to-date: /home/ro/ros2_ws/install/tutorial_interfaces/lib/python3.8/site-packages/tutorial_interfaces/tutorial_interfaces_s__rosidl_typesupport_c.cpython-38-x86_64-linux-gnu.so
[1.717s] -- Up-to-date: /home/ro/ros2_ws/install/tutorial_interfaces/lib/libtutorial_interfaces__python.so
[1.718s] -- Up-to-date: /home/ro/ros2_ws/install/tutorial_interfaces/share/tutorial_interfaces/msg/Num.idl
[1.718s] -- Up-to-date: /home/ro/ros2_ws/install/tutorial_interfaces/share/tutorial_interfaces/msg/Sphere.idl
[1.718s] -- Up-to-date: /home/ro/ros2_ws/install/tutorial_interfaces/share/tutorial_interfaces/srv/AddThreeInts.idl
[1.718s] -- Up-to-date: /home/ro/ros2_ws/install/tutorial_interfaces/share/tutorial_interfaces/msg/Num.msg
[1.718s] -- Up-to-date: /home/ro/ros2_ws/install/tutorial_interfaces/share/tutorial_interfaces/msg/Sphere.msg
[1.718s] -- Up-to-date: /home/ro/ros2_ws/install/tutorial_interfaces/share/tutorial_interfaces/srv/AddThreeInts.srv
[1.718s] -- Up-to-date: /home/ro/ros2_ws/install/tutorial_interfaces/share/tutorial_interfaces/srv/AddThreeInts_Request.msg
[1.718s] -- Up-to-date: /home/ro/ros2_ws/install/tutorial_interfaces/share/tutorial_interfaces/srv/AddThreeInts_Response.msg
[1.718s] -- Up-to-date: /home/ro/ros2_ws/install/tutorial_interfaces/share/ament_index/resource_index/package_run_dependencies/tutorial_interfaces
[1.718s] -- Installing: /home/ro/ros2_ws/install/tutorial_interfaces/share/ament_index/resource_index/parent_prefix_path/tutorial_interfaces
[1.718s] -- Up-to-date: /home/ro/ros2_ws/install/tutorial_interfaces/share/tutorial_interfaces/environment/ament_prefix_path.sh
[1.718s] -- Installing: /home/ro/ros2_ws/install/tutorial_interfaces/share/tutorial_interfaces/environment/ament_prefix_path.dsv
[1.718s] -- Up-to-date: /home/ro/ros2_ws/install/tutorial_interfaces/share/tutorial_interfaces/environment/path.sh
[1.718s] -- Installing: /home/ro/ros2_ws/install/tutorial_interfaces/share/tutorial_interfaces/environment/path.dsv
[1.719s] -- Up-to-date: /home/ro/ros2_ws/install/tutorial_interfaces/share/tutorial_interfaces/local_setup.bash
[1.719s] -- Installing: /home/ro/ros2_ws/install/tutorial_interfaces/share/tutorial_interfaces/local_setup.sh
[1.720s] -- Up-to-date: /home/ro/ros2_ws/install/tutorial_interfaces/share/tutorial_interfaces/local_setup.zsh
[1.720s] -- Installing: /home/ro/ros2_ws/install/tutorial_interfaces/share/tutorial_interfaces/local_setup.dsv
[1.720s] -- Installing: /home/ro/ros2_ws/install/tutorial_interfaces/share/tutorial_interfaces/package.dsv
[1.720s] -- Up-to-date: /home/ro/ros2_ws/install/tutorial_interfaces/share/ament_index/resource_index/packages/tutorial_interfaces
[1.721s] -- Up-to-date: /home/ro/ros2_ws/install/tutorial_interfaces/share/tutorial_interfaces/cmake/tutorial_interfaces__rosidl_generator_cExport.cmake
[1.721s] -- Installing: /home/ro/ros2_ws/install/tutorial_interfaces/share/tutorial_interfaces/cmake/tutorial_interfaces__rosidl_generator_cExport-noconfig.cmake
[1.721s] -- Up-to-date: /home/ro/ros2_ws/install/tutorial_interfaces/share/tutorial_interfaces/cmake/tutorial_interfaces__rosidl_typesupport_introspection_cExport.cmake
[1.721s] -- Installing: /home/ro/ros2_ws/install/tutorial_interfaces/share/tutorial_interfaces/cmake/tutorial_interfaces__rosidl_typesupport_introspection_cExport-noconfig.cmake
[1.721s] -- Up-to-date: /home/ro/ros2_ws/install/tutorial_interfaces/share/tutorial_interfaces/cmake/tutorial_interfaces__rosidl_typesupport_cExport.cmake
[1.721s] -- Installing: /home/ro/ros2_ws/install/tutorial_interfaces/share/tutorial_interfaces/cmake/tutorial_interfaces__rosidl_typesupport_cExport-noconfig.cmake
[1.722s] -- Up-to-date: /home/ro/ros2_ws/install/tutorial_interfaces/share/tutorial_interfaces/cmake/tutorial_interfaces__rosidl_generator_cppExport.cmake
[1.723s] -- Up-to-date: /home/ro/ros2_ws/install/tutorial_interfaces/share/tutorial_interfaces/cmake/tutorial_interfaces__rosidl_typesupport_introspection_cppExport.cmake
[1.723s] -- Installing: /home/ro/ros2_ws/install/tutorial_interfaces/share/tutorial_interfaces/cmake/tutorial_interfaces__rosidl_typesupport_introspection_cppExport-noconfig.cmake
[1.724s] -- Up-to-date: /home/ro/ros2_ws/install/tutorial_interfaces/share/tutorial_interfaces/cmake/tutorial_interfaces__rosidl_typesupport_cppExport.cmake
[1.724s] -- Installing: /home/ro/ros2_ws/install/tutorial_interfaces/share/tutorial_interfaces/cmake/tutorial_interfaces__rosidl_typesupport_cppExport-noconfig.cmake
[1.724s] -- Installing: /home/ro/ros2_ws/install/tutorial_interfaces/share/tutorial_interfaces/cmake/rosidl_cmake-extras.cmake
[1.724s] -- Installing: /home/ro/ros2_ws/install/tutorial_interfaces/share/tutorial_interfaces/cmake/ament_cmake_export_dependencies-extras.cmake
[1.726s] -- Up-to-date: /home/ro/ros2_ws/install/tutorial_interfaces/share/tutorial_interfaces/cmake/ament_cmake_export_libraries-extras.cmake
[1.726s] -- Up-to-date: /home/ro/ros2_ws/install/tutorial_interfaces/share/tutorial_interfaces/cmake/ament_cmake_export_targets-extras.cmake
[1.726s] -- Up-to-date: /home/ro/ros2_ws/install/tutorial_interfaces/share/tutorial_interfaces/cmake/ament_cmake_export_include_directories-extras.cmake
[1.726s] -- Up-to-date: /home/ro/ros2_ws/install/tutorial_interfaces/share/tutorial_interfaces/cmake/rosidl_cmake_export_typesupport_libraries-extras.cmake
[1.726s] -- Up-to-date: /home/ro/ros2_ws/install/tutorial_interfaces/share/tutorial_interfaces/cmake/rosidl_cmake_export_typesupport_targets-extras.cmake
[1.726s] -- Installing: /home/ro/ros2_ws/install/tutorial_interfaces/share/tutorial_interfaces/cmake/tutorial_interfacesConfig.cmake
[1.727s] -- Up-to-date: /home/ro/ros2_ws/install/tutorial_interfaces/share/tutorial_interfaces/cmake/tutorial_interfacesConfig-version.cmake
[1.727s] -- Up-to-date: /home/ro/ros2_ws/install/tutorial_interfaces/share/tutorial_interfaces/package.xml
[1.732s] Invoked command in '/home/ro/ros2_ws/build/tutorial_interfaces' returned '0': CMAKE_PREFIX_PATH=${CMAKE_PREFIX_PATH}:/home/ro/ros2_ws/install/py_srvcli:/home/ro/ros2_ws/install/py_pubsub:/home/ro/ros2_ws/install/action_example:/opt/ros/foxy /usr/bin/cmake --install /home/ro/ros2_ws/build/tutorial_interfaces
