[0.208s] DEBUG:colcon:Command line arguments: ['/usr/bin/colcon', 'list', '-p', '--base-paths', '/home/ro/ros2_ws']
[0.208s] DEBUG:colcon:Parsed command line arguments: Namespace(allow_overriding=[], base_paths=['/home/ro/ros2_ws'], build_base='build', ignore_user_meta=False, log_base=None, log_level=None, main=<bound method ListVerb.main of <colcon_package_information.verb.list.ListVerb object at 0x7f52ee3644c0>>, metas=['./colcon.meta'], names_only=False, packages_above=None, packages_above_and_dependencies=None, packages_above_depth=None, packages_end=None, packages_ignore=None, packages_ignore_regex=None, packages_select=None, packages_select_build_failed=False, packages_select_by_dep=None, packages_select_regex=None, packages_select_test_failures=False, packages_skip=None, packages_skip_build_finished=False, packages_skip_by_dep=None, packages_skip_regex=None, packages_skip_test_passed=False, packages_skip_up_to=None, packages_start=None, packages_up_to=None, packages_up_to_regex=None, paths=None, paths_only=True, topological_graph=False, topological_graph_density=False, topological_graph_dot=False, topological_graph_dot_cluster=False, topological_graph_dot_include_skipped=False, topological_graph_legend=False, topological_order=False, verb_extension=<colcon_package_information.verb.list.ListVerb object at 0x7f52ee3644c0>, verb_name='list', verb_parser=<colcon_defaults.argument_parser.defaults.DefaultArgumentsDecorator object at 0x7f52ee375340>)
[2.415s] Level 1:colcon.colcon_core.package_discovery:discover_packages(colcon_meta) check parameters
[2.415s] Level 1:colcon.colcon_core.package_discovery:discover_packages(recursive) check parameters
[2.415s] Level 1:colcon.colcon_core.package_discovery:discover_packages(ignore) check parameters
[2.415s] Level 1:colcon.colcon_core.package_discovery:discover_packages(path) check parameters
[2.415s] Level 1:colcon.colcon_core.package_discovery:discover_packages(recursive) discover
[2.415s] INFO:colcon.colcon_core.package_discovery:Crawling recursively for packages in '/home/ro/ros2_ws'
[2.415s] Level 1:colcon.colcon_core.package_identification:_identify(/home/ro/ros2_ws) by extensions ['ignore', 'ignore_ament_install']
[2.415s] Level 1:colcon.colcon_core.package_identification:_identify(/home/ro/ros2_ws) by extension 'ignore'
[2.415s] Level 1:colcon.colcon_core.package_identification:_identify(/home/ro/ros2_ws) by extension 'ignore_ament_install'
[2.416s] Level 1:colcon.colcon_core.package_identification:_identify(/home/ro/ros2_ws) by extensions ['colcon_pkg']
[2.416s] Level 1:colcon.colcon_core.package_identification:_identify(/home/ro/ros2_ws) by extension 'colcon_pkg'
[2.416s] Level 1:colcon.colcon_core.package_identification:_identify(/home/ro/ros2_ws) by extensions ['colcon_meta']
[2.416s] Level 1:colcon.colcon_core.package_identification:_identify(/home/ro/ros2_ws) by extension 'colcon_meta'
[2.416s] Level 1:colcon.colcon_core.package_identification:_identify(/home/ro/ros2_ws) by extensions ['ros']
[2.416s] Level 1:colcon.colcon_core.package_identification:_identify(/home/ro/ros2_ws) by extension 'ros'
[2.810s] Level 1:colcon.colcon_core.package_identification:_identify(/home/ro/ros2_ws) by extensions ['cmake', 'python']
[2.810s] Level 1:colcon.colcon_core.package_identification:_identify(/home/ro/ros2_ws) by extension 'cmake'
[2.866s] Level 1:colcon.colcon_core.package_identification:_identify(/home/ro/ros2_ws) by extension 'python'
[2.866s] Level 1:colcon.colcon_core.package_identification:_identify(/home/ro/ros2_ws) by extensions ['python_setup_py']
[2.866s] Level 1:colcon.colcon_core.package_identification:_identify(/home/ro/ros2_ws) by extension 'python_setup_py'
[2.871s] Level 1:colcon.colcon_core.package_identification:_identify(/home/ro/ros2_ws/build) by extensions ['ignore', 'ignore_ament_install']
[2.871s] Level 1:colcon.colcon_core.package_identification:_identify(/home/ro/ros2_ws/build) by extension 'ignore'
[2.871s] Level 1:colcon.colcon_core.package_identification:_identify(/home/ro/ros2_ws/build) ignored
[2.871s] Level 1:colcon.colcon_core.package_identification:_identify(/home/ro/ros2_ws/install) by extensions ['ignore', 'ignore_ament_install']
[2.872s] Level 1:colcon.colcon_core.package_identification:_identify(/home/ro/ros2_ws/install) by extension 'ignore'
[2.872s] Level 1:colcon.colcon_core.package_identification:_identify(/home/ro/ros2_ws/install) ignored
[2.872s] Level 1:colcon.colcon_core.package_identification:_identify(/home/ro/ros2_ws/log) by extensions ['ignore', 'ignore_ament_install']
[2.872s] Level 1:colcon.colcon_core.package_identification:_identify(/home/ro/ros2_ws/log) by extension 'ignore'
[2.872s] Level 1:colcon.colcon_core.package_identification:_identify(/home/ro/ros2_ws/log) ignored
[2.872s] Level 1:colcon.colcon_core.package_identification:_identify(/home/ro/ros2_ws/src) by extensions ['ignore', 'ignore_ament_install']
[2.872s] Level 1:colcon.colcon_core.package_identification:_identify(/home/ro/ros2_ws/src) by extension 'ignore'
[2.872s] Level 1:colcon.colcon_core.package_identification:_identify(/home/ro/ros2_ws/src) by extension 'ignore_ament_install'
[2.872s] Level 1:colcon.colcon_core.package_identification:_identify(/home/ro/ros2_ws/src) by extensions ['colcon_pkg']
[2.872s] Level 1:colcon.colcon_core.package_identification:_identify(/home/ro/ros2_ws/src) by extension 'colcon_pkg'
[2.872s] Level 1:colcon.colcon_core.package_identification:_identify(/home/ro/ros2_ws/src) by extensions ['colcon_meta']
[2.872s] Level 1:colcon.colcon_core.package_identification:_identify(/home/ro/ros2_ws/src) by extension 'colcon_meta'
[2.872s] Level 1:colcon.colcon_core.package_identification:_identify(/home/ro/ros2_ws/src) by extensions ['ros']
[2.872s] Level 1:colcon.colcon_core.package_identification:_identify(/home/ro/ros2_ws/src) by extension 'ros'
[2.872s] Level 1:colcon.colcon_core.package_identification:_identify(/home/ro/ros2_ws/src) by extensions ['cmake', 'python']
[2.872s] Level 1:colcon.colcon_core.package_identification:_identify(/home/ro/ros2_ws/src) by extension 'cmake'
[2.872s] Level 1:colcon.colcon_core.package_identification:_identify(/home/ro/ros2_ws/src) by extension 'python'
[2.873s] Level 1:colcon.colcon_core.package_identification:_identify(/home/ro/ros2_ws/src) by extensions ['python_setup_py']
[2.873s] Level 1:colcon.colcon_core.package_identification:_identify(/home/ro/ros2_ws/src) by extension 'python_setup_py'
[2.873s] Level 1:colcon.colcon_core.package_identification:_identify(/home/ro/ros2_ws/src/py_pubsub) by extensions ['ignore', 'ignore_ament_install']
[2.873s] Level 1:colcon.colcon_core.package_identification:_identify(/home/ro/ros2_ws/src/py_pubsub) by extension 'ignore'
[2.873s] Level 1:colcon.colcon_core.package_identification:_identify(/home/ro/ros2_ws/src/py_pubsub) by extension 'ignore_ament_install'
[2.873s] Level 1:colcon.colcon_core.package_identification:_identify(/home/ro/ros2_ws/src/py_pubsub) by extensions ['colcon_pkg']
[2.873s] Level 1:colcon.colcon_core.package_identification:_identify(/home/ro/ros2_ws/src/py_pubsub) by extension 'colcon_pkg'
[2.873s] Level 1:colcon.colcon_core.package_identification:_identify(/home/ro/ros2_ws/src/py_pubsub) by extensions ['colcon_meta']
[2.873s] Level 1:colcon.colcon_core.package_identification:_identify(/home/ro/ros2_ws/src/py_pubsub) by extension 'colcon_meta'
[2.873s] Level 1:colcon.colcon_core.package_identification:_identify(/home/ro/ros2_ws/src/py_pubsub) by extensions ['ros']
[2.873s] Level 1:colcon.colcon_core.package_identification:_identify(/home/ro/ros2_ws/src/py_pubsub) by extension 'ros'
[2.964s] DEBUG:colcon.colcon_core.package_identification:Package '/home/ro/ros2_ws/src/py_pubsub' with type 'ros.ament_python' and name 'py_pubsub'
[2.964s] Level 1:colcon.colcon_core.package_identification:_identify(/home/ro/ros2_ws/src/py_srvcli) by extensions ['ignore', 'ignore_ament_install']
[2.964s] Level 1:colcon.colcon_core.package_identification:_identify(/home/ro/ros2_ws/src/py_srvcli) by extension 'ignore'
[2.964s] Level 1:colcon.colcon_core.package_identification:_identify(/home/ro/ros2_ws/src/py_srvcli) by extension 'ignore_ament_install'
[2.964s] Level 1:colcon.colcon_core.package_identification:_identify(/home/ro/ros2_ws/src/py_srvcli) by extensions ['colcon_pkg']
[2.964s] Level 1:colcon.colcon_core.package_identification:_identify(/home/ro/ros2_ws/src/py_srvcli) by extension 'colcon_pkg'
[2.965s] Level 1:colcon.colcon_core.package_identification:_identify(/home/ro/ros2_ws/src/py_srvcli) by extensions ['colcon_meta']
[2.965s] Level 1:colcon.colcon_core.package_identification:_identify(/home/ro/ros2_ws/src/py_srvcli) by extension 'colcon_meta'
[2.965s] Level 1:colcon.colcon_core.package_identification:_identify(/home/ro/ros2_ws/src/py_srvcli) by extensions ['ros']
[2.965s] Level 1:colcon.colcon_core.package_identification:_identify(/home/ro/ros2_ws/src/py_srvcli) by extension 'ros'
[2.982s] DEBUG:colcon.colcon_core.package_identification:Package '/home/ro/ros2_ws/src/py_srvcli' with type 'ros.ament_python' and name 'py_srvcli'
[2.982s] Level 1:colcon.colcon_core.package_identification:_identify(/home/ro/ros2_ws/src/sec_pkg) by extensions ['ignore', 'ignore_ament_install']
[2.982s] Level 1:colcon.colcon_core.package_identification:_identify(/home/ro/ros2_ws/src/sec_pkg) by extension 'ignore'
[2.982s] Level 1:colcon.colcon_core.package_identification:_identify(/home/ro/ros2_ws/src/sec_pkg) by extension 'ignore_ament_install'
[2.982s] Level 1:colcon.colcon_core.package_identification:_identify(/home/ro/ros2_ws/src/sec_pkg) by extensions ['colcon_pkg']
[2.982s] Level 1:colcon.colcon_core.package_identification:_identify(/home/ro/ros2_ws/src/sec_pkg) by extension 'colcon_pkg'
[2.982s] Level 1:colcon.colcon_core.package_identification:_identify(/home/ro/ros2_ws/src/sec_pkg) by extensions ['colcon_meta']
[2.982s] Level 1:colcon.colcon_core.package_identification:_identify(/home/ro/ros2_ws/src/sec_pkg) by extension 'colcon_meta'
[2.982s] Level 1:colcon.colcon_core.package_identification:_identify(/home/ro/ros2_ws/src/sec_pkg) by extensions ['ros']
[2.982s] Level 1:colcon.colcon_core.package_identification:_identify(/home/ro/ros2_ws/src/sec_pkg) by extension 'ros'
[2.993s] DEBUG:colcon.colcon_core.package_identification:Package '/home/ro/ros2_ws/src/sec_pkg' with type 'ros.ament_python' and name 'sec_pkg'
[2.993s] Level 1:colcon.colcon_core.package_identification:_identify(/home/ro/ros2_ws/src/test_pkg) by extensions ['ignore', 'ignore_ament_install']
[2.993s] Level 1:colcon.colcon_core.package_identification:_identify(/home/ro/ros2_ws/src/test_pkg) by extension 'ignore'
[3.002s] Level 1:colcon.colcon_core.package_identification:_identify(/home/ro/ros2_ws/src/test_pkg) by extension 'ignore_ament_install'
[3.003s] Level 1:colcon.colcon_core.package_identification:_identify(/home/ro/ros2_ws/src/test_pkg) by extensions ['colcon_pkg']
[3.003s] Level 1:colcon.colcon_core.package_identification:_identify(/home/ro/ros2_ws/src/test_pkg) by extension 'colcon_pkg'
[3.003s] Level 1:colcon.colcon_core.package_identification:_identify(/home/ro/ros2_ws/src/test_pkg) by extensions ['colcon_meta']
[3.003s] Level 1:colcon.colcon_core.package_identification:_identify(/home/ro/ros2_ws/src/test_pkg) by extension 'colcon_meta'
[3.003s] Level 1:colcon.colcon_core.package_identification:_identify(/home/ro/ros2_ws/src/test_pkg) by extensions ['ros']
[3.003s] Level 1:colcon.colcon_core.package_identification:_identify(/home/ro/ros2_ws/src/test_pkg) by extension 'ros'
[3.008s] DEBUG:colcon.colcon_core.package_identification:Package '/home/ro/ros2_ws/src/test_pkg' with type 'ros.ament_python' and name 'test_pkg'
[3.008s] Level 1:colcon.colcon_core.package_discovery:discover_packages(recursive) using defaults
