[0.036s] Invoking command in '/home/ro/ros2_ws/build/tutorial_interfaces': CMAKE_PREFIX_PATH=/opt/ros/foxy /usr/bin/cmake --build /home/ro/ros2_ws/build/tutorial_interfaces -- -j2 -l2
[0.370s] [  2%] Built target tutorial_interfaces__cpp
[0.378s] [ 12%] Built target tutorial_interfaces__rosidl_generator_c
[0.404s] [ 23%] Built target tutorial_interfaces__rosidl_typesupport_cpp
[0.432s] [ 34%] Built target tutorial_interfaces__rosidl_typesupport_fastrtps_cpp
[0.474s] [ 44%] Built target tutorial_interfaces__rosidl_typesupport_introspection_c
[0.490s] [ 55%] Built target tutorial_interfaces__rosidl_typesupport_c
[0.515s] [ 65%] Built target tutorial_interfaces__rosidl_typesupport_introspection_cpp
[0.554s] [ 76%] Built target tutorial_interfaces__rosidl_typesupport_fastrtps_c
[0.596s] [ 76%] Built target tutorial_interfaces
[0.639s] [ 78%] Built target tutorial_interfaces__py
[0.683s] [ 87%] Built target tutorial_interfaces__python
[0.713s] [ 91%] Built target tutorial_interfaces__rosidl_typesupport_c__pyext
[0.719s] [ 95%] Built target tutorial_interfaces__rosidl_typesupport_introspection_c__pyext
[0.748s] [100%] Built target tutorial_interfaces__rosidl_typesupport_fastrtps_c__pyext
[0.775s] Invoked command in '/home/ro/ros2_ws/build/tutorial_interfaces' returned '0': CMAKE_PREFIX_PATH=/opt/ros/foxy /usr/bin/cmake --build /home/ro/ros2_ws/build/tutorial_interfaces -- -j2 -l2
[0.984s] Invoking command in '/home/ro/ros2_ws/build/tutorial_interfaces': CMAKE_PREFIX_PATH=/opt/ros/foxy /usr/bin/cmake --install /home/ro/ros2_ws/build/tutorial_interfaces
[1.007s] -- Install configuration: ""
[1.009s] -- Up-to-date: /home/ro/ros2_ws/install/tutorial_interfaces/share/ament_index/resource_index/rosidl_interfaces/tutorial_interfaces
[1.009s] -- Up-to-date: /home/ro/ros2_ws/install/tutorial_interfaces/include/tutorial_interfaces
[1.010s] -- Up-to-date: /home/ro/ros2_ws/install/tutorial_interfaces/include/tutorial_interfaces/srv
[1.010s] -- Up-to-date: /home/ro/ros2_ws/install/tutorial_interfaces/include/tutorial_interfaces/srv/detail
[1.010s] -- Up-to-date: /home/ro/ros2_ws/install/tutorial_interfaces/include/tutorial_interfaces/srv/detail/add_three_ints__struct.h
[1.011s] -- Up-to-date: /home/ro/ros2_ws/install/tutorial_interfaces/include/tutorial_interfaces/srv/detail/add_three_ints__type_support.h
[1.011s] -- Up-to-date: /home/ro/ros2_ws/install/tutorial_interfaces/include/tutorial_interfaces/srv/detail/add_three_ints__functions.c
[1.011s] -- Up-to-date: /home/ro/ros2_ws/install/tutorial_interfaces/include/tutorial_interfaces/srv/detail/add_three_ints__functions.h
[1.012s] -- Up-to-date: /home/ro/ros2_ws/install/tutorial_interfaces/include/tutorial_interfaces/srv/add_three_ints.h
[1.012s] -- Up-to-date: /home/ro/ros2_ws/install/tutorial_interfaces/include/tutorial_interfaces/msg
[1.012s] -- Up-to-date: /home/ro/ros2_ws/install/tutorial_interfaces/include/tutorial_interfaces/msg/detail
[1.013s] -- Up-to-date: /home/ro/ros2_ws/install/tutorial_interfaces/include/tutorial_interfaces/msg/detail/num__type_support.h
[1.013s] -- Up-to-date: /home/ro/ros2_ws/install/tutorial_interfaces/include/tutorial_interfaces/msg/detail/sphere__type_support.h
[1.013s] -- Up-to-date: /home/ro/ros2_ws/install/tutorial_interfaces/include/tutorial_interfaces/msg/detail/num__functions.h
[1.013s] -- Up-to-date: /home/ro/ros2_ws/install/tutorial_interfaces/include/tutorial_interfaces/msg/detail/sphere__functions.h
[1.014s] -- Up-to-date: /home/ro/ros2_ws/install/tutorial_interfaces/include/tutorial_interfaces/msg/detail/num__struct.h
[1.014s] -- Up-to-date: /home/ro/ros2_ws/install/tutorial_interfaces/include/tutorial_interfaces/msg/detail/num__functions.c
[1.014s] -- Up-to-date: /home/ro/ros2_ws/install/tutorial_interfaces/include/tutorial_interfaces/msg/detail/sphere__struct.h
[1.015s] -- Up-to-date: /home/ro/ros2_ws/install/tutorial_interfaces/include/tutorial_interfaces/msg/detail/sphere__functions.c
[1.024s] -- Up-to-date: /home/ro/ros2_ws/install/tutorial_interfaces/include/tutorial_interfaces/msg/rosidl_generator_c__visibility_control.h
[1.024s] -- Up-to-date: /home/ro/ros2_ws/install/tutorial_interfaces/include/tutorial_interfaces/msg/num.h
[1.024s] -- Up-to-date: /home/ro/ros2_ws/install/tutorial_interfaces/include/tutorial_interfaces/msg/sphere.h
[1.024s] -- Up-to-date: /home/ro/ros2_ws/install/tutorial_interfaces/share/tutorial_interfaces/environment/library_path.sh
[1.024s] -- Up-to-date: /home/ro/ros2_ws/install/tutorial_interfaces/share/tutorial_interfaces/environment/library_path.dsv
[1.026s] -- Up-to-date: /home/ro/ros2_ws/install/tutorial_interfaces/lib/libtutorial_interfaces__rosidl_generator_c.so
[1.028s] -- Up-to-date: /home/ro/ros2_ws/install/tutorial_interfaces/include/tutorial_interfaces
[1.028s] -- Up-to-date: /home/ro/ros2_ws/install/tutorial_interfaces/include/tutorial_interfaces/srv
[1.028s] -- Up-to-date: /home/ro/ros2_ws/install/tutorial_interfaces/include/tutorial_interfaces/srv/detail
[1.028s] -- Up-to-date: /home/ro/ros2_ws/install/tutorial_interfaces/include/tutorial_interfaces/srv/detail/add_three_ints__rosidl_typesupport_fastrtps_c.h
[1.028s] -- Up-to-date: /home/ro/ros2_ws/install/tutorial_interfaces/include/tutorial_interfaces/msg
[1.028s] -- Up-to-date: /home/ro/ros2_ws/install/tutorial_interfaces/include/tutorial_interfaces/msg/detail
[1.028s] -- Up-to-date: /home/ro/ros2_ws/install/tutorial_interfaces/include/tutorial_interfaces/msg/detail/num__rosidl_typesupport_fastrtps_c.h
[1.029s] -- Up-to-date: /home/ro/ros2_ws/install/tutorial_interfaces/include/tutorial_interfaces/msg/detail/sphere__rosidl_typesupport_fastrtps_c.h
[1.029s] -- Up-to-date: /home/ro/ros2_ws/install/tutorial_interfaces/include/tutorial_interfaces/msg/rosidl_typesupport_fastrtps_c__visibility_control.h
[1.034s] -- Up-to-date: /home/ro/ros2_ws/install/tutorial_interfaces/lib/libtutorial_interfaces__rosidl_typesupport_fastrtps_c.so
[1.034s] -- Up-to-date: /home/ro/ros2_ws/install/tutorial_interfaces/include/tutorial_interfaces
[1.034s] -- Up-to-date: /home/ro/ros2_ws/install/tutorial_interfaces/include/tutorial_interfaces/srv
[1.034s] -- Up-to-date: /home/ro/ros2_ws/install/tutorial_interfaces/include/tutorial_interfaces/srv/detail
[1.034s] -- Up-to-date: /home/ro/ros2_ws/install/tutorial_interfaces/include/tutorial_interfaces/srv/detail/add_three_ints__rosidl_typesupport_fastrtps_cpp.hpp
[1.034s] -- Up-to-date: /home/ro/ros2_ws/install/tutorial_interfaces/include/tutorial_interfaces/srv/detail/dds_fastrtps
[1.034s] -- Up-to-date: /home/ro/ros2_ws/install/tutorial_interfaces/include/tutorial_interfaces/msg
[1.034s] -- Up-to-date: /home/ro/ros2_ws/install/tutorial_interfaces/include/tutorial_interfaces/msg/rosidl_typesupport_fastrtps_cpp__visibility_control.h
[1.034s] -- Up-to-date: /home/ro/ros2_ws/install/tutorial_interfaces/include/tutorial_interfaces/msg/detail
[1.035s] -- Up-to-date: /home/ro/ros2_ws/install/tutorial_interfaces/include/tutorial_interfaces/msg/detail/num__rosidl_typesupport_fastrtps_cpp.hpp
[1.035s] -- Up-to-date: /home/ro/ros2_ws/install/tutorial_interfaces/include/tutorial_interfaces/msg/detail/sphere__rosidl_typesupport_fastrtps_cpp.hpp
[1.035s] -- Up-to-date: /home/ro/ros2_ws/install/tutorial_interfaces/include/tutorial_interfaces/msg/detail/dds_fastrtps
[1.036s] -- Up-to-date: /home/ro/ros2_ws/install/tutorial_interfaces/lib/libtutorial_interfaces__rosidl_typesupport_fastrtps_cpp.so
[1.036s] -- Up-to-date: /home/ro/ros2_ws/install/tutorial_interfaces/include/tutorial_interfaces
[1.036s] -- Up-to-date: /home/ro/ros2_ws/install/tutorial_interfaces/include/tutorial_interfaces/srv
[1.036s] -- Up-to-date: /home/ro/ros2_ws/install/tutorial_interfaces/include/tutorial_interfaces/srv/detail
[1.036s] -- Up-to-date: /home/ro/ros2_ws/install/tutorial_interfaces/include/tutorial_interfaces/srv/detail/add_three_ints__type_support.c
[1.037s] -- Up-to-date: /home/ro/ros2_ws/install/tutorial_interfaces/include/tutorial_interfaces/srv/detail/add_three_ints__rosidl_typesupport_introspection_c.h
[1.037s] -- Up-to-date: /home/ro/ros2_ws/install/tutorial_interfaces/include/tutorial_interfaces/msg
[1.037s] -- Up-to-date: /home/ro/ros2_ws/install/tutorial_interfaces/include/tutorial_interfaces/msg/detail
[1.037s] -- Up-to-date: /home/ro/ros2_ws/install/tutorial_interfaces/include/tutorial_interfaces/msg/detail/sphere__type_support.c
[1.037s] -- Up-to-date: /home/ro/ros2_ws/install/tutorial_interfaces/include/tutorial_interfaces/msg/detail/num__rosidl_typesupport_introspection_c.h
[1.037s] -- Up-to-date: /home/ro/ros2_ws/install/tutorial_interfaces/include/tutorial_interfaces/msg/detail/sphere__rosidl_typesupport_introspection_c.h
[1.037s] -- Up-to-date: /home/ro/ros2_ws/install/tutorial_interfaces/include/tutorial_interfaces/msg/detail/num__type_support.c
[1.037s] -- Up-to-date: /home/ro/ros2_ws/install/tutorial_interfaces/include/tutorial_interfaces/msg/rosidl_typesupport_introspection_c__visibility_control.h
[1.043s] -- Up-to-date: /home/ro/ros2_ws/install/tutorial_interfaces/lib/libtutorial_interfaces__rosidl_typesupport_introspection_c.so
[1.045s] -- Up-to-date: /home/ro/ros2_ws/install/tutorial_interfaces/lib/libtutorial_interfaces__rosidl_typesupport_c.so
[1.046s] -- Up-to-date: /home/ro/ros2_ws/install/tutorial_interfaces/include/tutorial_interfaces
[1.046s] -- Up-to-date: /home/ro/ros2_ws/install/tutorial_interfaces/include/tutorial_interfaces/srv
[1.046s] -- Up-to-date: /home/ro/ros2_ws/install/tutorial_interfaces/include/tutorial_interfaces/srv/detail
[1.047s] -- Up-to-date: /home/ro/ros2_ws/install/tutorial_interfaces/include/tutorial_interfaces/srv/detail/add_three_ints__struct.hpp
[1.049s] -- Up-to-date: /home/ro/ros2_ws/install/tutorial_interfaces/include/tutorial_interfaces/srv/detail/add_three_ints__traits.hpp
[1.049s] -- Up-to-date: /home/ro/ros2_ws/install/tutorial_interfaces/include/tutorial_interfaces/srv/detail/add_three_ints__type_support.hpp
[1.049s] -- Up-to-date: /home/ro/ros2_ws/install/tutorial_interfaces/include/tutorial_interfaces/srv/detail/add_three_ints__builder.hpp
[1.049s] -- Up-to-date: /home/ro/ros2_ws/install/tutorial_interfaces/include/tutorial_interfaces/srv/add_three_ints.hpp
[1.050s] -- Up-to-date: /home/ro/ros2_ws/install/tutorial_interfaces/include/tutorial_interfaces/msg
[1.050s] -- Up-to-date: /home/ro/ros2_ws/install/tutorial_interfaces/include/tutorial_interfaces/msg/detail
[1.050s] -- Up-to-date: /home/ro/ros2_ws/install/tutorial_interfaces/include/tutorial_interfaces/msg/detail/sphere__type_support.hpp
[1.051s] -- Up-to-date: /home/ro/ros2_ws/install/tutorial_interfaces/include/tutorial_interfaces/msg/detail/sphere__struct.hpp
[1.051s] -- Up-to-date: /home/ro/ros2_ws/install/tutorial_interfaces/include/tutorial_interfaces/msg/detail/num__struct.hpp
[1.053s] -- Up-to-date: /home/ro/ros2_ws/install/tutorial_interfaces/include/tutorial_interfaces/msg/detail/num__traits.hpp
[1.053s] -- Up-to-date: /home/ro/ros2_ws/install/tutorial_interfaces/include/tutorial_interfaces/msg/detail/sphere__builder.hpp
[1.053s] -- Up-to-date: /home/ro/ros2_ws/install/tutorial_interfaces/include/tutorial_interfaces/msg/detail/num__type_support.hpp
[1.053s] -- Up-to-date: /home/ro/ros2_ws/install/tutorial_interfaces/include/tutorial_interfaces/msg/detail/sphere__traits.hpp
[1.053s] -- Up-to-date: /home/ro/ros2_ws/install/tutorial_interfaces/include/tutorial_interfaces/msg/detail/num__builder.hpp
[1.053s] -- Up-to-date: /home/ro/ros2_ws/install/tutorial_interfaces/include/tutorial_interfaces/msg/rosidl_generator_cpp__visibility_control.hpp
[1.054s] -- Up-to-date: /home/ro/ros2_ws/install/tutorial_interfaces/include/tutorial_interfaces/msg/num.hpp
[1.054s] -- Up-to-date: /home/ro/ros2_ws/install/tutorial_interfaces/include/tutorial_interfaces/msg/sphere.hpp
[1.054s] -- Up-to-date: /home/ro/ros2_ws/install/tutorial_interfaces/include/tutorial_interfaces
[1.054s] -- Up-to-date: /home/ro/ros2_ws/install/tutorial_interfaces/include/tutorial_interfaces/srv
[1.054s] -- Up-to-date: /home/ro/ros2_ws/install/tutorial_interfaces/include/tutorial_interfaces/srv/detail
[1.054s] -- Up-to-date: /home/ro/ros2_ws/install/tutorial_interfaces/include/tutorial_interfaces/srv/detail/add_three_ints__rosidl_typesupport_introspection_cpp.hpp
[1.055s] -- Up-to-date: /home/ro/ros2_ws/install/tutorial_interfaces/include/tutorial_interfaces/srv/detail/add_three_ints__type_support.cpp
[1.055s] -- Up-to-date: /home/ro/ros2_ws/install/tutorial_interfaces/include/tutorial_interfaces/msg
[1.055s] -- Up-to-date: /home/ro/ros2_ws/install/tutorial_interfaces/include/tutorial_interfaces/msg/detail
[1.055s] -- Up-to-date: /home/ro/ros2_ws/install/tutorial_interfaces/include/tutorial_interfaces/msg/detail/num__type_support.cpp
[1.055s] -- Up-to-date: /home/ro/ros2_ws/install/tutorial_interfaces/include/tutorial_interfaces/msg/detail/sphere__rosidl_typesupport_introspection_cpp.hpp
[1.055s] -- Up-to-date: /home/ro/ros2_ws/install/tutorial_interfaces/include/tutorial_interfaces/msg/detail/num__rosidl_typesupport_introspection_cpp.hpp
[1.055s] -- Up-to-date: /home/ro/ros2_ws/install/tutorial_interfaces/include/tutorial_interfaces/msg/detail/sphere__type_support.cpp
[1.062s] -- Up-to-date: /home/ro/ros2_ws/install/tutorial_interfaces/lib/libtutorial_interfaces__rosidl_typesupport_introspection_cpp.so
[1.064s] -- Up-to-date: /home/ro/ros2_ws/install/tutorial_interfaces/lib/libtutorial_interfaces__rosidl_typesupport_cpp.so
[1.069s] -- Up-to-date: /home/ro/ros2_ws/install/tutorial_interfaces/share/tutorial_interfaces/environment/pythonpath.sh
[1.069s] -- Up-to-date: /home/ro/ros2_ws/install/tutorial_interfaces/share/tutorial_interfaces/environment/pythonpath.dsv
[1.069s] -- Up-to-date: /home/ro/ros2_ws/install/tutorial_interfaces/lib/python3.8/site-packages/tutorial_interfaces/__init__.py
[1.120s] -- Up-to-date: /home/ro/ros2_ws/install/tutorial_interfaces/lib/python3.8/site-packages/tutorial_interfaces/msg
[1.121s] -- Up-to-date: /home/ro/ros2_ws/install/tutorial_interfaces/lib/python3.8/site-packages/tutorial_interfaces/msg/_num_s.c
[1.121s] -- Up-to-date: /home/ro/ros2_ws/install/tutorial_interfaces/lib/python3.8/site-packages/tutorial_interfaces/msg/_sphere.py
[1.121s] -- Up-to-date: /home/ro/ros2_ws/install/tutorial_interfaces/lib/python3.8/site-packages/tutorial_interfaces/msg/_num.py
[1.121s] -- Up-to-date: /home/ro/ros2_ws/install/tutorial_interfaces/lib/python3.8/site-packages/tutorial_interfaces/msg/_sphere_s.c
[1.121s] -- Up-to-date: /home/ro/ros2_ws/install/tutorial_interfaces/lib/python3.8/site-packages/tutorial_interfaces/msg/__init__.py
[1.123s] -- Up-to-date: /home/ro/ros2_ws/install/tutorial_interfaces/lib/python3.8/site-packages/tutorial_interfaces/srv
[1.123s] -- Up-to-date: /home/ro/ros2_ws/install/tutorial_interfaces/lib/python3.8/site-packages/tutorial_interfaces/srv/_add_three_ints_s.c
[1.123s] -- Up-to-date: /home/ro/ros2_ws/install/tutorial_interfaces/lib/python3.8/site-packages/tutorial_interfaces/srv/_add_three_ints.py
[1.124s] -- Up-to-date: /home/ro/ros2_ws/install/tutorial_interfaces/lib/python3.8/site-packages/tutorial_interfaces/srv/__init__.py
[1.124s] -- Up-to-date: /home/ro/ros2_ws/install/tutorial_interfaces/lib/python3.8/site-packages/tutorial_interfaces/tutorial_interfaces_s__rosidl_typesupport_fastrtps_c.cpython-38-x86_64-linux-gnu.so
[1.129s] -- Up-to-date: /home/ro/ros2_ws/install/tutorial_interfaces/lib/python3.8/site-packages/tutorial_interfaces/tutorial_interfaces_s__rosidl_typesupport_introspection_c.cpython-38-x86_64-linux-gnu.so
[1.133s] -- Up-to-date: /home/ro/ros2_ws/install/tutorial_interfaces/lib/python3.8/site-packages/tutorial_interfaces/tutorial_interfaces_s__rosidl_typesupport_c.cpython-38-x86_64-linux-gnu.so
[1.135s] -- Up-to-date: /home/ro/ros2_ws/install/tutorial_interfaces/lib/libtutorial_interfaces__python.so
[1.139s] -- Up-to-date: /home/ro/ros2_ws/install/tutorial_interfaces/share/tutorial_interfaces/msg/Num.idl
[1.139s] -- Up-to-date: /home/ro/ros2_ws/install/tutorial_interfaces/share/tutorial_interfaces/msg/Sphere.idl
[1.140s] -- Up-to-date: /home/ro/ros2_ws/install/tutorial_interfaces/share/tutorial_interfaces/srv/AddThreeInts.idl
[1.140s] -- Up-to-date: /home/ro/ros2_ws/install/tutorial_interfaces/share/tutorial_interfaces/msg/Num.msg
[1.140s] -- Up-to-date: /home/ro/ros2_ws/install/tutorial_interfaces/share/tutorial_interfaces/msg/Sphere.msg
[1.140s] -- Up-to-date: /home/ro/ros2_ws/install/tutorial_interfaces/share/tutorial_interfaces/srv/AddThreeInts.srv
[1.140s] -- Up-to-date: /home/ro/ros2_ws/install/tutorial_interfaces/share/tutorial_interfaces/srv/AddThreeInts_Request.msg
[1.140s] -- Up-to-date: /home/ro/ros2_ws/install/tutorial_interfaces/share/tutorial_interfaces/srv/AddThreeInts_Response.msg
[1.140s] -- Up-to-date: /home/ro/ros2_ws/install/tutorial_interfaces/share/ament_index/resource_index/package_run_dependencies/tutorial_interfaces
[1.140s] -- Up-to-date: /home/ro/ros2_ws/install/tutorial_interfaces/share/ament_index/resource_index/parent_prefix_path/tutorial_interfaces
[1.140s] -- Up-to-date: /home/ro/ros2_ws/install/tutorial_interfaces/share/tutorial_interfaces/environment/ament_prefix_path.sh
[1.140s] -- Up-to-date: /home/ro/ros2_ws/install/tutorial_interfaces/share/tutorial_interfaces/environment/ament_prefix_path.dsv
[1.140s] -- Up-to-date: /home/ro/ros2_ws/install/tutorial_interfaces/share/tutorial_interfaces/environment/path.sh
[1.140s] -- Up-to-date: /home/ro/ros2_ws/install/tutorial_interfaces/share/tutorial_interfaces/environment/path.dsv
[1.140s] -- Up-to-date: /home/ro/ros2_ws/install/tutorial_interfaces/share/tutorial_interfaces/local_setup.bash
[1.140s] -- Up-to-date: /home/ro/ros2_ws/install/tutorial_interfaces/share/tutorial_interfaces/local_setup.sh
[1.140s] -- Up-to-date: /home/ro/ros2_ws/install/tutorial_interfaces/share/tutorial_interfaces/local_setup.zsh
[1.141s] -- Up-to-date: /home/ro/ros2_ws/install/tutorial_interfaces/share/tutorial_interfaces/local_setup.dsv
[1.141s] -- Installing: /home/ro/ros2_ws/install/tutorial_interfaces/share/tutorial_interfaces/package.dsv
[1.141s] -- Up-to-date: /home/ro/ros2_ws/install/tutorial_interfaces/share/ament_index/resource_index/packages/tutorial_interfaces
[1.143s] -- Up-to-date: /home/ro/ros2_ws/install/tutorial_interfaces/share/tutorial_interfaces/cmake/tutorial_interfaces__rosidl_generator_cExport.cmake
[1.143s] -- Up-to-date: /home/ro/ros2_ws/install/tutorial_interfaces/share/tutorial_interfaces/cmake/tutorial_interfaces__rosidl_generator_cExport-noconfig.cmake
[1.144s] -- Up-to-date: /home/ro/ros2_ws/install/tutorial_interfaces/share/tutorial_interfaces/cmake/tutorial_interfaces__rosidl_typesupport_introspection_cExport.cmake
[1.144s] -- Up-to-date: /home/ro/ros2_ws/install/tutorial_interfaces/share/tutorial_interfaces/cmake/tutorial_interfaces__rosidl_typesupport_introspection_cExport-noconfig.cmake
[1.144s] -- Up-to-date: /home/ro/ros2_ws/install/tutorial_interfaces/share/tutorial_interfaces/cmake/tutorial_interfaces__rosidl_typesupport_cExport.cmake
[1.144s] -- Up-to-date: /home/ro/ros2_ws/install/tutorial_interfaces/share/tutorial_interfaces/cmake/tutorial_interfaces__rosidl_typesupport_cExport-noconfig.cmake
[1.146s] -- Up-to-date: /home/ro/ros2_ws/install/tutorial_interfaces/share/tutorial_interfaces/cmake/tutorial_interfaces__rosidl_generator_cppExport.cmake
[1.147s] -- Up-to-date: /home/ro/ros2_ws/install/tutorial_interfaces/share/tutorial_interfaces/cmake/tutorial_interfaces__rosidl_typesupport_introspection_cppExport.cmake
[1.147s] -- Up-to-date: /home/ro/ros2_ws/install/tutorial_interfaces/share/tutorial_interfaces/cmake/tutorial_interfaces__rosidl_typesupport_introspection_cppExport-noconfig.cmake
[1.153s] -- Up-to-date: /home/ro/ros2_ws/install/tutorial_interfaces/share/tutorial_interfaces/cmake/tutorial_interfaces__rosidl_typesupport_cppExport.cmake
[1.153s] -- Up-to-date: /home/ro/ros2_ws/install/tutorial_interfaces/share/tutorial_interfaces/cmake/tutorial_interfaces__rosidl_typesupport_cppExport-noconfig.cmake
[1.153s] -- Up-to-date: /home/ro/ros2_ws/install/tutorial_interfaces/share/tutorial_interfaces/cmake/rosidl_cmake-extras.cmake
[1.154s] -- Up-to-date: /home/ro/ros2_ws/install/tutorial_interfaces/share/tutorial_interfaces/cmake/ament_cmake_export_dependencies-extras.cmake
[1.154s] -- Up-to-date: /home/ro/ros2_ws/install/tutorial_interfaces/share/tutorial_interfaces/cmake/ament_cmake_export_libraries-extras.cmake
[1.154s] -- Up-to-date: /home/ro/ros2_ws/install/tutorial_interfaces/share/tutorial_interfaces/cmake/ament_cmake_export_targets-extras.cmake
[1.154s] -- Up-to-date: /home/ro/ros2_ws/install/tutorial_interfaces/share/tutorial_interfaces/cmake/ament_cmake_export_include_directories-extras.cmake
[1.154s] -- Up-to-date: /home/ro/ros2_ws/install/tutorial_interfaces/share/tutorial_interfaces/cmake/rosidl_cmake_export_typesupport_libraries-extras.cmake
[1.154s] -- Up-to-date: /home/ro/ros2_ws/install/tutorial_interfaces/share/tutorial_interfaces/cmake/rosidl_cmake_export_typesupport_targets-extras.cmake
[1.154s] -- Up-to-date: /home/ro/ros2_ws/install/tutorial_interfaces/share/tutorial_interfaces/cmake/tutorial_interfacesConfig.cmake
[1.154s] -- Up-to-date: /home/ro/ros2_ws/install/tutorial_interfaces/share/tutorial_interfaces/cmake/tutorial_interfacesConfig-version.cmake
[1.154s] -- Up-to-date: /home/ro/ros2_ws/install/tutorial_interfaces/share/tutorial_interfaces/package.xml
[1.169s] Invoked command in '/home/ro/ros2_ws/build/tutorial_interfaces' returned '0': CMAKE_PREFIX_PATH=/opt/ros/foxy /usr/bin/cmake --install /home/ro/ros2_ws/build/tutorial_interfaces
