[0.923s] DEBUG:colcon:Command line arguments: ['/usr/bin/colcon', 'build', '--packages-select', 'py_pubsub']
[0.923s] DEBUG:colcon:Parsed command line arguments: Namespace(allow_overriding=[], ament_cmake_args=None, base_paths=['.'], build_base='build', catkin_cmake_args=None, catkin_skip_building_tests=False, cmake_args=None, cmake_clean_cache=False, cmake_clean_first=False, cmake_force_configure=False, cmake_target=None, cmake_target_skip_unavailable=False, continue_on_error=False, event_handlers=None, executor='parallel', ignore_user_meta=False, install_base='install', log_base=None, log_level=None, main=<bound method BuildVerb.main of <colcon_core.verb.build.BuildVerb object at 0x7f4a91fc8a00>>, merge_install=False, metas=['./colcon.meta'], packages_above=None, packages_above_and_dependencies=None, packages_above_depth=None, packages_end=None, packages_ignore=None, packages_ignore_regex=None, packages_select=['py_pubsub'], packages_select_build_failed=False, packages_select_by_dep=None, packages_select_regex=None, packages_select_test_failures=False, packages_skip=None, packages_skip_build_finished=False, packages_skip_by_dep=None, packages_skip_regex=None, packages_skip_test_passed=False, packages_skip_up_to=None, packages_start=None, packages_up_to=None, packages_up_to_regex=None, parallel_workers=2, paths=None, symlink_install=False, test_result_base=None, verb_extension=<colcon_core.verb.build.BuildVerb object at 0x7f4a91fc8a00>, verb_name='build', verb_parser=<colcon_defaults.argument_parser.defaults.DefaultArgumentsDecorator object at 0x7f4a91e76730>)
[1.398s] Level 1:colcon.colcon_core.package_discovery:discover_packages(colcon_meta) check parameters
[1.398s] Level 1:colcon.colcon_core.package_discovery:discover_packages(recursive) check parameters
[1.398s] Level 1:colcon.colcon_core.package_discovery:discover_packages(ignore) check parameters
[1.398s] Level 1:colcon.colcon_core.package_discovery:discover_packages(path) check parameters
[1.398s] Level 1:colcon.colcon_core.package_discovery:discover_packages(colcon_meta) discover
[1.398s] Level 1:colcon.colcon_core.package_discovery:discover_packages(recursive) discover
[1.398s] INFO:colcon.colcon_core.package_discovery:Crawling recursively for packages in '/home/ro/ros2_ws'
[1.399s] Level 1:colcon.colcon_core.package_identification:_identify(.) by extensions ['ignore', 'ignore_ament_install']
[1.399s] Level 1:colcon.colcon_core.package_identification:_identify(.) by extension 'ignore'
[1.399s] Level 1:colcon.colcon_core.package_identification:_identify(.) by extension 'ignore_ament_install'
[1.400s] Level 1:colcon.colcon_core.package_identification:_identify(.) by extensions ['colcon_pkg']
[1.400s] Level 1:colcon.colcon_core.package_identification:_identify(.) by extension 'colcon_pkg'
[1.400s] Level 1:colcon.colcon_core.package_identification:_identify(.) by extensions ['colcon_meta']
[1.400s] Level 1:colcon.colcon_core.package_identification:_identify(.) by extension 'colcon_meta'
[1.400s] Level 1:colcon.colcon_core.package_identification:_identify(.) by extensions ['ros']
[1.400s] Level 1:colcon.colcon_core.package_identification:_identify(.) by extension 'ros'
[1.586s] Level 1:colcon.colcon_core.package_identification:_identify(.) by extensions ['cmake', 'python']
[1.586s] Level 1:colcon.colcon_core.package_identification:_identify(.) by extension 'cmake'
[1.586s] Level 1:colcon.colcon_core.package_identification:_identify(.) by extension 'python'
[1.586s] Level 1:colcon.colcon_core.package_identification:_identify(.) by extensions ['python_setup_py']
[1.587s] Level 1:colcon.colcon_core.package_identification:_identify(.) by extension 'python_setup_py'
[1.587s] Level 1:colcon.colcon_core.package_identification:_identify(build) by extensions ['ignore', 'ignore_ament_install']
[1.587s] Level 1:colcon.colcon_core.package_identification:_identify(build) by extension 'ignore'
[1.587s] Level 1:colcon.colcon_core.package_identification:_identify(build) ignored
[1.587s] Level 1:colcon.colcon_core.package_identification:_identify(install) by extensions ['ignore', 'ignore_ament_install']
[1.588s] Level 1:colcon.colcon_core.package_identification:_identify(install) by extension 'ignore'
[1.588s] Level 1:colcon.colcon_core.package_identification:_identify(install) ignored
[1.588s] Level 1:colcon.colcon_core.package_identification:_identify(log) by extensions ['ignore', 'ignore_ament_install']
[1.589s] Level 1:colcon.colcon_core.package_identification:_identify(log) by extension 'ignore'
[1.589s] Level 1:colcon.colcon_core.package_identification:_identify(log) ignored
[1.589s] Level 1:colcon.colcon_core.package_identification:_identify(src) by extensions ['ignore', 'ignore_ament_install']
[1.589s] Level 1:colcon.colcon_core.package_identification:_identify(src) by extension 'ignore'
[1.589s] Level 1:colcon.colcon_core.package_identification:_identify(src) by extension 'ignore_ament_install'
[1.589s] Level 1:colcon.colcon_core.package_identification:_identify(src) by extensions ['colcon_pkg']
[1.589s] Level 1:colcon.colcon_core.package_identification:_identify(src) by extension 'colcon_pkg'
[1.589s] Level 1:colcon.colcon_core.package_identification:_identify(src) by extensions ['colcon_meta']
[1.589s] Level 1:colcon.colcon_core.package_identification:_identify(src) by extension 'colcon_meta'
[1.589s] Level 1:colcon.colcon_core.package_identification:_identify(src) by extensions ['ros']
[1.589s] Level 1:colcon.colcon_core.package_identification:_identify(src) by extension 'ros'
[1.589s] Level 1:colcon.colcon_core.package_identification:_identify(src) by extensions ['cmake', 'python']
[1.589s] Level 1:colcon.colcon_core.package_identification:_identify(src) by extension 'cmake'
[1.589s] Level 1:colcon.colcon_core.package_identification:_identify(src) by extension 'python'
[1.589s] Level 1:colcon.colcon_core.package_identification:_identify(src) by extensions ['python_setup_py']
[1.589s] Level 1:colcon.colcon_core.package_identification:_identify(src) by extension 'python_setup_py'
[1.589s] Level 1:colcon.colcon_core.package_identification:_identify(src/py_pubsub) by extensions ['ignore', 'ignore_ament_install']
[1.589s] Level 1:colcon.colcon_core.package_identification:_identify(src/py_pubsub) by extension 'ignore'
[1.589s] Level 1:colcon.colcon_core.package_identification:_identify(src/py_pubsub) by extension 'ignore_ament_install'
[1.589s] Level 1:colcon.colcon_core.package_identification:_identify(src/py_pubsub) by extensions ['colcon_pkg']
[1.589s] Level 1:colcon.colcon_core.package_identification:_identify(src/py_pubsub) by extension 'colcon_pkg'
[1.589s] Level 1:colcon.colcon_core.package_identification:_identify(src/py_pubsub) by extensions ['colcon_meta']
[1.589s] Level 1:colcon.colcon_core.package_identification:_identify(src/py_pubsub) by extension 'colcon_meta'
[1.589s] Level 1:colcon.colcon_core.package_identification:_identify(src/py_pubsub) by extensions ['ros']
[1.589s] Level 1:colcon.colcon_core.package_identification:_identify(src/py_pubsub) by extension 'ros'
[1.603s] DEBUG:colcon.colcon_core.package_identification:Package 'src/py_pubsub' with type 'ros.ament_python' and name 'py_pubsub'
[1.604s] Level 1:colcon.colcon_core.package_identification:_identify(src/py_srvcli) by extensions ['ignore', 'ignore_ament_install']
[1.604s] Level 1:colcon.colcon_core.package_identification:_identify(src/py_srvcli) by extension 'ignore'
[1.604s] Level 1:colcon.colcon_core.package_identification:_identify(src/py_srvcli) by extension 'ignore_ament_install'
[1.604s] Level 1:colcon.colcon_core.package_identification:_identify(src/py_srvcli) by extensions ['colcon_pkg']
[1.604s] Level 1:colcon.colcon_core.package_identification:_identify(src/py_srvcli) by extension 'colcon_pkg'
[1.604s] Level 1:colcon.colcon_core.package_identification:_identify(src/py_srvcli) by extensions ['colcon_meta']
[1.604s] Level 1:colcon.colcon_core.package_identification:_identify(src/py_srvcli) by extension 'colcon_meta'
[1.604s] Level 1:colcon.colcon_core.package_identification:_identify(src/py_srvcli) by extensions ['ros']
[1.604s] Level 1:colcon.colcon_core.package_identification:_identify(src/py_srvcli) by extension 'ros'
[1.606s] DEBUG:colcon.colcon_core.package_identification:Package 'src/py_srvcli' with type 'ros.ament_python' and name 'py_srvcli'
[1.606s] Level 1:colcon.colcon_core.package_identification:_identify(src/sec_pkg) by extensions ['ignore', 'ignore_ament_install']
[1.606s] Level 1:colcon.colcon_core.package_identification:_identify(src/sec_pkg) by extension 'ignore'
[1.607s] Level 1:colcon.colcon_core.package_identification:_identify(src/sec_pkg) by extension 'ignore_ament_install'
[1.607s] Level 1:colcon.colcon_core.package_identification:_identify(src/sec_pkg) by extensions ['colcon_pkg']
[1.607s] Level 1:colcon.colcon_core.package_identification:_identify(src/sec_pkg) by extension 'colcon_pkg'
[1.607s] Level 1:colcon.colcon_core.package_identification:_identify(src/sec_pkg) by extensions ['colcon_meta']
[1.607s] Level 1:colcon.colcon_core.package_identification:_identify(src/sec_pkg) by extension 'colcon_meta'
[1.607s] Level 1:colcon.colcon_core.package_identification:_identify(src/sec_pkg) by extensions ['ros']
[1.607s] Level 1:colcon.colcon_core.package_identification:_identify(src/sec_pkg) by extension 'ros'
[1.608s] DEBUG:colcon.colcon_core.package_identification:Package 'src/sec_pkg' with type 'ros.ament_python' and name 'sec_pkg'
[1.609s] Level 1:colcon.colcon_core.package_identification:_identify(src/test_pkg) by extensions ['ignore', 'ignore_ament_install']
[1.609s] Level 1:colcon.colcon_core.package_identification:_identify(src/test_pkg) by extension 'ignore'
[1.609s] Level 1:colcon.colcon_core.package_identification:_identify(src/test_pkg) by extension 'ignore_ament_install'
[1.609s] Level 1:colcon.colcon_core.package_identification:_identify(src/test_pkg) by extensions ['colcon_pkg']
[1.609s] Level 1:colcon.colcon_core.package_identification:_identify(src/test_pkg) by extension 'colcon_pkg'
[1.609s] Level 1:colcon.colcon_core.package_identification:_identify(src/test_pkg) by extensions ['colcon_meta']
[1.609s] Level 1:colcon.colcon_core.package_identification:_identify(src/test_pkg) by extension 'colcon_meta'
[1.609s] Level 1:colcon.colcon_core.package_identification:_identify(src/test_pkg) by extensions ['ros']
[1.609s] Level 1:colcon.colcon_core.package_identification:_identify(src/test_pkg) by extension 'ros'
[1.610s] DEBUG:colcon.colcon_core.package_identification:Package 'src/test_pkg' with type 'ros.ament_python' and name 'test_pkg'
[1.610s] Level 1:colcon.colcon_core.package_discovery:discover_packages(recursive) using defaults
[1.610s] Level 1:colcon.colcon_core.package_discovery:discover_packages(ignore) discover
[1.611s] Level 1:colcon.colcon_core.package_discovery:discover_packages(ignore) using defaults
[1.611s] Level 1:colcon.colcon_core.package_discovery:discover_packages(path) discover
[1.611s] Level 1:colcon.colcon_core.package_discovery:discover_packages(path) using defaults
[1.800s] INFO:colcon.colcon_core.package_selection:Skipping not selected package 'py_srvcli' in 'src/py_srvcli'
[1.800s] INFO:colcon.colcon_core.package_selection:Skipping not selected package 'sec_pkg' in 'src/sec_pkg'
[1.800s] INFO:colcon.colcon_core.package_selection:Skipping not selected package 'test_pkg' in 'src/test_pkg'
[1.802s] Level 1:colcon.colcon_core.package_discovery:discover_packages(prefix_path) check parameters
[1.802s] Level 1:colcon.colcon_core.package_discovery:discover_packages(prefix_path) discover
[1.814s] DEBUG:colcon.colcon_installed_package_information.package_discovery:Found 263 installed packages in /opt/ros/foxy
[1.829s] Level 1:colcon.colcon_core.package_discovery:discover_packages(prefix_path) using defaults
[1.909s] ERROR:colcon.colcon_core.package_augmentation:Exception in package augmentation extension 'python': 'NoneType' object is not iterable
Traceback (most recent call last):
  File "/usr/lib/python3/dist-packages/colcon_core/package_augmentation/__init__.py", line 97, in augment_packages
    retval = extension.augment_packages(
  File "/usr/lib/python3/dist-packages/colcon_installed_package_information/package_augmentation/python.py", line 54, in augment_packages
    desc.dependencies['run'].update(
TypeError: 'NoneType' object is not iterable

[1.917s] Level 5:colcon.colcon_core.verb:set package 'py_pubsub' build argument 'cmake_args' from command line to 'None'
[1.917s] Level 5:colcon.colcon_core.verb:set package 'py_pubsub' build argument 'cmake_target' from command line to 'None'
[1.917s] Level 5:colcon.colcon_core.verb:set package 'py_pubsub' build argument 'cmake_target_skip_unavailable' from command line to 'False'
[1.917s] Level 5:colcon.colcon_core.verb:set package 'py_pubsub' build argument 'cmake_clean_cache' from command line to 'False'
[1.917s] Level 5:colcon.colcon_core.verb:set package 'py_pubsub' build argument 'cmake_clean_first' from command line to 'False'
[1.917s] Level 5:colcon.colcon_core.verb:set package 'py_pubsub' build argument 'cmake_force_configure' from command line to 'False'
[1.917s] Level 5:colcon.colcon_core.verb:set package 'py_pubsub' build argument 'ament_cmake_args' from command line to 'None'
[1.917s] Level 5:colcon.colcon_core.verb:set package 'py_pubsub' build argument 'catkin_cmake_args' from command line to 'None'
[1.917s] Level 5:colcon.colcon_core.verb:set package 'py_pubsub' build argument 'catkin_skip_building_tests' from command line to 'False'
[1.917s] DEBUG:colcon.colcon_core.verb:Building package 'py_pubsub' with the following arguments: {'ament_cmake_args': None, 'build_base': '/home/ro/ros2_ws/build/py_pubsub', 'catkin_cmake_args': None, 'catkin_skip_building_tests': False, 'cmake_args': None, 'cmake_clean_cache': False, 'cmake_clean_first': False, 'cmake_force_configure': False, 'cmake_target': None, 'cmake_target_skip_unavailable': False, 'install_base': '/home/ro/ros2_ws/install/py_pubsub', 'merge_install': False, 'path': '/home/ro/ros2_ws/src/py_pubsub', 'symlink_install': False, 'test_result_base': None}
[1.917s] INFO:colcon.colcon_core.executor:Executing jobs using 'parallel' executor
[1.919s] DEBUG:colcon.colcon_parallel_executor.executor.parallel:run_until_complete
[1.920s] INFO:colcon.colcon_ros.task.ament_python.build:Building ROS package in '/home/ro/ros2_ws/src/py_pubsub' with build type 'ament_python'
[1.920s] Level 1:colcon.colcon_core.shell:create_environment_hook('py_pubsub', 'ament_prefix_path')
[1.937s] INFO:colcon.colcon_core.plugin_system:Skipping extension 'colcon_core.shell.bat': Not used on non-Windows systems
[1.937s] INFO:colcon.colcon_core.shell:Creating environment hook '/home/ro/ros2_ws/install/py_pubsub/share/py_pubsub/hook/ament_prefix_path.ps1'
[1.940s] INFO:colcon.colcon_core.shell:Creating environment descriptor '/home/ro/ros2_ws/install/py_pubsub/share/py_pubsub/hook/ament_prefix_path.dsv'
[1.942s] INFO:colcon.colcon_core.shell:Creating environment hook '/home/ro/ros2_ws/install/py_pubsub/share/py_pubsub/hook/ament_prefix_path.sh'
[1.943s] INFO:colcon.colcon_core.shell:Skip shell extension 'powershell' for command environment: Not usable outside of PowerShell
[1.943s] DEBUG:colcon.colcon_core.shell:Skip shell extension 'dsv' for command environment
[2.184s] INFO:colcon.colcon_core.task.python.build:Building Python package in '/home/ro/ros2_ws/src/py_pubsub'
[2.184s] INFO:colcon.colcon_core.shell:Skip shell extension 'powershell' for command environment: Not usable outside of PowerShell
[2.184s] DEBUG:colcon.colcon_core.shell:Skip shell extension 'dsv' for command environment
[3.044s] DEBUG:colcon.colcon_core.event_handler.log_command:Invoking command in '/home/ro/ros2_ws/src/py_pubsub': PYTHONPATH=/home/ro/ros2_ws/build/py_pubsub/prefix_override:/home/ro/ros2_ws/install/py_pubsub/lib/python3.8/site-packages:${PYTHONPATH} /usr/bin/python3 -W ignore:setup.py install is deprecated setup.py egg_info --egg-base ../../build/py_pubsub build --build-base /home/ro/ros2_ws/build/py_pubsub/build install --record /home/ro/ros2_ws/build/py_pubsub/install.log --install-scripts $base/lib/py_pubsub --single-version-externally-managed install_data
[3.467s] DEBUG:colcon.colcon_core.event_handler.log_command:Invoked command in '/home/ro/ros2_ws/src/py_pubsub' returned '0': PYTHONPATH=/home/ro/ros2_ws/build/py_pubsub/prefix_override:/home/ro/ros2_ws/install/py_pubsub/lib/python3.8/site-packages:${PYTHONPATH} /usr/bin/python3 -W ignore:setup.py install is deprecated setup.py egg_info --egg-base ../../build/py_pubsub build --build-base /home/ro/ros2_ws/build/py_pubsub/build install --record /home/ro/ros2_ws/build/py_pubsub/install.log --install-scripts $base/lib/py_pubsub --single-version-externally-managed install_data
[3.485s] Level 1:colcon.colcon_core.environment:checking '/home/ro/ros2_ws/install/py_pubsub' for CMake module files
[3.487s] Level 1:colcon.colcon_core.environment:checking '/home/ro/ros2_ws/install/py_pubsub' for CMake config files
[3.487s] Level 1:colcon.colcon_core.environment:checking '/home/ro/ros2_ws/install/py_pubsub/lib'
[3.488s] Level 1:colcon.colcon_core.environment:checking '/home/ro/ros2_ws/install/py_pubsub/bin'
[3.488s] Level 1:colcon.colcon_core.environment:checking '/home/ro/ros2_ws/install/py_pubsub/lib/pkgconfig/py_pubsub.pc'
[3.488s] Level 1:colcon.colcon_core.environment:checking '/home/ro/ros2_ws/install/py_pubsub/lib/python3.8/site-packages'
[3.488s] Level 1:colcon.colcon_core.shell:create_environment_hook('py_pubsub', 'pythonpath')
[3.488s] INFO:colcon.colcon_core.shell:Creating environment hook '/home/ro/ros2_ws/install/py_pubsub/share/py_pubsub/hook/pythonpath.ps1'
[3.489s] INFO:colcon.colcon_core.shell:Creating environment descriptor '/home/ro/ros2_ws/install/py_pubsub/share/py_pubsub/hook/pythonpath.dsv'
[3.491s] INFO:colcon.colcon_core.shell:Creating environment hook '/home/ro/ros2_ws/install/py_pubsub/share/py_pubsub/hook/pythonpath.sh'
[3.492s] Level 1:colcon.colcon_core.environment:checking '/home/ro/ros2_ws/install/py_pubsub/bin'
[3.492s] Level 1:colcon.colcon_core.environment:create_environment_scripts_only(py_pubsub)
[3.493s] INFO:colcon.colcon_core.shell:Creating package script '/home/ro/ros2_ws/install/py_pubsub/share/py_pubsub/package.ps1'
[3.495s] INFO:colcon.colcon_core.shell:Creating package descriptor '/home/ro/ros2_ws/install/py_pubsub/share/py_pubsub/package.dsv'
[3.496s] INFO:colcon.colcon_core.shell:Creating package script '/home/ro/ros2_ws/install/py_pubsub/share/py_pubsub/package.sh'
[3.498s] INFO:colcon.colcon_core.shell:Creating package script '/home/ro/ros2_ws/install/py_pubsub/share/py_pubsub/package.bash'
[3.502s] INFO:colcon.colcon_core.shell:Creating package script '/home/ro/ros2_ws/install/py_pubsub/share/py_pubsub/package.zsh'
[3.504s] Level 1:colcon.colcon_core.environment:create_file_with_runtime_dependencies(/home/ro/ros2_ws/install/py_pubsub/share/colcon-core/packages/py_pubsub)
[3.505s] DEBUG:colcon.colcon_parallel_executor.executor.parallel:closing loop
[3.506s] DEBUG:colcon.colcon_parallel_executor.executor.parallel:loop closed
[3.506s] DEBUG:colcon.colcon_parallel_executor.executor.parallel:run_until_complete finished with '0'
[3.506s] DEBUG:colcon.colcon_core.event_reactor:joining thread
[3.541s] INFO:colcon.colcon_core.plugin_system:Skipping extension 'colcon_notification.desktop_notification.terminal_notifier': Not used on non-Darwin systems
[3.542s] INFO:colcon.colcon_core.plugin_system:Skipping extension 'colcon_notification.desktop_notification.win32': Not used on non-Windows systems
[3.542s] INFO:colcon.colcon_notification.desktop_notification:Sending desktop notification using 'notify2'
[3.693s] DEBUG:colcon.colcon_core.event_reactor:joined thread
[3.694s] INFO:colcon.colcon_core.shell:Creating prefix script '/home/ro/ros2_ws/install/local_setup.ps1'
[3.696s] INFO:colcon.colcon_core.shell:Creating prefix util module '/home/ro/ros2_ws/install/_local_setup_util_ps1.py'
[3.699s] INFO:colcon.colcon_core.shell:Creating prefix chain script '/home/ro/ros2_ws/install/setup.ps1'
[3.701s] INFO:colcon.colcon_core.shell:Creating prefix script '/home/ro/ros2_ws/install/local_setup.sh'
[3.704s] INFO:colcon.colcon_core.shell:Creating prefix util module '/home/ro/ros2_ws/install/_local_setup_util_sh.py'
[3.704s] INFO:colcon.colcon_core.shell:Creating prefix chain script '/home/ro/ros2_ws/install/setup.sh'
[3.706s] INFO:colcon.colcon_core.shell:Creating prefix script '/home/ro/ros2_ws/install/local_setup.bash'
[3.707s] INFO:colcon.colcon_core.shell:Creating prefix chain script '/home/ro/ros2_ws/install/setup.bash'
[3.709s] INFO:colcon.colcon_core.shell:Creating prefix script '/home/ro/ros2_ws/install/local_setup.zsh'
[3.711s] INFO:colcon.colcon_core.shell:Creating prefix chain script '/home/ro/ros2_ws/install/setup.zsh'
