running egg_info
creating ../../build/action_example/action_example.egg-info
writing ../../build/action_example/action_example.egg-info/PKG-INFO
writing dependency_links to ../../build/action_example/action_example.egg-info/dependency_links.txt
writing entry points to ../../build/action_example/action_example.egg-info/entry_points.txt
writing requirements to ../../build/action_example/action_example.egg-info/requires.txt
writing top-level names to ../../build/action_example/action_example.egg-info/top_level.txt
writing manifest file '../../build/action_example/action_example.egg-info/SOURCES.txt'
reading manifest file '../../build/action_example/action_example.egg-info/SOURCES.txt'
writing manifest file '../../build/action_example/action_example.egg-info/SOURCES.txt'
running build
running build_py
creating /home/ro/ros2_ws/build/action_example/build
creating /home/ro/ros2_ws/build/action_example/build/lib
creating /home/ro/ros2_ws/build/action_example/build/lib/action_example
copying action_example/__init__.py -> /home/ro/ros2_ws/build/action_example/build/lib/action_example
copying action_example/action_node_example.py -> /home/ro/ros2_ws/build/action_example/build/lib/action_example
running install
running install_lib
creating /home/ro/ros2_ws/install/action_example/lib/python3.8/site-packages/action_example
copying /home/ro/ros2_ws/build/action_example/build/lib/action_example/__init__.py -> /home/ro/ros2_ws/install/action_example/lib/python3.8/site-packages/action_example
copying /home/ro/ros2_ws/build/action_example/build/lib/action_example/action_node_example.py -> /home/ro/ros2_ws/install/action_example/lib/python3.8/site-packages/action_example
byte-compiling /home/ro/ros2_ws/install/action_example/lib/python3.8/site-packages/action_example/__init__.py to __init__.cpython-38.pyc
byte-compiling /home/ro/ros2_ws/install/action_example/lib/python3.8/site-packages/action_example/action_node_example.py to action_node_example.cpython-38.pyc
running install_data
creating /home/ro/ros2_ws/install/action_example/share/ament_index
creating /home/ro/ros2_ws/install/action_example/share/ament_index/resource_index
creating /home/ro/ros2_ws/install/action_example/share/ament_index/resource_index/packages
copying resource/action_example -> /home/ro/ros2_ws/install/action_example/share/ament_index/resource_index/packages
copying package.xml -> /home/ro/ros2_ws/install/action_example/share/action_example
running install_egg_info
Copying ../../build/action_example/action_example.egg-info to /home/ro/ros2_ws/install/action_example/lib/python3.8/site-packages/action_example-0.0.0-py3.8.egg-info
running install_scripts
writing list of installed files to '/home/ro/ros2_ws/build/action_example/install.log'
