[1.515s] Invoking command in '/home/ro/ros2_ws/src/action_example': PYTHONPATH=/home/ro/ros2_ws/build/action_example/prefix_override:/home/ro/ros2_ws/install/action_example/lib/python3.8/site-packages:${PYTHONPATH} /usr/bin/python3 -W ignore:setup.py install is deprecated setup.py egg_info --egg-base ../../build/action_example build --build-base /home/ro/ros2_ws/build/action_example/build install --record /home/ro/ros2_ws/build/action_example/install.log --install-scripts $base/lib/action_example --single-version-externally-managed install_data
[1.669s] running egg_info
[1.669s] creating ../../build/action_example/action_example.egg-info
[1.670s] writing ../../build/action_example/action_example.egg-info/PKG-INFO
[1.672s] writing dependency_links to ../../build/action_example/action_example.egg-info/dependency_links.txt
[1.673s] writing entry points to ../../build/action_example/action_example.egg-info/entry_points.txt
[1.674s] writing requirements to ../../build/action_example/action_example.egg-info/requires.txt
[1.675s] writing top-level names to ../../build/action_example/action_example.egg-info/top_level.txt
[1.680s] writing manifest file '../../build/action_example/action_example.egg-info/SOURCES.txt'
[1.702s] reading manifest file '../../build/action_example/action_example.egg-info/SOURCES.txt'
[1.702s] writing manifest file '../../build/action_example/action_example.egg-info/SOURCES.txt'
[1.703s] running build
[1.703s] running build_py
[1.703s] creating /home/ro/ros2_ws/build/action_example/build
[1.704s] creating /home/ro/ros2_ws/build/action_example/build/lib
[1.704s] creating /home/ro/ros2_ws/build/action_example/build/lib/action_example
[1.704s] copying action_example/__init__.py -> /home/ro/ros2_ws/build/action_example/build/lib/action_example
[1.705s] copying action_example/action_node_example.py -> /home/ro/ros2_ws/build/action_example/build/lib/action_example
[1.705s] running install
[1.706s] running install_lib
[1.708s] creating /home/ro/ros2_ws/install/action_example/lib/python3.8/site-packages/action_example
[1.708s] copying /home/ro/ros2_ws/build/action_example/build/lib/action_example/__init__.py -> /home/ro/ros2_ws/install/action_example/lib/python3.8/site-packages/action_example
[1.709s] copying /home/ro/ros2_ws/build/action_example/build/lib/action_example/action_node_example.py -> /home/ro/ros2_ws/install/action_example/lib/python3.8/site-packages/action_example
[1.710s] byte-compiling /home/ro/ros2_ws/install/action_example/lib/python3.8/site-packages/action_example/__init__.py to __init__.cpython-38.pyc
[1.711s] byte-compiling /home/ro/ros2_ws/install/action_example/lib/python3.8/site-packages/action_example/action_node_example.py to action_node_example.cpython-38.pyc
[1.711s] running install_data
[1.712s] creating /home/ro/ros2_ws/install/action_example/share/ament_index
[1.712s] creating /home/ro/ros2_ws/install/action_example/share/ament_index/resource_index
[1.712s] creating /home/ro/ros2_ws/install/action_example/share/ament_index/resource_index/packages
[1.712s] copying resource/action_example -> /home/ro/ros2_ws/install/action_example/share/ament_index/resource_index/packages
[1.713s] copying package.xml -> /home/ro/ros2_ws/install/action_example/share/action_example
[1.713s] running install_egg_info
[1.715s] Copying ../../build/action_example/action_example.egg-info to /home/ro/ros2_ws/install/action_example/lib/python3.8/site-packages/action_example-0.0.0-py3.8.egg-info
[1.717s] running install_scripts
[1.741s] writing list of installed files to '/home/ro/ros2_ws/build/action_example/install.log'
[1.758s] Invoked command in '/home/ro/ros2_ws/src/action_example' returned '0': PYTHONPATH=/home/ro/ros2_ws/build/action_example/prefix_override:/home/ro/ros2_ws/install/action_example/lib/python3.8/site-packages:${PYTHONPATH} /usr/bin/python3 -W ignore:setup.py install is deprecated setup.py egg_info --egg-base ../../build/action_example build --build-base /home/ro/ros2_ws/build/action_example/build install --record /home/ro/ros2_ws/build/action_example/install.log --install-scripts $base/lib/action_example --single-version-externally-managed install_data
