[0.464s] Invoking command in '/home/ro/ros2_ws/src/py_pubsub': PYTHONPATH=/home/ro/ros2_ws/build/py_pubsub/prefix_override:/home/ro/ros2_ws/install/py_pubsub/lib/python3.8/site-packages:${PYTHONPATH} /usr/bin/python3 -W ignore:setup.py install is deprecated setup.py egg_info --egg-base ../../build/py_pubsub build --build-base /home/ro/ros2_ws/build/py_pubsub/build install --record /home/ro/ros2_ws/build/py_pubsub/install.log --install-scripts $base/lib/py_pubsub --single-version-externally-managed install_data
[0.603s] running egg_info
[0.604s] writing ../../build/py_pubsub/py_pubsub.egg-info/PKG-INFO
[0.604s] writing dependency_links to ../../build/py_pubsub/py_pubsub.egg-info/dependency_links.txt
[0.605s] writing entry points to ../../build/py_pubsub/py_pubsub.egg-info/entry_points.txt
[0.605s] writing requirements to ../../build/py_pubsub/py_pubsub.egg-info/requires.txt
[0.605s] writing top-level names to ../../build/py_pubsub/py_pubsub.egg-info/top_level.txt
[0.633s] reading manifest file '../../build/py_pubsub/py_pubsub.egg-info/SOURCES.txt'
[0.633s] writing manifest file '../../build/py_pubsub/py_pubsub.egg-info/SOURCES.txt'
[0.634s] running build
[0.634s] running build_py
[0.634s] copying py_pubsub/subscriber_member_function.py -> /home/ro/ros2_ws/build/py_pubsub/build/lib/py_pubsub
[0.634s] copying py_pubsub/publisher_member_function.py -> /home/ro/ros2_ws/build/py_pubsub/build/lib/py_pubsub
[0.635s] running install
[0.635s] running install_lib
[0.636s] copying /home/ro/ros2_ws/build/py_pubsub/build/lib/py_pubsub/subscriber_member_function.py -> /home/ro/ros2_ws/install/py_pubsub/lib/python3.8/site-packages/py_pubsub
[0.636s] copying /home/ro/ros2_ws/build/py_pubsub/build/lib/py_pubsub/publisher_member_function.py -> /home/ro/ros2_ws/install/py_pubsub/lib/python3.8/site-packages/py_pubsub
[0.637s] byte-compiling /home/ro/ros2_ws/install/py_pubsub/lib/python3.8/site-packages/py_pubsub/subscriber_member_function.py to subscriber_member_function.cpython-38.pyc
[0.638s] byte-compiling /home/ro/ros2_ws/install/py_pubsub/lib/python3.8/site-packages/py_pubsub/publisher_member_function.py to publisher_member_function.cpython-38.pyc
[0.639s] running install_data
[0.639s] running install_egg_info
[0.640s] removing '/home/ro/ros2_ws/install/py_pubsub/lib/python3.8/site-packages/py_pubsub-0.0.0-py3.8.egg-info' (and everything under it)
[0.641s] Copying ../../build/py_pubsub/py_pubsub.egg-info to /home/ro/ros2_ws/install/py_pubsub/lib/python3.8/site-packages/py_pubsub-0.0.0-py3.8.egg-info
[0.641s] running install_scripts
[0.656s] Installing listener script to /home/ro/ros2_ws/install/py_pubsub/lib/py_pubsub
[0.656s] Installing talker script to /home/ro/ros2_ws/install/py_pubsub/lib/py_pubsub
[0.657s] writing list of installed files to '/home/ro/ros2_ws/build/py_pubsub/install.log'
[0.673s] Invoked command in '/home/ro/ros2_ws/src/py_pubsub' returned '0': PYTHONPATH=/home/ro/ros2_ws/build/py_pubsub/prefix_override:/home/ro/ros2_ws/install/py_pubsub/lib/python3.8/site-packages:${PYTHONPATH} /usr/bin/python3 -W ignore:setup.py install is deprecated setup.py egg_info --egg-base ../../build/py_pubsub build --build-base /home/ro/ros2_ws/build/py_pubsub/build install --record /home/ro/ros2_ws/build/py_pubsub/install.log --install-scripts $base/lib/py_pubsub --single-version-externally-managed install_data
