[1.550s] DEBUG:colcon:Command line arguments: ['/usr/bin/colcon', 'list', '-p', '--base-paths', '/home/ro/ros2_ws']
[1.550s] DEBUG:colcon:Parsed command line arguments: Namespace(allow_overriding=[], base_paths=['/home/ro/ros2_ws'], build_base='build', ignore_user_meta=False, log_base=None, log_level=None, main=<bound method ListVerb.main of <colcon_package_information.verb.list.ListVerb object at 0x7f8a0a0b0d90>>, metas=['./colcon.meta'], names_only=False, packages_above=None, packages_above_and_dependencies=None, packages_above_depth=None, packages_end=None, packages_ignore=None, packages_ignore_regex=None, packages_select=None, packages_select_build_failed=False, packages_select_by_dep=None, packages_select_regex=None, packages_select_test_failures=False, packages_skip=None, packages_skip_build_finished=False, packages_skip_by_dep=None, packages_skip_regex=None, packages_skip_test_passed=False, packages_skip_up_to=None, packages_start=None, packages_up_to=None, packages_up_to_regex=None, paths=None, paths_only=True, topological_graph=False, topological_graph_density=False, topological_graph_dot=False, topological_graph_dot_cluster=False, topological_graph_dot_include_skipped=False, topological_graph_legend=False, topological_order=False, verb_extension=<colcon_package_information.verb.list.ListVerb object at 0x7f8a0a0b0d90>, verb_name='list', verb_parser=<colcon_defaults.argument_parser.defaults.DefaultArgumentsDecorator object at 0x7f8a0a0c2c10>)
[1.730s] Level 1:colcon.colcon_core.package_discovery:discover_packages(colcon_meta) check parameters
[1.730s] Level 1:colcon.colcon_core.package_discovery:discover_packages(recursive) check parameters
[1.730s] Level 1:colcon.colcon_core.package_discovery:discover_packages(ignore) check parameters
[1.730s] Level 1:colcon.colcon_core.package_discovery:discover_packages(path) check parameters
[1.731s] Level 1:colcon.colcon_core.package_discovery:discover_packages(recursive) discover
[1.731s] INFO:colcon.colcon_core.package_discovery:Crawling recursively for packages in '/home/ro/ros2_ws'
[1.731s] Level 1:colcon.colcon_core.package_identification:_identify(/home/ro/ros2_ws) by extensions ['ignore', 'ignore_ament_install']
[1.731s] Level 1:colcon.colcon_core.package_identification:_identify(/home/ro/ros2_ws) by extension 'ignore'
[1.731s] Level 1:colcon.colcon_core.package_identification:_identify(/home/ro/ros2_ws) by extension 'ignore_ament_install'
[1.731s] Level 1:colcon.colcon_core.package_identification:_identify(/home/ro/ros2_ws) by extensions ['colcon_pkg']
[1.731s] Level 1:colcon.colcon_core.package_identification:_identify(/home/ro/ros2_ws) by extension 'colcon_pkg'
[1.731s] Level 1:colcon.colcon_core.package_identification:_identify(/home/ro/ros2_ws) by extensions ['colcon_meta']
[1.731s] Level 1:colcon.colcon_core.package_identification:_identify(/home/ro/ros2_ws) by extension 'colcon_meta'
[1.731s] Level 1:colcon.colcon_core.package_identification:_identify(/home/ro/ros2_ws) by extensions ['ros']
[1.731s] Level 1:colcon.colcon_core.package_identification:_identify(/home/ro/ros2_ws) by extension 'ros'
[1.743s] Level 1:colcon.colcon_core.package_identification:_identify(/home/ro/ros2_ws) by extensions ['cmake', 'python']
[1.743s] Level 1:colcon.colcon_core.package_identification:_identify(/home/ro/ros2_ws) by extension 'cmake'
[1.744s] Level 1:colcon.colcon_core.package_identification:_identify(/home/ro/ros2_ws) by extension 'python'
[1.744s] Level 1:colcon.colcon_core.package_identification:_identify(/home/ro/ros2_ws) by extensions ['python_setup_py']
[1.744s] Level 1:colcon.colcon_core.package_identification:_identify(/home/ro/ros2_ws) by extension 'python_setup_py'
[1.744s] Level 1:colcon.colcon_core.package_identification:_identify(/home/ro/ros2_ws/build) by extensions ['ignore', 'ignore_ament_install']
[1.744s] Level 1:colcon.colcon_core.package_identification:_identify(/home/ro/ros2_ws/build) by extension 'ignore'
[1.744s] Level 1:colcon.colcon_core.package_identification:_identify(/home/ro/ros2_ws/build) ignored
[1.744s] Level 1:colcon.colcon_core.package_identification:_identify(/home/ro/ros2_ws/install) by extensions ['ignore', 'ignore_ament_install']
[1.744s] Level 1:colcon.colcon_core.package_identification:_identify(/home/ro/ros2_ws/install) by extension 'ignore'
[1.744s] Level 1:colcon.colcon_core.package_identification:_identify(/home/ro/ros2_ws/install) ignored
[1.744s] Level 1:colcon.colcon_core.package_identification:_identify(/home/ro/ros2_ws/log) by extensions ['ignore', 'ignore_ament_install']
[1.744s] Level 1:colcon.colcon_core.package_identification:_identify(/home/ro/ros2_ws/log) by extension 'ignore'
[1.745s] Level 1:colcon.colcon_core.package_identification:_identify(/home/ro/ros2_ws/log) ignored
[1.745s] Level 1:colcon.colcon_core.package_identification:_identify(/home/ro/ros2_ws/src) by extensions ['ignore', 'ignore_ament_install']
[1.745s] Level 1:colcon.colcon_core.package_identification:_identify(/home/ro/ros2_ws/src) by extension 'ignore'
[1.745s] Level 1:colcon.colcon_core.package_identification:_identify(/home/ro/ros2_ws/src) by extension 'ignore_ament_install'
[1.745s] Level 1:colcon.colcon_core.package_identification:_identify(/home/ro/ros2_ws/src) by extensions ['colcon_pkg']
[1.745s] Level 1:colcon.colcon_core.package_identification:_identify(/home/ro/ros2_ws/src) by extension 'colcon_pkg'
[1.745s] Level 1:colcon.colcon_core.package_identification:_identify(/home/ro/ros2_ws/src) by extensions ['colcon_meta']
[1.745s] Level 1:colcon.colcon_core.package_identification:_identify(/home/ro/ros2_ws/src) by extension 'colcon_meta'
[1.745s] Level 1:colcon.colcon_core.package_identification:_identify(/home/ro/ros2_ws/src) by extensions ['ros']
[1.745s] Level 1:colcon.colcon_core.package_identification:_identify(/home/ro/ros2_ws/src) by extension 'ros'
[1.745s] Level 1:colcon.colcon_core.package_identification:_identify(/home/ro/ros2_ws/src) by extensions ['cmake', 'python']
[1.745s] Level 1:colcon.colcon_core.package_identification:_identify(/home/ro/ros2_ws/src) by extension 'cmake'
[1.745s] Level 1:colcon.colcon_core.package_identification:_identify(/home/ro/ros2_ws/src) by extension 'python'
[1.745s] Level 1:colcon.colcon_core.package_identification:_identify(/home/ro/ros2_ws/src) by extensions ['python_setup_py']
[1.745s] Level 1:colcon.colcon_core.package_identification:_identify(/home/ro/ros2_ws/src) by extension 'python_setup_py'
[1.745s] Level 1:colcon.colcon_core.package_identification:_identify(/home/ro/ros2_ws/src/action_example) by extensions ['ignore', 'ignore_ament_install']
[1.745s] Level 1:colcon.colcon_core.package_identification:_identify(/home/ro/ros2_ws/src/action_example) by extension 'ignore'
[1.746s] Level 1:colcon.colcon_core.package_identification:_identify(/home/ro/ros2_ws/src/action_example) by extension 'ignore_ament_install'
[1.746s] Level 1:colcon.colcon_core.package_identification:_identify(/home/ro/ros2_ws/src/action_example) by extensions ['colcon_pkg']
[1.746s] Level 1:colcon.colcon_core.package_identification:_identify(/home/ro/ros2_ws/src/action_example) by extension 'colcon_pkg'
[1.746s] Level 1:colcon.colcon_core.package_identification:_identify(/home/ro/ros2_ws/src/action_example) by extensions ['colcon_meta']
[1.746s] Level 1:colcon.colcon_core.package_identification:_identify(/home/ro/ros2_ws/src/action_example) by extension 'colcon_meta'
[1.746s] Level 1:colcon.colcon_core.package_identification:_identify(/home/ro/ros2_ws/src/action_example) by extensions ['ros']
[1.746s] Level 1:colcon.colcon_core.package_identification:_identify(/home/ro/ros2_ws/src/action_example) by extension 'ros'
[1.748s] DEBUG:colcon.colcon_core.package_identification:Package '/home/ro/ros2_ws/src/action_example' with type 'ros.ament_python' and name 'action_example'
[1.748s] Level 1:colcon.colcon_core.package_identification:_identify(/home/ro/ros2_ws/src/action_tutorials_interfaces) by extensions ['ignore', 'ignore_ament_install']
[1.748s] Level 1:colcon.colcon_core.package_identification:_identify(/home/ro/ros2_ws/src/action_tutorials_interfaces) by extension 'ignore'
[1.749s] Level 1:colcon.colcon_core.package_identification:_identify(/home/ro/ros2_ws/src/action_tutorials_interfaces) by extension 'ignore_ament_install'
[1.749s] Level 1:colcon.colcon_core.package_identification:_identify(/home/ro/ros2_ws/src/action_tutorials_interfaces) by extensions ['colcon_pkg']
[1.749s] Level 1:colcon.colcon_core.package_identification:_identify(/home/ro/ros2_ws/src/action_tutorials_interfaces) by extension 'colcon_pkg'
[1.749s] Level 1:colcon.colcon_core.package_identification:_identify(/home/ro/ros2_ws/src/action_tutorials_interfaces) by extensions ['colcon_meta']
[1.749s] Level 1:colcon.colcon_core.package_identification:_identify(/home/ro/ros2_ws/src/action_tutorials_interfaces) by extension 'colcon_meta'
[1.749s] Level 1:colcon.colcon_core.package_identification:_identify(/home/ro/ros2_ws/src/action_tutorials_interfaces) by extensions ['ros']
[1.749s] Level 1:colcon.colcon_core.package_identification:_identify(/home/ro/ros2_ws/src/action_tutorials_interfaces) by extension 'ros'
[1.749s] DEBUG:colcon.colcon_core.package_identification:Package '/home/ro/ros2_ws/src/action_tutorials_interfaces' with type 'ros.ament_cmake' and name 'action_tutorials_interfaces'
[1.749s] Level 1:colcon.colcon_core.package_identification:_identify(/home/ro/ros2_ws/src/py_pubsub) by extensions ['ignore', 'ignore_ament_install']
[1.749s] Level 1:colcon.colcon_core.package_identification:_identify(/home/ro/ros2_ws/src/py_pubsub) by extension 'ignore'
[1.750s] Level 1:colcon.colcon_core.package_identification:_identify(/home/ro/ros2_ws/src/py_pubsub) by extension 'ignore_ament_install'
[1.750s] Level 1:colcon.colcon_core.package_identification:_identify(/home/ro/ros2_ws/src/py_pubsub) by extensions ['colcon_pkg']
[1.750s] Level 1:colcon.colcon_core.package_identification:_identify(/home/ro/ros2_ws/src/py_pubsub) by extension 'colcon_pkg'
[1.750s] Level 1:colcon.colcon_core.package_identification:_identify(/home/ro/ros2_ws/src/py_pubsub) by extensions ['colcon_meta']
[1.750s] Level 1:colcon.colcon_core.package_identification:_identify(/home/ro/ros2_ws/src/py_pubsub) by extension 'colcon_meta'
[1.750s] Level 1:colcon.colcon_core.package_identification:_identify(/home/ro/ros2_ws/src/py_pubsub) by extensions ['ros']
[1.750s] Level 1:colcon.colcon_core.package_identification:_identify(/home/ro/ros2_ws/src/py_pubsub) by extension 'ros'
[1.750s] DEBUG:colcon.colcon_core.package_identification:Package '/home/ro/ros2_ws/src/py_pubsub' with type 'ros.ament_python' and name 'py_pubsub'
[1.750s] Level 1:colcon.colcon_core.package_identification:_identify(/home/ro/ros2_ws/src/py_srvcli) by extensions ['ignore', 'ignore_ament_install']
[1.750s] Level 1:colcon.colcon_core.package_identification:_identify(/home/ro/ros2_ws/src/py_srvcli) by extension 'ignore'
[1.751s] Level 1:colcon.colcon_core.package_identification:_identify(/home/ro/ros2_ws/src/py_srvcli) by extension 'ignore_ament_install'
[1.751s] Level 1:colcon.colcon_core.package_identification:_identify(/home/ro/ros2_ws/src/py_srvcli) by extensions ['colcon_pkg']
[1.751s] Level 1:colcon.colcon_core.package_identification:_identify(/home/ro/ros2_ws/src/py_srvcli) by extension 'colcon_pkg'
[1.751s] Level 1:colcon.colcon_core.package_identification:_identify(/home/ro/ros2_ws/src/py_srvcli) by extensions ['colcon_meta']
[1.751s] Level 1:colcon.colcon_core.package_identification:_identify(/home/ro/ros2_ws/src/py_srvcli) by extension 'colcon_meta'
[1.751s] Level 1:colcon.colcon_core.package_identification:_identify(/home/ro/ros2_ws/src/py_srvcli) by extensions ['ros']
[1.751s] Level 1:colcon.colcon_core.package_identification:_identify(/home/ro/ros2_ws/src/py_srvcli) by extension 'ros'
[1.751s] DEBUG:colcon.colcon_core.package_identification:Package '/home/ro/ros2_ws/src/py_srvcli' with type 'ros.ament_python' and name 'py_srvcli'
[1.752s] Level 1:colcon.colcon_core.package_identification:_identify(/home/ro/ros2_ws/src/sec_pkg) by extensions ['ignore', 'ignore_ament_install']
[1.752s] Level 1:colcon.colcon_core.package_identification:_identify(/home/ro/ros2_ws/src/sec_pkg) by extension 'ignore'
[1.752s] Level 1:colcon.colcon_core.package_identification:_identify(/home/ro/ros2_ws/src/sec_pkg) by extension 'ignore_ament_install'
[1.752s] Level 1:colcon.colcon_core.package_identification:_identify(/home/ro/ros2_ws/src/sec_pkg) by extensions ['colcon_pkg']
[1.752s] Level 1:colcon.colcon_core.package_identification:_identify(/home/ro/ros2_ws/src/sec_pkg) by extension 'colcon_pkg'
[1.752s] Level 1:colcon.colcon_core.package_identification:_identify(/home/ro/ros2_ws/src/sec_pkg) by extensions ['colcon_meta']
[1.752s] Level 1:colcon.colcon_core.package_identification:_identify(/home/ro/ros2_ws/src/sec_pkg) by extension 'colcon_meta'
[1.752s] Level 1:colcon.colcon_core.package_identification:_identify(/home/ro/ros2_ws/src/sec_pkg) by extensions ['ros']
[1.752s] Level 1:colcon.colcon_core.package_identification:_identify(/home/ro/ros2_ws/src/sec_pkg) by extension 'ros'
[1.752s] DEBUG:colcon.colcon_core.package_identification:Package '/home/ro/ros2_ws/src/sec_pkg' with type 'ros.ament_python' and name 'sec_pkg'
[1.753s] Level 1:colcon.colcon_core.package_identification:_identify(/home/ro/ros2_ws/src/test_pkg) by extensions ['ignore', 'ignore_ament_install']
[1.753s] Level 1:colcon.colcon_core.package_identification:_identify(/home/ro/ros2_ws/src/test_pkg) by extension 'ignore'
[1.753s] Level 1:colcon.colcon_core.package_identification:_identify(/home/ro/ros2_ws/src/test_pkg) by extension 'ignore_ament_install'
[1.753s] Level 1:colcon.colcon_core.package_identification:_identify(/home/ro/ros2_ws/src/test_pkg) by extensions ['colcon_pkg']
[1.753s] Level 1:colcon.colcon_core.package_identification:_identify(/home/ro/ros2_ws/src/test_pkg) by extension 'colcon_pkg'
[1.753s] Level 1:colcon.colcon_core.package_identification:_identify(/home/ro/ros2_ws/src/test_pkg) by extensions ['colcon_meta']
[1.753s] Level 1:colcon.colcon_core.package_identification:_identify(/home/ro/ros2_ws/src/test_pkg) by extension 'colcon_meta'
[1.753s] Level 1:colcon.colcon_core.package_identification:_identify(/home/ro/ros2_ws/src/test_pkg) by extensions ['ros']
[1.753s] Level 1:colcon.colcon_core.package_identification:_identify(/home/ro/ros2_ws/src/test_pkg) by extension 'ros'
[1.754s] DEBUG:colcon.colcon_core.package_identification:Package '/home/ro/ros2_ws/src/test_pkg' with type 'ros.ament_python' and name 'test_pkg'
[1.754s] Level 1:colcon.colcon_core.package_identification:_identify(/home/ro/ros2_ws/src/tutorial_interfaces) by extensions ['ignore', 'ignore_ament_install']
[1.754s] Level 1:colcon.colcon_core.package_identification:_identify(/home/ro/ros2_ws/src/tutorial_interfaces) by extension 'ignore'
[1.754s] Level 1:colcon.colcon_core.package_identification:_identify(/home/ro/ros2_ws/src/tutorial_interfaces) by extension 'ignore_ament_install'
[1.754s] Level 1:colcon.colcon_core.package_identification:_identify(/home/ro/ros2_ws/src/tutorial_interfaces) by extensions ['colcon_pkg']
[1.754s] Level 1:colcon.colcon_core.package_identification:_identify(/home/ro/ros2_ws/src/tutorial_interfaces) by extension 'colcon_pkg'
[1.754s] Level 1:colcon.colcon_core.package_identification:_identify(/home/ro/ros2_ws/src/tutorial_interfaces) by extensions ['colcon_meta']
[1.754s] Level 1:colcon.colcon_core.package_identification:_identify(/home/ro/ros2_ws/src/tutorial_interfaces) by extension 'colcon_meta'
[1.754s] Level 1:colcon.colcon_core.package_identification:_identify(/home/ro/ros2_ws/src/tutorial_interfaces) by extensions ['ros']
[1.754s] Level 1:colcon.colcon_core.package_identification:_identify(/home/ro/ros2_ws/src/tutorial_interfaces) by extension 'ros'
[1.755s] DEBUG:colcon.colcon_core.package_identification:Package '/home/ro/ros2_ws/src/tutorial_interfaces' with type 'ros.ament_cmake' and name 'tutorial_interfaces'
[1.755s] Level 1:colcon.colcon_core.package_discovery:discover_packages(recursive) using defaults
