[0.838s] Invoking command in '/home/ro/ros2_ws/src/py_srvcli': PYTHONPATH=/home/ro/ros2_ws/build/py_srvcli/prefix_override:/home/ro/ros2_ws/install/py_srvcli/lib/python3.8/site-packages:${PYTHONPATH} /usr/bin/python3 -W ignore:setup.py install is deprecated setup.py egg_info --egg-base ../../build/py_srvcli build --build-base /home/ro/ros2_ws/build/py_srvcli/build install --record /home/ro/ros2_ws/build/py_srvcli/install.log --install-scripts $base/lib/py_srvcli --single-version-externally-managed install_data
[1.051s] running egg_info
[1.052s] writing ../../build/py_srvcli/py_srvcli.egg-info/PKG-INFO
[1.052s] writing dependency_links to ../../build/py_srvcli/py_srvcli.egg-info/dependency_links.txt
[1.053s] writing entry points to ../../build/py_srvcli/py_srvcli.egg-info/entry_points.txt
[1.053s] writing requirements to ../../build/py_srvcli/py_srvcli.egg-info/requires.txt
[1.053s] writing top-level names to ../../build/py_srvcli/py_srvcli.egg-info/top_level.txt
[1.080s] reading manifest file '../../build/py_srvcli/py_srvcli.egg-info/SOURCES.txt'
[1.081s] writing manifest file '../../build/py_srvcli/py_srvcli.egg-info/SOURCES.txt'
[1.081s] running build
[1.081s] running build_py
[1.081s] copying py_srvcli/service_member_function.py -> /home/ro/ros2_ws/build/py_srvcli/build/lib/py_srvcli
[1.082s] copying py_srvcli/client_member_function.py -> /home/ro/ros2_ws/build/py_srvcli/build/lib/py_srvcli
[1.082s] running install
[1.082s] running install_lib
[1.083s] copying /home/ro/ros2_ws/build/py_srvcli/build/lib/py_srvcli/service_member_function.py -> /home/ro/ros2_ws/install/py_srvcli/lib/python3.8/site-packages/py_srvcli
[1.083s] copying /home/ro/ros2_ws/build/py_srvcli/build/lib/py_srvcli/client_member_function.py -> /home/ro/ros2_ws/install/py_srvcli/lib/python3.8/site-packages/py_srvcli
[1.084s] byte-compiling /home/ro/ros2_ws/install/py_srvcli/lib/python3.8/site-packages/py_srvcli/service_member_function.py to service_member_function.cpython-38.pyc
[1.085s] byte-compiling /home/ro/ros2_ws/install/py_srvcli/lib/python3.8/site-packages/py_srvcli/client_member_function.py to client_member_function.cpython-38.pyc
[1.086s] running install_data
[1.086s] copying package.xml -> /home/ro/ros2_ws/install/py_srvcli/share/py_srvcli
[1.086s] running install_egg_info
[1.088s] removing '/home/ro/ros2_ws/install/py_srvcli/lib/python3.8/site-packages/py_srvcli-0.0.0-py3.8.egg-info' (and everything under it)
[1.088s] Copying ../../build/py_srvcli/py_srvcli.egg-info to /home/ro/ros2_ws/install/py_srvcli/lib/python3.8/site-packages/py_srvcli-0.0.0-py3.8.egg-info
[1.089s] running install_scripts
[1.120s] Installing client script to /home/ro/ros2_ws/install/py_srvcli/lib/py_srvcli
[1.121s] Installing service script to /home/ro/ros2_ws/install/py_srvcli/lib/py_srvcli
[1.121s] writing list of installed files to '/home/ro/ros2_ws/build/py_srvcli/install.log'
[1.142s] Invoked command in '/home/ro/ros2_ws/src/py_srvcli' returned '0': PYTHONPATH=/home/ro/ros2_ws/build/py_srvcli/prefix_override:/home/ro/ros2_ws/install/py_srvcli/lib/python3.8/site-packages:${PYTHONPATH} /usr/bin/python3 -W ignore:setup.py install is deprecated setup.py egg_info --egg-base ../../build/py_srvcli build --build-base /home/ro/ros2_ws/build/py_srvcli/build install --record /home/ro/ros2_ws/build/py_srvcli/install.log --install-scripts $base/lib/py_srvcli --single-version-externally-managed install_data
