[0.745s] Invoking command in '/home/ro/ros2_ws/src/py_srvcli': PYTHONPATH=/home/ro/ros2_ws/build/py_srvcli/prefix_override:/home/ro/ros2_ws/install/py_srvcli/lib/python3.8/site-packages:${PYTHONPATH} /usr/bin/python3 -W ignore:setup.py install is deprecated setup.py egg_info --egg-base ../../build/py_srvcli build --build-base /home/ro/ros2_ws/build/py_srvcli/build install --record /home/ro/ros2_ws/build/py_srvcli/install.log --install-scripts $base/lib/py_srvcli --single-version-externally-managed install_data
[0.918s] running egg_info
[0.919s] creating ../../build/py_srvcli/py_srvcli.egg-info
[0.919s] writing ../../build/py_srvcli/py_srvcli.egg-info/PKG-INFO
[0.919s] writing dependency_links to ../../build/py_srvcli/py_srvcli.egg-info/dependency_links.txt
[0.920s] writing entry points to ../../build/py_srvcli/py_srvcli.egg-info/entry_points.txt
[0.920s] writing requirements to ../../build/py_srvcli/py_srvcli.egg-info/requires.txt
[0.920s] writing top-level names to ../../build/py_srvcli/py_srvcli.egg-info/top_level.txt
[0.933s] writing manifest file '../../build/py_srvcli/py_srvcli.egg-info/SOURCES.txt'
[0.958s] reading manifest file '../../build/py_srvcli/py_srvcli.egg-info/SOURCES.txt'
[0.958s] writing manifest file '../../build/py_srvcli/py_srvcli.egg-info/SOURCES.txt'
[0.958s] running build
[0.959s] running build_py
[0.959s] creating /home/ro/ros2_ws/build/py_srvcli/build
[0.959s] creating /home/ro/ros2_ws/build/py_srvcli/build/lib
[0.959s] creating /home/ro/ros2_ws/build/py_srvcli/build/lib/py_srvcli
[0.959s] copying py_srvcli/service_member_function.py -> /home/ro/ros2_ws/build/py_srvcli/build/lib/py_srvcli
[0.959s] copying py_srvcli/client_member_function.py -> /home/ro/ros2_ws/build/py_srvcli/build/lib/py_srvcli
[0.959s] copying py_srvcli/__init__.py -> /home/ro/ros2_ws/build/py_srvcli/build/lib/py_srvcli
[0.959s] running install
[0.964s] running install_lib
[0.965s] creating /home/ro/ros2_ws/install/py_srvcli/lib/python3.8/site-packages/py_srvcli
[0.966s] copying /home/ro/ros2_ws/build/py_srvcli/build/lib/py_srvcli/service_member_function.py -> /home/ro/ros2_ws/install/py_srvcli/lib/python3.8/site-packages/py_srvcli
[0.966s] copying /home/ro/ros2_ws/build/py_srvcli/build/lib/py_srvcli/client_member_function.py -> /home/ro/ros2_ws/install/py_srvcli/lib/python3.8/site-packages/py_srvcli
[0.967s] copying /home/ro/ros2_ws/build/py_srvcli/build/lib/py_srvcli/__init__.py -> /home/ro/ros2_ws/install/py_srvcli/lib/python3.8/site-packages/py_srvcli
[0.968s] byte-compiling /home/ro/ros2_ws/install/py_srvcli/lib/python3.8/site-packages/py_srvcli/service_member_function.py to service_member_function.cpython-38.pyc
[0.970s] byte-compiling /home/ro/ros2_ws/install/py_srvcli/lib/python3.8/site-packages/py_srvcli/client_member_function.py to client_member_function.cpython-38.pyc
[0.972s] byte-compiling /home/ro/ros2_ws/install/py_srvcli/lib/python3.8/site-packages/py_srvcli/__init__.py to __init__.cpython-38.pyc
[0.972s] running install_data
[0.972s] creating /home/ro/ros2_ws/install/py_srvcli/share/ament_index
[0.972s] creating /home/ro/ros2_ws/install/py_srvcli/share/ament_index/resource_index
[0.972s] creating /home/ro/ros2_ws/install/py_srvcli/share/ament_index/resource_index/packages
[0.972s] copying resource/py_srvcli -> /home/ro/ros2_ws/install/py_srvcli/share/ament_index/resource_index/packages
[0.973s] copying package.xml -> /home/ro/ros2_ws/install/py_srvcli/share/py_srvcli
[0.973s] running install_egg_info
[0.974s] Copying ../../build/py_srvcli/py_srvcli.egg-info to /home/ro/ros2_ws/install/py_srvcli/lib/python3.8/site-packages/py_srvcli-0.0.0-py3.8.egg-info
[0.977s] running install_scripts
[0.994s] Installing client script to /home/ro/ros2_ws/install/py_srvcli/lib/py_srvcli
[0.995s] Installing service script to /home/ro/ros2_ws/install/py_srvcli/lib/py_srvcli
[0.996s] writing list of installed files to '/home/ro/ros2_ws/build/py_srvcli/install.log'
[1.020s] Invoked command in '/home/ro/ros2_ws/src/py_srvcli' returned '0': PYTHONPATH=/home/ro/ros2_ws/build/py_srvcli/prefix_override:/home/ro/ros2_ws/install/py_srvcli/lib/python3.8/site-packages:${PYTHONPATH} /usr/bin/python3 -W ignore:setup.py install is deprecated setup.py egg_info --egg-base ../../build/py_srvcli build --build-base /home/ro/ros2_ws/build/py_srvcli/build install --record /home/ro/ros2_ws/build/py_srvcli/install.log --install-scripts $base/lib/py_srvcli --single-version-externally-managed install_data
