[1.384s] DEBUG:colcon:Command line arguments: ['/usr/bin/colcon', 'list', '-p', '--base-paths', '/home/ro/ros2_ws']
[1.384s] DEBUG:colcon:Parsed command line arguments: Namespace(allow_overriding=[], base_paths=['/home/ro/ros2_ws'], build_base='build', ignore_user_meta=False, log_base=None, log_level=None, main=<bound method ListVerb.main of <colcon_package_information.verb.list.ListVerb object at 0x7f137e6b7d90>>, metas=['./colcon.meta'], names_only=False, packages_above=None, packages_above_and_dependencies=None, packages_above_depth=None, packages_end=None, packages_ignore=None, packages_ignore_regex=None, packages_select=None, packages_select_build_failed=False, packages_select_by_dep=None, packages_select_regex=None, packages_select_test_failures=False, packages_skip=None, packages_skip_build_finished=False, packages_skip_by_dep=None, packages_skip_regex=None, packages_skip_test_passed=False, packages_skip_up_to=None, packages_start=None, packages_up_to=None, packages_up_to_regex=None, paths=None, paths_only=True, topological_graph=False, topological_graph_density=False, topological_graph_dot=False, topological_graph_dot_cluster=False, topological_graph_dot_include_skipped=False, topological_graph_legend=False, topological_order=False, verb_extension=<colcon_package_information.verb.list.ListVerb object at 0x7f137e6b7d90>, verb_name='list', verb_parser=<colcon_defaults.argument_parser.defaults.DefaultArgumentsDecorator object at 0x7f137e6c9c10>)
[1.778s] Level 1:colcon.colcon_core.package_discovery:discover_packages(colcon_meta) check parameters
[1.779s] Level 1:colcon.colcon_core.package_discovery:discover_packages(recursive) check parameters
[1.779s] Level 1:colcon.colcon_core.package_discovery:discover_packages(ignore) check parameters
[1.779s] Level 1:colcon.colcon_core.package_discovery:discover_packages(path) check parameters
[1.779s] Level 1:colcon.colcon_core.package_discovery:discover_packages(recursive) discover
[1.780s] INFO:colcon.colcon_core.package_discovery:Crawling recursively for packages in '/home/ro/ros2_ws'
[1.780s] Level 1:colcon.colcon_core.package_identification:_identify(/home/ro/ros2_ws) by extensions ['ignore', 'ignore_ament_install']
[1.781s] Level 1:colcon.colcon_core.package_identification:_identify(/home/ro/ros2_ws) by extension 'ignore'
[1.781s] Level 1:colcon.colcon_core.package_identification:_identify(/home/ro/ros2_ws) by extension 'ignore_ament_install'
[1.781s] Level 1:colcon.colcon_core.package_identification:_identify(/home/ro/ros2_ws) by extensions ['colcon_pkg']
[1.781s] Level 1:colcon.colcon_core.package_identification:_identify(/home/ro/ros2_ws) by extension 'colcon_pkg'
[1.781s] Level 1:colcon.colcon_core.package_identification:_identify(/home/ro/ros2_ws) by extensions ['colcon_meta']
[1.781s] Level 1:colcon.colcon_core.package_identification:_identify(/home/ro/ros2_ws) by extension 'colcon_meta'
[1.781s] Level 1:colcon.colcon_core.package_identification:_identify(/home/ro/ros2_ws) by extensions ['ros']
[1.781s] Level 1:colcon.colcon_core.package_identification:_identify(/home/ro/ros2_ws) by extension 'ros'
[1.800s] Level 1:colcon.colcon_core.package_identification:_identify(/home/ro/ros2_ws) by extensions ['cmake', 'python']
[1.800s] Level 1:colcon.colcon_core.package_identification:_identify(/home/ro/ros2_ws) by extension 'cmake'
[1.800s] Level 1:colcon.colcon_core.package_identification:_identify(/home/ro/ros2_ws) by extension 'python'
[1.800s] Level 1:colcon.colcon_core.package_identification:_identify(/home/ro/ros2_ws) by extensions ['python_setup_py']
[1.800s] Level 1:colcon.colcon_core.package_identification:_identify(/home/ro/ros2_ws) by extension 'python_setup_py'
[1.800s] Level 1:colcon.colcon_core.package_identification:_identify(/home/ro/ros2_ws/build) by extensions ['ignore', 'ignore_ament_install']
[1.800s] Level 1:colcon.colcon_core.package_identification:_identify(/home/ro/ros2_ws/build) by extension 'ignore'
[1.800s] Level 1:colcon.colcon_core.package_identification:_identify(/home/ro/ros2_ws/build) ignored
[1.801s] Level 1:colcon.colcon_core.package_identification:_identify(/home/ro/ros2_ws/install) by extensions ['ignore', 'ignore_ament_install']
[1.801s] Level 1:colcon.colcon_core.package_identification:_identify(/home/ro/ros2_ws/install) by extension 'ignore'
[1.801s] Level 1:colcon.colcon_core.package_identification:_identify(/home/ro/ros2_ws/install) ignored
[1.801s] Level 1:colcon.colcon_core.package_identification:_identify(/home/ro/ros2_ws/log) by extensions ['ignore', 'ignore_ament_install']
[1.801s] Level 1:colcon.colcon_core.package_identification:_identify(/home/ro/ros2_ws/log) by extension 'ignore'
[1.801s] Level 1:colcon.colcon_core.package_identification:_identify(/home/ro/ros2_ws/log) ignored
[1.801s] Level 1:colcon.colcon_core.package_identification:_identify(/home/ro/ros2_ws/src) by extensions ['ignore', 'ignore_ament_install']
[1.801s] Level 1:colcon.colcon_core.package_identification:_identify(/home/ro/ros2_ws/src) by extension 'ignore'
[1.801s] Level 1:colcon.colcon_core.package_identification:_identify(/home/ro/ros2_ws/src) by extension 'ignore_ament_install'
[1.801s] Level 1:colcon.colcon_core.package_identification:_identify(/home/ro/ros2_ws/src) by extensions ['colcon_pkg']
[1.801s] Level 1:colcon.colcon_core.package_identification:_identify(/home/ro/ros2_ws/src) by extension 'colcon_pkg'
[1.801s] Level 1:colcon.colcon_core.package_identification:_identify(/home/ro/ros2_ws/src) by extensions ['colcon_meta']
[1.801s] Level 1:colcon.colcon_core.package_identification:_identify(/home/ro/ros2_ws/src) by extension 'colcon_meta'
[1.801s] Level 1:colcon.colcon_core.package_identification:_identify(/home/ro/ros2_ws/src) by extensions ['ros']
[1.801s] Level 1:colcon.colcon_core.package_identification:_identify(/home/ro/ros2_ws/src) by extension 'ros'
[1.801s] Level 1:colcon.colcon_core.package_identification:_identify(/home/ro/ros2_ws/src) by extensions ['cmake', 'python']
[1.801s] Level 1:colcon.colcon_core.package_identification:_identify(/home/ro/ros2_ws/src) by extension 'cmake'
[1.801s] Level 1:colcon.colcon_core.package_identification:_identify(/home/ro/ros2_ws/src) by extension 'python'
[1.801s] Level 1:colcon.colcon_core.package_identification:_identify(/home/ro/ros2_ws/src) by extensions ['python_setup_py']
[1.801s] Level 1:colcon.colcon_core.package_identification:_identify(/home/ro/ros2_ws/src) by extension 'python_setup_py'
[1.802s] Level 1:colcon.colcon_core.package_identification:_identify(/home/ro/ros2_ws/src/action_example) by extensions ['ignore', 'ignore_ament_install']
[1.802s] Level 1:colcon.colcon_core.package_identification:_identify(/home/ro/ros2_ws/src/action_example) by extension 'ignore'
[1.802s] Level 1:colcon.colcon_core.package_identification:_identify(/home/ro/ros2_ws/src/action_example) by extension 'ignore_ament_install'
[1.802s] Level 1:colcon.colcon_core.package_identification:_identify(/home/ro/ros2_ws/src/action_example) by extensions ['colcon_pkg']
[1.802s] Level 1:colcon.colcon_core.package_identification:_identify(/home/ro/ros2_ws/src/action_example) by extension 'colcon_pkg'
[1.802s] Level 1:colcon.colcon_core.package_identification:_identify(/home/ro/ros2_ws/src/action_example) by extensions ['colcon_meta']
[1.802s] Level 1:colcon.colcon_core.package_identification:_identify(/home/ro/ros2_ws/src/action_example) by extension 'colcon_meta'
[1.802s] Level 1:colcon.colcon_core.package_identification:_identify(/home/ro/ros2_ws/src/action_example) by extensions ['ros']
[1.802s] Level 1:colcon.colcon_core.package_identification:_identify(/home/ro/ros2_ws/src/action_example) by extension 'ros'
[1.804s] DEBUG:colcon.colcon_core.package_identification:Package '/home/ro/ros2_ws/src/action_example' with type 'ros.ament_python' and name 'action_example'
[1.805s] Level 1:colcon.colcon_core.package_identification:_identify(/home/ro/ros2_ws/src/action_tutorials_interfaces) by extensions ['ignore', 'ignore_ament_install']
[1.805s] Level 1:colcon.colcon_core.package_identification:_identify(/home/ro/ros2_ws/src/action_tutorials_interfaces) by extension 'ignore'
[1.805s] Level 1:colcon.colcon_core.package_identification:_identify(/home/ro/ros2_ws/src/action_tutorials_interfaces) by extension 'ignore_ament_install'
[1.805s] Level 1:colcon.colcon_core.package_identification:_identify(/home/ro/ros2_ws/src/action_tutorials_interfaces) by extensions ['colcon_pkg']
[1.805s] Level 1:colcon.colcon_core.package_identification:_identify(/home/ro/ros2_ws/src/action_tutorials_interfaces) by extension 'colcon_pkg'
[1.805s] Level 1:colcon.colcon_core.package_identification:_identify(/home/ro/ros2_ws/src/action_tutorials_interfaces) by extensions ['colcon_meta']
[1.805s] Level 1:colcon.colcon_core.package_identification:_identify(/home/ro/ros2_ws/src/action_tutorials_interfaces) by extension 'colcon_meta'
[1.805s] Level 1:colcon.colcon_core.package_identification:_identify(/home/ro/ros2_ws/src/action_tutorials_interfaces) by extensions ['ros']
[1.805s] Level 1:colcon.colcon_core.package_identification:_identify(/home/ro/ros2_ws/src/action_tutorials_interfaces) by extension 'ros'
[1.806s] DEBUG:colcon.colcon_core.package_identification:Package '/home/ro/ros2_ws/src/action_tutorials_interfaces' with type 'ros.ament_cmake' and name 'action_tutorials_interfaces'
[1.819s] Level 1:colcon.colcon_core.package_identification:_identify(/home/ro/ros2_ws/src/py_pubsub) by extensions ['ignore', 'ignore_ament_install']
[1.819s] Level 1:colcon.colcon_core.package_identification:_identify(/home/ro/ros2_ws/src/py_pubsub) by extension 'ignore'
[1.819s] Level 1:colcon.colcon_core.package_identification:_identify(/home/ro/ros2_ws/src/py_pubsub) by extension 'ignore_ament_install'
[1.819s] Level 1:colcon.colcon_core.package_identification:_identify(/home/ro/ros2_ws/src/py_pubsub) by extensions ['colcon_pkg']
[1.819s] Level 1:colcon.colcon_core.package_identification:_identify(/home/ro/ros2_ws/src/py_pubsub) by extension 'colcon_pkg'
[1.819s] Level 1:colcon.colcon_core.package_identification:_identify(/home/ro/ros2_ws/src/py_pubsub) by extensions ['colcon_meta']
[1.819s] Level 1:colcon.colcon_core.package_identification:_identify(/home/ro/ros2_ws/src/py_pubsub) by extension 'colcon_meta'
[1.819s] Level 1:colcon.colcon_core.package_identification:_identify(/home/ro/ros2_ws/src/py_pubsub) by extensions ['ros']
[1.819s] Level 1:colcon.colcon_core.package_identification:_identify(/home/ro/ros2_ws/src/py_pubsub) by extension 'ros'
[1.819s] DEBUG:colcon.colcon_core.package_identification:Package '/home/ro/ros2_ws/src/py_pubsub' with type 'ros.ament_python' and name 'py_pubsub'
[1.820s] Level 1:colcon.colcon_core.package_identification:_identify(/home/ro/ros2_ws/src/py_srvcli) by extensions ['ignore', 'ignore_ament_install']
[1.820s] Level 1:colcon.colcon_core.package_identification:_identify(/home/ro/ros2_ws/src/py_srvcli) by extension 'ignore'
[1.820s] Level 1:colcon.colcon_core.package_identification:_identify(/home/ro/ros2_ws/src/py_srvcli) by extension 'ignore_ament_install'
[1.820s] Level 1:colcon.colcon_core.package_identification:_identify(/home/ro/ros2_ws/src/py_srvcli) by extensions ['colcon_pkg']
[1.820s] Level 1:colcon.colcon_core.package_identification:_identify(/home/ro/ros2_ws/src/py_srvcli) by extension 'colcon_pkg'
[1.820s] Level 1:colcon.colcon_core.package_identification:_identify(/home/ro/ros2_ws/src/py_srvcli) by extensions ['colcon_meta']
[1.820s] Level 1:colcon.colcon_core.package_identification:_identify(/home/ro/ros2_ws/src/py_srvcli) by extension 'colcon_meta'
[1.820s] Level 1:colcon.colcon_core.package_identification:_identify(/home/ro/ros2_ws/src/py_srvcli) by extensions ['ros']
[1.820s] Level 1:colcon.colcon_core.package_identification:_identify(/home/ro/ros2_ws/src/py_srvcli) by extension 'ros'
[1.820s] DEBUG:colcon.colcon_core.package_identification:Package '/home/ro/ros2_ws/src/py_srvcli' with type 'ros.ament_python' and name 'py_srvcli'
[1.820s] Level 1:colcon.colcon_core.package_identification:_identify(/home/ro/ros2_ws/src/sec_pkg) by extensions ['ignore', 'ignore_ament_install']
[1.820s] Level 1:colcon.colcon_core.package_identification:_identify(/home/ro/ros2_ws/src/sec_pkg) by extension 'ignore'
[1.820s] Level 1:colcon.colcon_core.package_identification:_identify(/home/ro/ros2_ws/src/sec_pkg) by extension 'ignore_ament_install'
[1.821s] Level 1:colcon.colcon_core.package_identification:_identify(/home/ro/ros2_ws/src/sec_pkg) by extensions ['colcon_pkg']
[1.821s] Level 1:colcon.colcon_core.package_identification:_identify(/home/ro/ros2_ws/src/sec_pkg) by extension 'colcon_pkg'
[1.821s] Level 1:colcon.colcon_core.package_identification:_identify(/home/ro/ros2_ws/src/sec_pkg) by extensions ['colcon_meta']
[1.821s] Level 1:colcon.colcon_core.package_identification:_identify(/home/ro/ros2_ws/src/sec_pkg) by extension 'colcon_meta'
[1.821s] Level 1:colcon.colcon_core.package_identification:_identify(/home/ro/ros2_ws/src/sec_pkg) by extensions ['ros']
[1.821s] Level 1:colcon.colcon_core.package_identification:_identify(/home/ro/ros2_ws/src/sec_pkg) by extension 'ros'
[1.829s] DEBUG:colcon.colcon_core.package_identification:Package '/home/ro/ros2_ws/src/sec_pkg' with type 'ros.ament_python' and name 'sec_pkg'
[1.829s] Level 1:colcon.colcon_core.package_identification:_identify(/home/ro/ros2_ws/src/test_pkg) by extensions ['ignore', 'ignore_ament_install']
[1.830s] Level 1:colcon.colcon_core.package_identification:_identify(/home/ro/ros2_ws/src/test_pkg) by extension 'ignore'
[1.830s] Level 1:colcon.colcon_core.package_identification:_identify(/home/ro/ros2_ws/src/test_pkg) by extension 'ignore_ament_install'
[1.830s] Level 1:colcon.colcon_core.package_identification:_identify(/home/ro/ros2_ws/src/test_pkg) by extensions ['colcon_pkg']
[1.830s] Level 1:colcon.colcon_core.package_identification:_identify(/home/ro/ros2_ws/src/test_pkg) by extension 'colcon_pkg'
[1.830s] Level 1:colcon.colcon_core.package_identification:_identify(/home/ro/ros2_ws/src/test_pkg) by extensions ['colcon_meta']
[1.830s] Level 1:colcon.colcon_core.package_identification:_identify(/home/ro/ros2_ws/src/test_pkg) by extension 'colcon_meta'
[1.830s] Level 1:colcon.colcon_core.package_identification:_identify(/home/ro/ros2_ws/src/test_pkg) by extensions ['ros']
[1.830s] Level 1:colcon.colcon_core.package_identification:_identify(/home/ro/ros2_ws/src/test_pkg) by extension 'ros'
[1.830s] DEBUG:colcon.colcon_core.package_identification:Package '/home/ro/ros2_ws/src/test_pkg' with type 'ros.ament_python' and name 'test_pkg'
[1.830s] Level 1:colcon.colcon_core.package_discovery:discover_packages(recursive) using defaults
